2026-03-30 14:40:27,505 - INFO - ============================================================
2026-03-30 14:40:27,505 - INFO - 🚀 AE Server v2.0 启动中...
2026-03-30 14:40:27,505 - INFO - ============================================================
2026-03-30 14:40:27,506 - INFO - ✅ 配置文件加载成功
2026-03-30 14:40:27,506 - WARNING - ⚠️ 环境变量未完整设置，尝试从 config.ini [BINANCE] 读取
2026-03-30 14:40:27,506 - WARNING - ⚠️ 未配置有效 API 密钥：以「仅界面模式」启动（可访问监控页；交易与行情类接口不可用，配置密钥后需重启）
2026-03-30 14:40:27,506 - INFO - 📦 初始化昨日数据缓存
2026-03-30 14:40:27,506 - WARNING - 🔕 未配置 API：跳过从交易所加载持仓
2026-03-30 14:40:27,506 - INFO - ✅ 策略引擎初始化完成
2026-03-30 14:40:27,506 - INFO -    杠杆: 3.0x, 单仓: 5%, 最大持仓: 10
2026-03-30 14:40:27,506 - INFO -    止盈: 33.0/21.0/11.0%, 止损: 18.0%
2026-03-30 14:40:27,506 - INFO -    24h涨幅平仓: False (阈值 6.30%) | 每小时单仓限制: False | 单次扫描最多开仓: 不限制
2026-03-30 14:40:27,506 - INFO -    BTC昨日阳线风控: 不建新仓=True | UTC日初一刀切空仓=True
2026-03-30 14:40:27,506 - INFO - ✅ 策略引擎初始化完成
2026-03-30 14:40:27,506 - INFO - 🔕 仅界面模式：跳过账户同步、止盈止损检查与 BTC 日级风控
2026-03-30 14:40:27,506 - INFO - ✅ Flask Web服务已启动: http://localhost:5002
2026-03-30 14:40:27,506 - INFO - 🚀 启动后台任务线程...
2026-03-30 14:40:27,506 - INFO - 📡 信号扫描线程已启动
2026-03-30 14:40:27,506 - INFO - ✅ 信号扫描线程已启动
2026-03-30 14:40:27,506 - INFO - 👁️ 持仓监控线程已启动
2026-03-30 14:40:27,506 - INFO - ✅ 持仓监控线程已启动
2026-03-30 14:40:27,506 - INFO - 📧 每日报告线程已启动
2026-03-30 14:40:27,506 - INFO - ✅ 每日报告线程已启动
2026-03-30 14:40:27,506 - INFO - ============================================================
2026-03-30 14:40:27,507 - INFO - 📋 使用说明:
2026-03-30 14:40:27,507 - INFO -   - 浏览器打开: http://localhost:5002
2026-03-30 14:40:27,507 - INFO -   - Web用户名: admin
2026-03-30 14:40:27,507 - INFO -   - Web密码: admin123
2026-03-30 14:40:27,507 - INFO -   - 外部访问: http://45.77.37.106:5002
2026-03-30 14:40:27,507 - INFO -   - API服务器(旧): http://localhost:5001
2026-03-30 14:40:27,507 - INFO -   - 停止程序: Ctrl+C
2026-03-30 14:40:27,507 - INFO - ============================================================
2026-03-30 14:40:27,519 - INFO - [31m[1mWARNING: This is a development server. Do not use it in a production deployment. Use a production WSGI server instead.[0m
 * Running on all addresses (0.0.0.0)
 * Running on http://127.0.0.1:5002
 * Running on http://198.19.0.1:5002
2026-03-30 14:40:27,519 - INFO - [33mPress CTRL+C to quit[0m
2026-03-30 14:40:52,525 - INFO - 127.0.0.1 - - [30/Mar/2026 14:40:52] "[31m[1mGET / HTTP/1.1[0m" 401 -
2026-03-30 14:41:05,406 - ERROR - Exception on / [GET]
Traceback (most recent call last):
  File "/Users/tony/Documents/crypto/ae/.venv/lib/python3.13/site-packages/flask/app.py", line 1511, in wsgi_app
    response = self.full_dispatch_request()
  File "/Users/tony/Documents/crypto/ae/.venv/lib/python3.13/site-packages/flask/app.py", line 919, in full_dispatch_request
    rv = self.handle_user_exception(e)
  File "/Users/tony/Documents/crypto/ae/.venv/lib/python3.13/site-packages/flask_cors/extension.py", line 176, in wrapped_function
    return cors_after_request(app.make_response(f(*args, **kwargs)))
                                                ~^^^^^^^^^^^^^^^^^
  File "/Users/tony/Documents/crypto/ae/.venv/lib/python3.13/site-packages/flask/app.py", line 917, in full_dispatch_request
    rv = self.dispatch_request()
  File "/Users/tony/Documents/crypto/ae/.venv/lib/python3.13/site-packages/flask/app.py", line 902, in dispatch_request
    return self.ensure_sync(self.view_functions[rule.endpoint])(**view_args)  # type: ignore[no-any-return]
           ~~~~~~~~~~~~~~~~~~~~~~~~~~~~~~~~~~~~~~~~~~~~~~~~~~~~^^^^^^^^^^^^^
  File "/Users/tony/Documents/crypto/ae/.venv/lib/python3.13/site-packages/flask_httpauth.py", line 235, in decorated
    return self.ensure_sync(f)(*args, **kwargs)
           ~~~~~~~~~~~~~~~~~~~^^^^^^^^^^^^^^^^^
  File "/Users/tony/Documents/crypto/ae/ae_server.py", line 3588, in index
    return render_template('monitor.html')
  File "/Users/tony/Documents/crypto/ae/.venv/lib/python3.13/site-packages/flask/templating.py", line 150, in render_template
    template = app.jinja_env.get_or_select_template(template_name_or_list)
  File "/Users/tony/Documents/crypto/ae/.venv/lib/python3.13/site-packages/jinja2/environment.py", line 1087, in get_or_select_template
    return self.get_template(template_name_or_list, parent, globals)
           ~~~~~~~~~~~~~~~~~^^^^^^^^^^^^^^^^^^^^^^^^^^^^^^^^^^^^^^^^
  File "/Users/tony/Documents/crypto/ae/.venv/lib/python3.13/site-packages/jinja2/environment.py", line 1016, in get_template
    return self._load_template(name, globals)
           ~~~~~~~~~~~~~~~~~~~^^^^^^^^^^^^^^^
  File "/Users/tony/Documents/crypto/ae/.venv/lib/python3.13/site-packages/jinja2/environment.py", line 975, in _load_template
    template = self.loader.load(self, name, self.make_globals(globals))
  File "/Users/tony/Documents/crypto/ae/.venv/lib/python3.13/site-packages/jinja2/loaders.py", line 126, in load
    source, filename, uptodate = self.get_source(environment, name)
                                 ~~~~~~~~~~~~~~~^^^^^^^^^^^^^^^^^^^
  File "/Users/tony/Documents/crypto/ae/.venv/lib/python3.13/site-packages/flask/templating.py", line 66, in get_source
    return self._get_source_fast(environment, template)
           ~~~~~~~~~~~~~~~~~~~~~^^^^^^^^^^^^^^^^^^^^^^^
  File "/Users/tony/Documents/crypto/ae/.venv/lib/python3.13/site-packages/flask/templating.py", line 100, in _get_source_fast
    raise TemplateNotFound(template)
jinja2.exceptions.TemplateNotFound: monitor.html
2026-03-30 14:41:05,414 - INFO - 127.0.0.1 - - [30/Mar/2026 14:41:05] "[35m[1mGET / HTTP/1.1[0m" 500 -
2026-03-30 14:41:05,736 - INFO - 127.0.0.1 - - [30/Mar/2026 14:41:05] "[33mGET /favicon.ico HTTP/1.1[0m" 404 -
2026-03-30 14:47:47,862 - INFO - 
⏹️ 收到停止信号，正在退出...
2026-03-30 14:47:48,865 - INFO - 👋 AE Server 已停止
