2026-03-31 21:13:37,455 - INFO - ============================================================
2026-03-31 21:13:37,455 - INFO - 🚀 AE Server v2.0 启动中...
2026-03-31 21:13:37,455 - INFO - ============================================================
2026-03-31 21:13:37,456 - INFO - ✅ 配置文件加载成功
2026-03-31 21:13:37,456 - WARNING - ⚠️ 环境变量未完整设置，尝试从 config.ini [BINANCE] 读取
2026-03-31 21:13:37,456 - INFO - 🔄 初始化币安客户端...
2026-03-31 21:13:38,219 - INFO - ✅ 期货API连接测试成功
2026-03-31 21:13:38,220 - INFO - 📦 初始化昨日数据缓存
2026-03-31 21:13:38,220 - INFO - ✅ 昨日数据缓存初始化完成（API模式）
2026-03-31 21:13:38,221 - INFO - 🔍 加载交易所现有持仓...
2026-03-31 21:13:38,333 - INFO - ✅ 第1次尝试获取持仓信息成功
2026-03-31 21:13:38,333 - INFO - ✅ MUSDT 从记录文件恢复建仓时间: 2026-03-26T00:00:15.780000+00:00
2026-03-31 21:13:38,334 - INFO -   • MUSDT 持仓133.2h，已超过2h窗口，标记为已检查
2026-03-31 21:13:38,334 - INFO -   • MUSDT 持仓133.2h，已超过12h窗口，标记为已检查
2026-03-31 21:13:38,334 - INFO - ✅ 加载持仓: MUSDT 空头 开仓价:2.146900 数量:6
2026-03-31 21:13:38,334 - INFO - ✅ ARIAUSDT 从记录文件恢复建仓时间: 2026-03-24T10:21:52.888000+00:00
2026-03-31 21:13:38,334 - INFO -   • ARIAUSDT 持仓170.9h，已超过2h窗口，标记为已检查
2026-03-31 21:13:38,334 - INFO -   • ARIAUSDT 持仓170.9h，已超过12h窗口，标记为已检查
2026-03-31 21:13:38,334 - INFO - ✅ 加载持仓: ARIAUSDT 空头 开仓价:0.290250 数量:34
2026-03-31 21:13:38,335 - INFO - 🎉 成功加载 2 个现有持仓
2026-03-31 21:13:38,335 - INFO - ✅ 策略引擎初始化完成
2026-03-31 21:13:38,335 - INFO -    杠杆: 3.0x, 单仓: 5%, 最大持仓: 10
2026-03-31 21:13:38,335 - INFO -    止盈: 33.0/21.0/11.0%, 止损: 18.0%
2026-03-31 21:13:38,335 - INFO -    24h涨幅平仓: False (阈值 6.30%) | 每小时单仓限制: False | 单次扫描最多开仓: 不限制
2026-03-31 21:13:38,335 - INFO -    BTC昨日阳线风控: 不建新仓=True | UTC日初一刀切空仓=True
2026-03-31 21:13:38,335 - INFO - ✅ 策略引擎初始化完成
2026-03-31 21:13:38,474 - INFO - 💰 账户余额: $385.22 USDT
2026-03-31 21:13:38,474 - INFO - 🔍 🚀 服务器启动：检查缺失的止盈止损订单...
2026-03-31 21:13:38,474 - INFO -    📊 当前持仓数量: 2
2026-03-31 21:13:38,474 - INFO -    🔍 检查 MUSDT: tp_order_id=False, sl_order_id=False
2026-03-31 21:13:38,474 - INFO - ⚠️ MUSDT 缺少止盈止损订单，正在重新创建...
2026-03-31 21:13:38,736 - INFO - 🎯 MUSDT 开始创建止盈止损订单...
2026-03-31 21:13:38,737 - INFO - 📏 MUSDT 价格精度: tick_size=0.0001, precision=4
2026-03-31 21:13:38,738 - INFO - 📋 MUSDT 订单参数: TP=1.4384, SL=2.5333
2026-03-31 21:13:38,738 - INFO - 🚀 MUSDT 创建止盈算法单: TAKE_PROFIT_MARKET side=BUY trigger=1.4384
2026-03-31 21:13:38,857 - INFO - ✅ MUSDT 止盈算法单创建成功: 1.438400 (algoId: 2000000710416600)
2026-03-31 21:13:38,857 - INFO - 🚀 MUSDT 创建止损算法单: STOP_MARKET side=BUY trigger=2.5333
2026-03-31 21:13:38,975 - INFO - ✅ MUSDT 止损算法单创建成功: 2.533300 (algoId: 2000000710416607)
2026-03-31 21:13:38,976 - INFO - 🎉 MUSDT 止盈止损订单都创建完成!
2026-03-31 21:13:38,976 - INFO - ✅ MUSDT 止盈止损订单重新创建成功
2026-03-31 21:13:38,976 - INFO -    🔍 检查 ARIAUSDT: tp_order_id=False, sl_order_id=False
2026-03-31 21:13:38,976 - INFO - ⚠️ ARIAUSDT 缺少止盈止损订单，正在重新创建...
2026-03-31 21:13:39,146 - INFO - 🎯 ARIAUSDT 开始创建止盈止损订单...
2026-03-31 21:13:39,146 - INFO - 📏 ARIAUSDT 价格精度: tick_size=1e-05, precision=5
2026-03-31 21:13:39,146 - INFO - 📋 ARIAUSDT 订单参数: TP=0.19447, SL=0.34250
2026-03-31 21:13:39,146 - INFO - 🚀 ARIAUSDT 创建止盈算法单: TAKE_PROFIT_MARKET side=BUY trigger=0.19447
2026-03-31 21:13:39,271 - INFO - ✅ ARIAUSDT 止盈算法单创建成功: 0.194470 (algoId: 2000000710416617)
2026-03-31 21:13:39,272 - INFO - 🚀 ARIAUSDT 创建止损算法单: STOP_MARKET side=BUY trigger=0.34250
2026-03-31 21:13:39,387 - INFO - ✅ ARIAUSDT 止损算法单创建成功: 0.342500 (algoId: 2000000710416624)
2026-03-31 21:13:39,389 - INFO - 🎉 ARIAUSDT 止盈止损订单都创建完成!
2026-03-31 21:13:39,389 - INFO - ✅ ARIAUSDT 止盈止损订单重新创建成功
2026-03-31 21:13:39,389 - INFO - 📊 止盈止损检查完成: 发现2个缺失，已重新创建2个
2026-03-31 21:13:39,503 - INFO - 📉 昨日BTC阳线(2026-03-30 o=65978.00 c=66764.40) → UTC 2026-03-31 市价平 2 个空仓 (reason=btc_yesterday_yang_flatten_open)
2026-03-31 21:13:39,610 - INFO - 🔄 MUSDT 平仓前取消所有未成交订单...
2026-03-31 21:13:39,776 - INFO - 📋 MUSDT 找到 4 个未成交订单，准备取消
2026-03-31 21:13:39,892 - INFO - ✅ MUSDT 已取消订单: STOP_MARKET (ID: 2000000710416607, 价格: 2.5333)
2026-03-31 21:13:40,019 - INFO - ✅ MUSDT 已取消订单: TAKE_PROFIT_MARKET (ID: 2000000710416600, 价格: 1.4384)
2026-03-31 21:13:40,171 - INFO - ✅ MUSDT 已取消订单: TAKE_PROFIT_MARKET (ID: 2000000687184302, 价格: 1.9751)
2026-03-31 21:13:40,305 - INFO - ✅ MUSDT 已取消订单: STOP_MARKET (ID: 2000000685501886, 价格: 3.047746)
2026-03-31 21:13:40,706 - INFO - 📊 MUSDT 从交易所获取实际持仓: 数量=-6.0 (方向=做空, 记录数量: 6.0)
2026-03-31 21:13:40,875 - INFO - 📏 MUSDT 数量精度调整: 6.0 → 6 (stepSize=1.0)
2026-03-31 21:13:40,875 - INFO - 🔄 MUSDT 检测到做空仓位，将使用BUY订单平仓
2026-03-31 21:13:41,101 - INFO - 
================================================================================
✅ 🤖 自动平仓 - MUSDT
================================================================================
时间: 2026-03-31 13:13:41 UTC
📋 操作详情:
   平仓原因: BTC昨日阳线(UTC日初一刀切)
   持仓时长: 133.2小时
   成交价格: 2.367800
   盈亏比例: -10.29%
   盈亏金额: -1.325400

📊 状态对比:
   变动前:
     持仓数量: 6.000000
     建仓价格: 2.146900
     当前价格: 2.3678000
     未实现盈亏: 0
     持仓时长: 133.223286
   变动后:
     持仓数量: 0
     状态: 已平仓
     平仓价格: 2.367800
     盈亏金额: -1.325400
     盈亏比例: -0.102893

✅ 执行成功
================================================================================
2026-03-31 21:13:41,103 - INFO - 
╔════════════════════════════════════════════════════════════════════════════╗
║ 💰 MUSDT 平仓完成
╠════════════════════════════════════════════════════════════════════════════╣
║ 平仓原因: BTC昨日阳线(UTC日初一刀切)
║ 建仓时间: 2026-03-26 00:00:15.780000+00:00
║ 平仓时间: 2026-03-31 13:13:41.101812+00:00
║ 持仓时长: 133.2小时
║ 
║ 价格信息:
║   - 建仓价格: $2.146900
║   - 平仓价格: $2.367800
║   - 价格变化: -10.29%
║ 
║ 盈亏情况:
║   - 持仓数量: 6
║   - 投入金额: $4.29
║   - 杠杆倍数: 3.0x
║   - 盈亏金额: $-1.33 USDT
║   - 盈亏比例: -10.29%
║ 
║ 取消的订单:
║   - STOP_MARKET: ID 2000000710416607, 价格 2.5333
║   - TAKE_PROFIT_MARKET: ID 2000000710416600, 价格 1.4384
║   - TAKE_PROFIT_MARKET: ID 2000000687184302, 价格 1.9751
║   - STOP_MARKET: ID 2000000685501886, 价格 3.047746
║ 
║ 剩余持仓: 1个
╚════════════════════════════════════════════════════════════════════════════╝

2026-03-31 21:13:41,874 - INFO - 🔄 ARIAUSDT 平仓前取消所有未成交订单...
2026-03-31 21:13:42,005 - INFO - 📋 ARIAUSDT 找到 4 个未成交订单，准备取消
2026-03-31 21:13:42,124 - INFO - ✅ ARIAUSDT 已取消订单: STOP_MARKET (ID: 2000000710416624, 价格: 0.3425)
2026-03-31 21:13:42,259 - INFO - ✅ ARIAUSDT 已取消订单: TAKE_PROFIT_MARKET (ID: 2000000710416617, 价格: 0.19447)
2026-03-31 21:13:42,402 - INFO - ✅ ARIAUSDT 已取消订单: STOP_MARKET (ID: 2000000673127004, 价格: 0.41796)
2026-03-31 21:13:42,523 - INFO - ✅ ARIAUSDT 已取消订单: TAKE_PROFIT_MARKET (ID: 2000000673126977, 价格: 0.191565)
2026-03-31 21:13:42,631 - INFO - 📊 ARIAUSDT 从交易所获取实际持仓: 数量=-34.0 (方向=做空, 记录数量: 34.0)
2026-03-31 21:13:42,788 - INFO - 📏 ARIAUSDT 数量精度调整: 34.0 → 34 (stepSize=1.0)
2026-03-31 21:13:42,788 - INFO - 🔄 ARIAUSDT 检测到做空仓位，将使用BUY订单平仓
2026-03-31 21:13:43,046 - INFO - 
================================================================================
✅ 🤖 自动平仓 - ARIAUSDT
================================================================================
时间: 2026-03-31 13:13:43 UTC
📋 操作详情:
   平仓原因: BTC昨日阳线(UTC日初一刀切)
   持仓时长: 170.9小时
   成交价格: 0.323000
   盈亏比例: -11.28%
   盈亏金额: -1.113500

📊 状态对比:
   变动前:
     持仓数量: 34.000000
     建仓价格: 0.290250
     当前价格: 0.3229000
     未实现盈亏: 0
     持仓时长: 170.863607
   变动后:
     持仓数量: 0
     状态: 已平仓
     平仓价格: 0.323000
     盈亏金额: -1.113500
     盈亏比例: -0.112834

✅ 执行成功
================================================================================
2026-03-31 21:13:43,047 - INFO - 
╔════════════════════════════════════════════════════════════════════════════╗
║ 💰 ARIAUSDT 平仓完成
╠════════════════════════════════════════════════════════════════════════════╣
║ 平仓原因: BTC昨日阳线(UTC日初一刀切)
║ 建仓时间: 2026-03-24 10:21:52.888000+00:00
║ 平仓时间: 2026-03-31 13:13:43.046481+00:00
║ 持仓时长: 170.9小时
║ 
║ 价格信息:
║   - 建仓价格: $0.290250
║   - 平仓价格: $0.323000
║   - 价格变化: -11.28%
║ 
║ 盈亏情况:
║   - 持仓数量: 34
║   - 投入金额: $3.29
║   - 杠杆倍数: 3.0x
║   - 盈亏金额: $-1.11 USDT
║   - 盈亏比例: -11.28%
║ 
║ 取消的订单:
║   - STOP_MARKET: ID 2000000710416624, 价格 0.3425
║   - TAKE_PROFIT_MARKET: ID 2000000710416617, 价格 0.19447
║   - STOP_MARKET: ID 2000000673127004, 价格 0.41796
║   - TAKE_PROFIT_MARKET: ID 2000000673126977, 价格 0.191565
║ 
║ 剩余持仓: 0个
╚════════════════════════════════════════════════════════════════════════════╝

2026-03-31 21:13:43,665 - INFO - ✅ Flask Web服务已启动: http://localhost:5002
2026-03-31 21:13:43,665 - INFO - 🚀 启动后台任务线程...
2026-03-31 21:13:43,666 - INFO - 📡 信号扫描线程已启动
2026-03-31 21:13:43,666 - INFO - ✅ 信号扫描线程已启动
2026-03-31 21:13:43,666 - INFO - 👁️ 持仓监控线程已启动
2026-03-31 21:13:43,666 - INFO - ✅ 持仓监控线程已启动
2026-03-31 21:13:43,666 - INFO - 📧 每日报告线程已启动
2026-03-31 21:13:43,666 - INFO - ✅ 每日报告线程已启动
2026-03-31 21:13:43,666 - INFO - ============================================================
2026-03-31 21:13:43,666 - INFO - 📋 使用说明:
2026-03-31 21:13:43,666 - INFO -   - 浏览器打开: http://localhost:5002
2026-03-31 21:13:43,666 - INFO -   - Web用户名: admin
2026-03-31 21:13:43,666 - INFO -   - Web密码: admin123
2026-03-31 21:13:43,666 - INFO -   - 外部访问: http://45.77.37.106:5002
2026-03-31 21:13:43,666 - INFO -   - API服务器(旧): http://localhost:5001
2026-03-31 21:13:43,666 - INFO -   - 停止程序: Ctrl+C
2026-03-31 21:13:43,666 - INFO - ============================================================
2026-03-31 21:13:43,679 - INFO - [31m[1mWARNING: This is a development server. Do not use it in a production deployment. Use a production WSGI server instead.[0m
 * Running on all addresses (0.0.0.0)
 * Running on http://127.0.0.1:5002
 * Running on http://198.19.0.1:5002
2026-03-31 21:13:43,680 - INFO - [33mPress CTRL+C to quit[0m
2026-03-31 21:13:56,891 - INFO - 127.0.0.1 - - [31/Mar/2026 21:13:56] "GET / HTTP/1.1" 200 -
2026-03-31 21:13:56,944 - INFO - 127.0.0.1 - - [31/Mar/2026 21:13:56] "[36mGET /static/css/style.css HTTP/1.1[0m" 304 -
2026-03-31 21:13:56,952 - INFO - 127.0.0.1 - - [31/Mar/2026 21:13:56] "[36mGET /static/js/app.js HTTP/1.1[0m" 304 -
2026-03-31 21:13:57,399 - INFO - 127.0.0.1 - - [31/Mar/2026 21:13:57] "GET /api/status HTTP/1.1" 200 -
2026-03-31 21:13:57,723 - INFO - 🔍 开始处理持仓，strategy.positions 长度: 0
2026-03-31 21:13:57,723 - INFO - 🔍 get_positions 方法即将返回数据，result 长度: 0
2026-03-31 21:13:57,723 - INFO - 🔍 返回 JSON 结构: success=True, positions长度=0, account_balance=382.7728673
2026-03-31 21:13:57,723 - INFO - 🔍 完整响应数据预览: {'success': True, 'positions': [], 'account_balance': 382.7728673}
2026-03-31 21:13:57,724 - INFO - 127.0.0.1 - - [31/Mar/2026 21:13:57] "GET /api/positions HTTP/1.1" 200 -
2026-03-31 21:13:57,790 - INFO - 127.0.0.1 - - [31/Mar/2026 21:13:57] "GET /api/logs?lines=80 HTTP/1.1" 200 -
2026-03-31 21:31:04,674 - INFO - 127.0.0.1 - - [31/Mar/2026 21:31:04] "GET /api/status HTTP/1.1" 200 -
2026-03-31 21:31:05,005 - INFO - 🔍 开始处理持仓，strategy.positions 长度: 0
2026-03-31 21:31:05,006 - INFO - 🔍 get_positions 方法即将返回数据，result 长度: 0
2026-03-31 21:31:05,007 - INFO - 🔍 返回 JSON 结构: success=True, positions长度=0, account_balance=382.7728673
2026-03-31 21:31:05,007 - INFO - 🔍 完整响应数据预览: {'success': True, 'positions': [], 'account_balance': 382.7728673}
2026-03-31 21:31:05,008 - INFO - 127.0.0.1 - - [31/Mar/2026 21:31:05] "GET /api/positions HTTP/1.1" 200 -
2026-03-31 21:31:05,096 - INFO - 127.0.0.1 - - [31/Mar/2026 21:31:05] "GET /api/logs?lines=80 HTTP/1.1" 200 -
2026-03-31 21:31:16,359 - INFO - 📡 信号扫描线程已启动
2026-03-31 21:31:16,359 - INFO - 👁️ 持仓监控线程已启动
2026-03-31 21:31:16,359 - INFO - 🚀 Web界面启动自动交易
2026-03-31 21:31:16,359 - INFO - 127.0.0.1 - - [31/Mar/2026 21:31:16] "POST /api/start_trading HTTP/1.1" 200 -
2026-03-31 21:31:20,168 - INFO - 127.0.0.1 - - [31/Mar/2026 21:31:20] "GET /api/status HTTP/1.1" 200 -
2026-03-31 21:31:20,527 - INFO - 🔍 开始处理持仓，strategy.positions 长度: 0
2026-03-31 21:31:20,528 - INFO - 🔍 get_positions 方法即将返回数据，result 长度: 0
2026-03-31 21:31:20,528 - INFO - 🔍 返回 JSON 结构: success=True, positions长度=0, account_balance=382.7728673
2026-03-31 21:31:20,528 - INFO - 🔍 完整响应数据预览: {'success': True, 'positions': [], 'account_balance': 382.7728673}
2026-03-31 21:31:20,529 - INFO - 127.0.0.1 - - [31/Mar/2026 21:31:20] "GET /api/positions HTTP/1.1" 200 -
2026-03-31 21:31:20,612 - INFO - 127.0.0.1 - - [31/Mar/2026 21:31:20] "GET /api/logs?lines=80 HTTP/1.1" 200 -
2026-03-31 21:31:43,723 - INFO - 💓 系统运行中... 持仓: 0, 余额: $385.22
2026-03-31 21:31:43,725 - INFO - 📧 开始生成每日交易报告...
2026-03-31 21:31:44,363 - ERROR - ❌ 未配置邮件发送账号
2026-03-31 21:31:44,363 - INFO - 📧 每日报告已发送 (2026-03-31)
2026-03-31 21:32:43,734 - INFO - 💓 系统运行中... 持仓: 0, 余额: $385.22
2026-03-31 21:33:43,737 - INFO - 💓 系统运行中... 持仓: 0, 余额: $385.22
2026-03-31 21:34:43,744 - INFO - 💓 系统运行中... 持仓: 0, 余额: $385.22
2026-03-31 21:35:43,752 - INFO - 💓 系统运行中... 持仓: 0, 余额: $385.22
2026-03-31 21:35:46,392 - INFO - 👁️ [监控] 已检查10次，持仓0个
2026-03-31 21:35:54,067 - INFO - 👁️ [监控] 已检查10次，持仓0个
2026-03-31 21:36:43,756 - INFO - 💓 系统运行中... 持仓: 0, 余额: $385.22
2026-03-31 21:37:43,762 - INFO - 💓 系统运行中... 持仓: 0, 余额: $385.22
2026-03-31 21:38:43,769 - INFO - 💓 系统运行中... 持仓: 0, 余额: $385.22
2026-03-31 21:39:43,776 - INFO - 💓 系统运行中... 持仓: 0, 余额: $385.22
2026-03-31 21:40:43,782 - INFO - 💓 系统运行中... 持仓: 0, 余额: $385.22
2026-03-31 21:40:46,430 - INFO - 👁️ [监控] 已检查20次，持仓0个
2026-03-31 21:40:54,103 - INFO - 👁️ [监控] 已检查20次，持仓0个
2026-03-31 21:41:43,785 - INFO - 💓 系统运行中... 持仓: 0, 余额: $385.22
2026-03-31 21:42:43,785 - INFO - 💓 系统运行中... 持仓: 0, 余额: $385.22
2026-03-31 21:43:17,568 - INFO - 
⏹️ 收到停止信号，正在退出...
2026-03-31 21:43:18,573 - INFO - 👋 AE Server 已停止
