2026-04-01 16:30:31,003 - INFO - ============================================================
2026-04-01 16:30:31,003 - INFO - 🚀 AE Server v2.0 启动中...
2026-04-01 16:30:31,003 - INFO - ============================================================
2026-04-01 16:30:31,004 - INFO - ✅ 配置文件加载成功
2026-04-01 16:30:31,004 - WARNING - ⚠️ 环境变量未完整设置，尝试从 config.ini [BINANCE] 读取
2026-04-01 16:30:31,004 - INFO - 🔄 初始化币安客户端...
2026-04-01 16:30:32,533 - INFO - ✅ 期货API连接测试成功
2026-04-01 16:30:32,533 - INFO - 📦 初始化昨日数据缓存
2026-04-01 16:30:32,533 - INFO - ✅ 昨日数据缓存初始化完成（API模式）
2026-04-01 16:30:32,534 - INFO - 🔍 加载交易所现有持仓...
2026-04-01 16:30:32,942 - INFO - ✅ 第1次尝试获取持仓信息成功
2026-04-01 16:30:32,943 - INFO - 📭 无现有持仓
2026-04-01 16:30:32,943 - INFO - ✅ 策略引擎初始化完成
2026-04-01 16:30:32,946 - INFO -    杠杆: 3.0x, 单仓: 5%, 最大持仓: 10
2026-04-01 16:30:32,946 - INFO -    止盈: 33.0/21.0/11.0%, 止损: 18.0%
2026-04-01 16:30:32,946 - INFO -    24h涨幅平仓: False (阈值 6.30%) | 每小时单仓限制: False | 单次扫描最多开仓: 不限制
2026-04-01 16:30:32,946 - INFO -    BTC昨日阳线风控: 不建新仓=True | UTC日初一刀切空仓=True
2026-04-01 16:30:32,949 - INFO - ✅ 策略引擎初始化完成
2026-04-01 16:30:33,124 - INFO - 💰 账户余额: $382.77 USDT
2026-04-01 16:30:33,125 - INFO - 🔍 🚀 服务器启动：按交易所开放单对账止盈/止损，缺失则补挂...
2026-04-01 16:30:33,125 - INFO -    📊 当前持仓数量: 0
2026-04-01 16:30:33,125 - INFO - 📊 止盈止损检查完成: 需补挂仓位 0 个，本轮成功 0 个
2026-04-01 16:30:33,499 - INFO - 📉 昨日BTC收涨 +2.21%(2026-03-31 o=66764.40 c=68241.50)，本地无待平空仓，跳过一刀切
2026-04-01 16:30:33,500 - INFO - ✅ Flask Web服务已启动: http://localhost:5002
2026-04-01 16:30:33,500 - INFO - 🚀 启动后台任务线程...
2026-04-01 16:30:33,501 - INFO - 📡 信号扫描线程已启动
2026-04-01 16:30:33,501 - INFO - ✅ 信号扫描线程已启动
2026-04-01 16:30:33,501 - INFO - 👁️ 持仓监控线程已启动
2026-04-01 16:30:33,502 - INFO - ✅ 持仓监控线程已启动
2026-04-01 16:30:33,502 - INFO - 📧 每日报告线程已启动
2026-04-01 16:30:33,503 - INFO - ✅ 每日报告线程已启动
2026-04-01 16:30:33,503 - INFO - ============================================================
2026-04-01 16:30:33,503 - INFO - 📋 使用说明:
2026-04-01 16:30:33,503 - INFO -   - 浏览器打开: http://localhost:5002
2026-04-01 16:30:33,504 - INFO -   - Web用户名: admin
2026-04-01 16:30:33,504 - INFO -   - Web密码: admin123
2026-04-01 16:30:33,504 - INFO -   - 外部访问: http://45.77.37.106:5002
2026-04-01 16:30:33,504 - INFO -   - API服务器(旧): http://localhost:5001
2026-04-01 16:30:33,505 - INFO -   - 停止程序: Ctrl+C
2026-04-01 16:30:33,505 - INFO - ============================================================
2026-04-01 16:30:33,540 - INFO - [31m[1mWARNING: This is a development server. Do not use it in a production deployment. Use a production WSGI server instead.[0m
 * Running on all addresses (0.0.0.0)
 * Running on http://127.0.0.1:5002
 * Running on http://198.19.0.1:5002
2026-04-01 16:30:33,540 - INFO - [33mPress CTRL+C to quit[0m
2026-04-01 16:30:42,940 - INFO - 127.0.0.1 - - [01/Apr/2026 16:30:42] "GET / HTTP/1.1" 200 -
2026-04-01 16:30:43,080 - INFO - 127.0.0.1 - - [01/Apr/2026 16:30:43] "[36mGET /static/css/style.css HTTP/1.1[0m" 304 -
2026-04-01 16:30:43,083 - INFO - 127.0.0.1 - - [01/Apr/2026 16:30:43] "[36mGET /static/js/app.js HTTP/1.1[0m" 304 -
2026-04-01 16:30:43,995 - INFO - 127.0.0.1 - - [01/Apr/2026 16:30:43] "GET /api/status HTTP/1.1" 200 -
2026-04-01 16:30:44,446 - INFO - 🔍 开始处理持仓，strategy.positions 长度: 0
2026-04-01 16:30:44,446 - INFO - 🔍 get_positions 方法即将返回数据，result 长度: 0
2026-04-01 16:30:44,447 - INFO - 🔍 返回 JSON 结构: success=True, positions长度=0, account_balance=382.7728673
2026-04-01 16:30:44,447 - INFO - 🔍 完整响应数据预览: {'success': True, 'positions': [], 'account_balance': 382.7728673}
2026-04-01 16:30:44,448 - INFO - 127.0.0.1 - - [01/Apr/2026 16:30:44] "GET /api/positions HTTP/1.1" 200 -
2026-04-01 16:30:44,549 - INFO - 127.0.0.1 - - [01/Apr/2026 16:30:44] "GET /api/logs?lines=80 HTTP/1.1" 200 -
2026-04-01 16:30:56,689 - INFO - 📥 收到 Web 请求: 启动交易 (POST /api/start_trading)
2026-04-01 16:30:56,690 - INFO - 📡 信号扫描线程已启动
2026-04-01 16:30:56,690 - INFO - 👁️ 持仓监控线程已启动
2026-04-01 16:30:56,690 - INFO - 🚀 Web 界面: 自动交易已启动（已新建 scan_loop / monitor_loop 线程，is_running=True）
2026-04-01 16:30:56,692 - INFO - 127.0.0.1 - - [01/Apr/2026 16:30:56] "POST /api/start_trading HTTP/1.1" 200 -
2026-04-01 16:31:00,115 - INFO - 127.0.0.1 - - [01/Apr/2026 16:31:00] "GET /api/status HTTP/1.1" 200 -
2026-04-01 16:31:00,724 - INFO - 🔍 开始处理持仓，strategy.positions 长度: 0
2026-04-01 16:31:00,725 - INFO - 🔍 get_positions 方法即将返回数据，result 长度: 0
2026-04-01 16:31:00,725 - INFO - 🔍 返回 JSON 结构: success=True, positions长度=0, account_balance=382.7728673
2026-04-01 16:31:00,725 - INFO - 🔍 完整响应数据预览: {'success': True, 'positions': [], 'account_balance': 382.7728673}
2026-04-01 16:31:00,726 - INFO - 127.0.0.1 - - [01/Apr/2026 16:31:00] "GET /api/positions HTTP/1.1" 200 -
2026-04-01 16:31:00,808 - INFO - 127.0.0.1 - - [01/Apr/2026 16:31:00] "GET /api/logs?lines=80 HTTP/1.1" 200 -
2026-04-01 16:31:33,507 - INFO - 📧 开始生成每日交易报告...
2026-04-01 16:31:33,513 - INFO - 💓 系统运行中... 持仓: 0, 余额: $382.77
2026-04-01 16:31:34,221 - ERROR - ❌ 未配置邮件发送账号
2026-04-01 16:31:34,221 - INFO - 📧 每日报告已发送 (2026-04-01)
2026-04-01 16:32:33,519 - INFO - 💓 系统运行中... 持仓: 0, 余额: $382.77
2026-04-01 16:33:33,525 - INFO - 💓 系统运行中... 持仓: 0, 余额: $382.77
2026-04-01 16:34:33,529 - INFO - 💓 系统运行中... 持仓: 0, 余额: $382.77
2026-04-01 16:35:26,721 - INFO - 👁️ [监控] 已检查10次，持仓0个
2026-04-01 16:35:33,532 - INFO - 💓 系统运行中... 持仓: 0, 余额: $382.77
2026-04-01 16:35:33,539 - INFO - 👁️ [监控] 已检查10次，持仓0个
2026-04-01 16:36:33,534 - INFO - 💓 系统运行中... 持仓: 0, 余额: $382.77
2026-04-01 16:37:33,541 - INFO - 💓 系统运行中... 持仓: 0, 余额: $382.77
2026-04-01 16:38:33,549 - INFO - 💓 系统运行中... 持仓: 0, 余额: $382.77
2026-04-01 16:39:33,553 - INFO - 💓 系统运行中... 持仓: 0, 余额: $382.77
2026-04-01 16:40:26,757 - INFO - 👁️ [监控] 已检查20次，持仓0个
2026-04-01 16:40:33,557 - INFO - 💓 系统运行中... 持仓: 0, 余额: $382.77
2026-04-01 16:40:33,587 - INFO - 👁️ [监控] 已检查20次，持仓0个
2026-04-01 16:41:33,563 - INFO - 💓 系统运行中... 持仓: 0, 余额: $382.77
2026-04-01 16:42:33,572 - INFO - 💓 系统运行中... 持仓: 0, 余额: $382.77
2026-04-01 16:43:33,581 - INFO - 💓 系统运行中... 持仓: 0, 余额: $382.77
2026-04-01 16:44:33,586 - INFO - 💓 系统运行中... 持仓: 0, 余额: $382.77
2026-04-01 16:45:26,791 - INFO - 👁️ [监控] 已检查30次，持仓0个
2026-04-01 16:45:33,592 - INFO - 💓 系统运行中... 持仓: 0, 余额: $382.77
2026-04-01 16:45:33,630 - INFO - 👁️ [监控] 已检查30次，持仓0个
2026-04-01 16:46:33,599 - INFO - 💓 系统运行中... 持仓: 0, 余额: $382.77
2026-04-01 16:47:33,605 - INFO - 💓 系统运行中... 持仓: 0, 余额: $382.77
2026-04-01 16:48:33,625 - INFO - 💓 系统运行中... 持仓: 0, 余额: $382.77
2026-04-01 16:49:33,631 - INFO - 💓 系统运行中... 持仓: 0, 余额: $382.77
2026-04-01 16:50:26,864 - INFO - 👁️ [监控] 已检查40次，持仓0个
2026-04-01 16:50:33,636 - INFO - 💓 系统运行中... 持仓: 0, 余额: $382.77
2026-04-01 16:50:33,667 - INFO - 👁️ [监控] 已检查40次，持仓0个
2026-04-01 16:51:33,645 - INFO - 💓 系统运行中... 持仓: 0, 余额: $382.77
2026-04-01 16:52:33,654 - INFO - 💓 系统运行中... 持仓: 0, 余额: $382.77
2026-04-01 16:53:33,666 - INFO - 💓 系统运行中... 持仓: 0, 余额: $382.77
2026-04-01 16:54:33,673 - INFO - 💓 系统运行中... 持仓: 0, 余额: $382.77
2026-04-01 16:55:26,898 - INFO - 👁️ [监控] 已检查50次，持仓0个
2026-04-01 16:55:33,678 - INFO - 💓 系统运行中... 持仓: 0, 余额: $382.77
2026-04-01 16:55:33,704 - INFO - 👁️ [监控] 已检查50次，持仓0个
2026-04-01 16:56:33,683 - INFO - 💓 系统运行中... 持仓: 0, 余额: $382.77
2026-04-01 16:57:33,688 - INFO - 💓 系统运行中... 持仓: 0, 余额: $382.77
2026-04-01 16:58:33,691 - INFO - 💓 系统运行中... 持仓: 0, 余额: $382.77
2026-04-01 16:59:33,695 - INFO - 💓 系统运行中... 持仓: 0, 余额: $382.77
2026-04-01 17:00:26,931 - INFO - 👁️ [监控] 已检查60次，持仓0个
2026-04-01 17:00:33,700 - INFO - 💓 系统运行中... 持仓: 0, 余额: $382.77
2026-04-01 17:00:33,744 - INFO - 👁️ [监控] 已检查60次，持仓0个
2026-04-01 17:01:33,707 - INFO - 💓 系统运行中... 持仓: 0, 余额: $382.77
2026-04-01 17:02:33,716 - INFO - 💓 系统运行中... 持仓: 0, 余额: $382.77
2026-04-01 17:03:03,759 - INFO - 🔍 [定时扫描] UTC 2026-04-01 09:03:03 开始扫描...
2026-04-01 17:03:04,372 - INFO - 💰 账户余额: $382.77 USDT
2026-04-01 17:03:04,373 - INFO - 💰 账户余额: $382.77
2026-04-01 17:03:04,373 - INFO - 🔍 开始扫描卖量暴涨信号（API模式）...
2026-04-01 17:03:04,662 - INFO - ✅ 获取到 541 个活跃USDT合约
2026-04-01 17:03:04,664 - INFO - 📊 开始扫描 541 个交易对...
2026-04-01 17:03:26,968 - INFO - 🔍 [定时扫描] UTC 2026-04-01 09:03:26 开始扫描...
2026-04-01 17:03:27,559 - INFO - 💰 账户余额: $382.77 USDT
2026-04-01 17:03:27,560 - INFO - 💰 账户余额: $382.77
2026-04-01 17:03:27,560 - INFO - 🔍 开始扫描卖量暴涨信号（API模式）...
2026-04-01 17:03:27,800 - INFO - ✅ 获取到 541 个活跃USDT合约
2026-04-01 17:03:27,802 - INFO - 📊 开始扫描 541 个交易对...
2026-04-01 17:03:31,551 - INFO - 📊 BLURUSDT 信号价格: 使用下一小时开盘价 0.022510
2026-04-01 17:03:31,687 - INFO - 🔥 发现信号: BLURUSDT 卖量暴涨 625.10倍 @ 0.022510 (买量倍数:716.19倍) (时间: 2026-04-01 08:00 UTC)
2026-04-01 17:03:33,724 - INFO - 💓 系统运行中... 持仓: 0, 余额: $382.77
2026-04-01 17:03:41,217 - INFO - 📊 CLOUSDT 信号价格: 使用下一小时开盘价 0.079670
2026-04-01 17:03:41,352 - INFO - 🔥 发现信号: CLOUSDT 卖量暴涨 14.78倍 @ 0.079670 (买量倍数:3.41倍) (时间: 2026-04-01 08:00 UTC)
2026-04-01 17:03:42,047 - INFO - 📊 BLURUSDT 信号价格: 使用下一小时开盘价 0.022510
2026-04-01 17:03:42,163 - INFO - 🔥 发现信号: BLURUSDT 卖量暴涨 625.10倍 @ 0.022510 (买量倍数:716.19倍) (时间: 2026-04-01 08:00 UTC)
2026-04-01 17:03:46,583 - INFO - 📊 CLOUSDT 信号价格: 使用下一小时开盘价 0.079670
2026-04-01 17:03:46,693 - INFO - 🔥 发现信号: CLOUSDT 卖量暴涨 14.78倍 @ 0.079670 (买量倍数:3.41倍) (时间: 2026-04-01 08:00 UTC)
2026-04-01 17:04:29,904 - INFO - 📊 MINAUSDT 信号价格: 使用下一小时开盘价 0.058430
2026-04-01 17:04:30,106 - INFO - 🔥 发现信号: MINAUSDT 卖量暴涨 39.30倍 @ 0.058430 (买量倍数:50.57倍) (时间: 2026-04-01 08:00 UTC)
2026-04-01 17:04:30,106 - INFO - 📊 MINAUSDT 信号价格: 使用下一小时开盘价 0.058430
2026-04-01 17:04:30,245 - INFO - 🔥 发现信号: MINAUSDT 卖量暴涨 39.30倍 @ 0.058430 (买量倍数:50.57倍) (时间: 2026-04-01 08:00 UTC)
2026-04-01 17:04:33,734 - INFO - 💓 系统运行中... 持仓: 0, 余额: $382.77
2026-04-01 17:04:49,815 - INFO - 📊 RAYSOLUSDT 信号价格: 使用下一小时开盘价 0.699500
2026-04-01 17:04:49,924 - INFO - 🔥 发现信号: RAYSOLUSDT 卖量暴涨 12.73倍 @ 0.699500 (买量倍数:8.54倍) (时间: 2026-04-01 08:00 UTC)
2026-04-01 17:04:50,024 - INFO - 📊 RAYSOLUSDT 信号价格: 使用下一小时开盘价 0.699500
2026-04-01 17:04:50,154 - INFO - 🔥 发现信号: RAYSOLUSDT 卖量暴涨 12.73倍 @ 0.699500 (买量倍数:8.54倍) (时间: 2026-04-01 08:00 UTC)
2026-04-01 17:05:26,994 - INFO - 👁️ [监控] 已检查70次，持仓0个
2026-04-01 17:05:31,440 - INFO - ✅ API扫描完成，共发现 4 个信号
2026-04-01 17:05:31,442 - INFO - ✅ 发现 4 个信号
2026-04-01 17:05:31,443 - INFO -    BLURUSDT: 625.10倍 @ 0.022510
2026-04-01 17:05:31,443 - INFO -    MINAUSDT: 39.30倍 @ 0.058430
2026-04-01 17:05:31,443 - INFO -    CLOUSDT: 14.78倍 @ 0.079670
2026-04-01 17:05:31,443 - INFO -    RAYSOLUSDT: 12.73倍 @ 0.699500
2026-04-01 17:05:31,551 - INFO - ✅ API扫描完成，共发现 4 个信号
2026-04-01 17:05:31,552 - INFO - ✅ 发现 4 个信号
2026-04-01 17:05:31,552 - INFO -    BLURUSDT: 625.10倍 @ 0.022510
2026-04-01 17:05:31,552 - INFO -    MINAUSDT: 39.30倍 @ 0.058430
2026-04-01 17:05:31,552 - INFO -    CLOUSDT: 14.78倍 @ 0.079670
2026-04-01 17:05:31,552 - INFO -    RAYSOLUSDT: 12.73倍 @ 0.699500
2026-04-01 17:05:31,552 - WARNING - 🔒 BLURUSDT 正在建仓中，跳过重复请求
2026-04-01 17:05:31,583 - INFO - 💰 BLURUSDT 信号价格: 0.022510, 当前市价: 0.022280
2026-04-01 17:05:31,726 - INFO - 📊 持仓检查: 内存记录=0, 交易所实际=0, 上限=10
2026-04-01 17:05:31,726 - INFO - 📅 新的一天开始，建仓计数器已重置
2026-04-01 17:05:31,872 - WARNING - 🚫 BLURUSDT 建仓被拒: BTC昨日(2026-03-31)收涨 +2.21% (open=66764.40 close=68241.50)，风控：当日不建新仓
2026-04-01 17:05:31,872 - WARNING - 🔒 MINAUSDT 正在建仓中，跳过重复请求
2026-04-01 17:05:32,098 - INFO - 💰 MINAUSDT 信号价格: 0.058430, 当前市价: 0.058510
2026-04-01 17:05:32,491 - INFO - 📊 持仓检查: 内存记录=0, 交易所实际=0, 上限=10
2026-04-01 17:05:32,636 - WARNING - 🚫 MINAUSDT 建仓被拒: BTC昨日(2026-03-31)收涨 +2.21% (open=66764.40 close=68241.50)，风控：当日不建新仓
2026-04-01 17:05:32,636 - WARNING - 🔒 CLOUSDT 正在建仓中，跳过重复请求
2026-04-01 17:05:32,781 - INFO - 💰 CLOUSDT 信号价格: 0.079670, 当前市价: 0.079710
2026-04-01 17:05:33,015 - INFO - 📊 持仓检查: 内存记录=0, 交易所实际=0, 上限=10
2026-04-01 17:05:33,155 - WARNING - 🚫 CLOUSDT 建仓被拒: BTC昨日(2026-03-31)收涨 +2.21% (open=66764.40 close=68241.50)，风控：当日不建新仓
2026-04-01 17:05:33,156 - WARNING - 🔒 RAYSOLUSDT 正在建仓中，跳过重复请求
2026-04-01 17:05:33,156 - WARNING - ⚠️ 所有信号均无法建仓（已达到限制或已持有）
2026-04-01 17:05:33,296 - INFO - 💰 RAYSOLUSDT 信号价格: 0.699500, 当前市价: 0.696900
2026-04-01 17:05:33,736 - INFO - 📊 持仓检查: 内存记录=0, 交易所实际=0, 上限=10
2026-04-01 17:05:33,745 - INFO - 💓 系统运行中... 持仓: 0, 余额: $382.77
2026-04-01 17:05:33,798 - INFO - 👁️ [监控] 已检查70次，持仓0个
2026-04-01 17:05:33,875 - WARNING - 🚫 RAYSOLUSDT 建仓被拒: BTC昨日(2026-03-31)收涨 +2.21% (open=66764.40 close=68241.50)，风控：当日不建新仓
2026-04-01 17:05:33,876 - WARNING - ⚠️ 所有信号均无法建仓（已达到限制或已持有）
2026-04-01 17:06:33,752 - INFO - 💓 系统运行中... 持仓: 0, 余额: $382.77
2026-04-01 17:07:33,761 - INFO - 💓 系统运行中... 持仓: 0, 余额: $382.77
2026-04-01 17:08:33,768 - INFO - 💓 系统运行中... 持仓: 0, 余额: $382.77
2026-04-01 17:09:33,779 - INFO - 💓 系统运行中... 持仓: 0, 余额: $382.77
2026-04-01 17:10:27,055 - INFO - 👁️ [监控] 已检查80次，持仓0个
2026-04-01 17:10:33,784 - INFO - 💓 系统运行中... 持仓: 0, 余额: $382.77
2026-04-01 17:10:33,876 - INFO - 👁️ [监控] 已检查80次，持仓0个
2026-04-01 17:11:33,787 - INFO - 💓 系统运行中... 持仓: 0, 余额: $382.77
2026-04-01 17:12:33,796 - INFO - 💓 系统运行中... 持仓: 0, 余额: $382.77
2026-04-01 17:13:33,806 - INFO - 💓 系统运行中... 持仓: 0, 余额: $382.77
2026-04-01 17:14:33,815 - INFO - 💓 系统运行中... 持仓: 0, 余额: $382.77
2026-04-01 17:15:27,120 - INFO - 👁️ [监控] 已检查90次，持仓0个
2026-04-01 17:15:33,823 - INFO - 💓 系统运行中... 持仓: 0, 余额: $382.77
2026-04-01 17:15:33,948 - INFO - 👁️ [监控] 已检查90次，持仓0个
2026-04-01 17:16:33,831 - INFO - 💓 系统运行中... 持仓: 0, 余额: $382.77
2026-04-01 17:17:33,841 - INFO - 💓 系统运行中... 持仓: 0, 余额: $382.77
2026-04-01 17:18:33,852 - INFO - 💓 系统运行中... 持仓: 0, 余额: $382.77
2026-04-01 17:19:33,859 - INFO - 💓 系统运行中... 持仓: 0, 余额: $382.77
2026-04-01 17:20:27,193 - INFO - 👁️ [监控] 已检查100次，持仓0个
2026-04-01 17:20:33,868 - INFO - 💓 系统运行中... 持仓: 0, 余额: $382.77
2026-04-01 17:20:34,005 - INFO - 👁️ [监控] 已检查100次，持仓0个
2026-04-01 17:21:33,878 - INFO - 💓 系统运行中... 持仓: 0, 余额: $382.77
2026-04-01 17:22:33,888 - INFO - 💓 系统运行中... 持仓: 0, 余额: $382.77
2026-04-01 17:23:33,898 - INFO - 💓 系统运行中... 持仓: 0, 余额: $382.77
2026-04-01 17:24:33,909 - INFO - 💓 系统运行中... 持仓: 0, 余额: $382.77
2026-04-01 17:25:27,279 - INFO - 👁️ [监控] 已检查110次，持仓0个
2026-04-01 17:25:33,921 - INFO - 💓 系统运行中... 持仓: 0, 余额: $382.77
2026-04-01 17:25:34,083 - INFO - 👁️ [监控] 已检查110次，持仓0个
2026-04-01 17:26:33,931 - INFO - 💓 系统运行中... 持仓: 0, 余额: $382.77
2026-04-01 17:27:33,938 - INFO - 💓 系统运行中... 持仓: 0, 余额: $382.77
2026-04-01 17:28:33,942 - INFO - 💓 系统运行中... 持仓: 0, 余额: $382.77
2026-04-01 17:29:33,946 - INFO - 💓 系统运行中... 持仓: 0, 余额: $382.77
2026-04-01 17:30:27,314 - INFO - 👁️ [监控] 已检查120次，持仓0个
2026-04-01 17:30:33,950 - INFO - 💓 系统运行中... 持仓: 0, 余额: $382.77
2026-04-01 17:30:34,125 - INFO - 👁️ [监控] 已检查120次，持仓0个
2026-04-01 17:31:33,953 - INFO - 💓 系统运行中... 持仓: 0, 余额: $382.77
2026-04-01 17:32:33,964 - INFO - 💓 系统运行中... 持仓: 0, 余额: $382.77
2026-04-01 17:33:33,968 - INFO - 💓 系统运行中... 持仓: 0, 余额: $382.77
2026-04-01 17:34:33,974 - INFO - 💓 系统运行中... 持仓: 0, 余额: $382.77
2026-04-01 17:35:27,354 - INFO - 👁️ [监控] 已检查130次，持仓0个
2026-04-01 17:35:33,981 - INFO - 💓 系统运行中... 持仓: 0, 余额: $382.77
2026-04-01 17:35:34,162 - INFO - 👁️ [监控] 已检查130次，持仓0个
2026-04-01 17:36:34,013 - INFO - 💓 系统运行中... 持仓: 0, 余额: $382.77
2026-04-01 17:37:34,033 - INFO - 💓 系统运行中... 持仓: 0, 余额: $382.77
2026-04-01 17:38:34,054 - INFO - 💓 系统运行中... 持仓: 0, 余额: $382.77
2026-04-01 17:39:34,071 - INFO - 💓 系统运行中... 持仓: 0, 余额: $382.77
2026-04-01 17:40:27,398 - INFO - 👁️ [监控] 已检查140次，持仓0个
2026-04-01 17:40:34,074 - INFO - 💓 系统运行中... 持仓: 0, 余额: $382.77
2026-04-01 17:40:34,204 - INFO - 👁️ [监控] 已检查140次，持仓0个
2026-04-01 17:41:34,077 - INFO - 💓 系统运行中... 持仓: 0, 余额: $382.77
2026-04-01 17:42:34,083 - INFO - 💓 系统运行中... 持仓: 0, 余额: $382.77
2026-04-01 17:43:34,091 - INFO - 💓 系统运行中... 持仓: 0, 余额: $382.77
2026-04-01 17:44:34,097 - INFO - 💓 系统运行中... 持仓: 0, 余额: $382.77
2026-04-01 17:45:27,439 - INFO - 👁️ [监控] 已检查150次，持仓0个
2026-04-01 17:45:34,105 - INFO - 💓 系统运行中... 持仓: 0, 余额: $382.77
2026-04-01 17:45:34,229 - INFO - 👁️ [监控] 已检查150次，持仓0个
2026-04-01 17:46:34,110 - INFO - 💓 系统运行中... 持仓: 0, 余额: $382.77
2026-04-01 17:47:34,116 - INFO - 💓 系统运行中... 持仓: 0, 余额: $382.77
2026-04-01 17:48:34,121 - INFO - 💓 系统运行中... 持仓: 0, 余额: $382.77
2026-04-01 17:49:34,128 - INFO - 💓 系统运行中... 持仓: 0, 余额: $382.77
2026-04-01 17:50:27,479 - INFO - 👁️ [监控] 已检查160次，持仓0个
2026-04-01 17:50:34,142 - INFO - 💓 系统运行中... 持仓: 0, 余额: $382.77
2026-04-01 17:50:34,264 - INFO - 👁️ [监控] 已检查160次，持仓0个
2026-04-01 17:51:34,149 - INFO - 💓 系统运行中... 持仓: 0, 余额: $382.77
2026-04-01 17:52:34,159 - INFO - 💓 系统运行中... 持仓: 0, 余额: $382.77
2026-04-01 17:53:34,163 - INFO - 💓 系统运行中... 持仓: 0, 余额: $382.77
2026-04-01 17:54:34,170 - INFO - 💓 系统运行中... 持仓: 0, 余额: $382.77
2026-04-01 17:55:27,522 - INFO - 👁️ [监控] 已检查170次，持仓0个
2026-04-01 17:55:34,176 - INFO - 💓 系统运行中... 持仓: 0, 余额: $382.77
2026-04-01 17:55:34,305 - INFO - 👁️ [监控] 已检查170次，持仓0个
2026-04-01 17:56:34,180 - INFO - 💓 系统运行中... 持仓: 0, 余额: $382.77
2026-04-01 17:57:34,195 - INFO - 💓 系统运行中... 持仓: 0, 余额: $382.77
2026-04-01 17:58:34,204 - INFO - 💓 系统运行中... 持仓: 0, 余额: $382.77
2026-04-01 17:59:34,210 - INFO - 💓 系统运行中... 持仓: 0, 余额: $382.77
2026-04-01 18:00:27,562 - INFO - 👁️ [监控] 已检查180次，持仓0个
2026-04-01 18:00:34,213 - INFO - 💓 系统运行中... 持仓: 0, 余额: $382.77
2026-04-01 18:00:34,345 - INFO - 👁️ [监控] 已检查180次，持仓0个
2026-04-01 18:01:34,216 - INFO - 💓 系统运行中... 持仓: 0, 余额: $382.77
2026-04-01 18:02:34,224 - INFO - 💓 系统运行中... 持仓: 0, 余额: $382.77
2026-04-01 18:03:03,755 - INFO - 🔍 [定时扫描] UTC 2026-04-01 10:03:03 开始扫描...
2026-04-01 18:03:04,339 - INFO - 🔍 [定时扫描] UTC 2026-04-01 10:03:04 开始扫描...
2026-04-01 18:03:04,484 - INFO - 💰 账户余额: $382.77 USDT
2026-04-01 18:03:04,486 - INFO - 💰 账户余额: $382.77
2026-04-01 18:03:04,486 - INFO - 🔍 开始扫描卖量暴涨信号（API模式）...
2026-04-01 18:03:04,733 - INFO - ✅ 获取到 541 个活跃USDT合约
2026-04-01 18:03:04,734 - INFO - 📊 开始扫描 541 个交易对...
2026-04-01 18:03:04,984 - INFO - 💰 账户余额: $382.77 USDT
2026-04-01 18:03:04,985 - INFO - 💰 账户余额: $382.77
2026-04-01 18:03:04,985 - INFO - 🔍 开始扫描卖量暴涨信号（API模式）...
2026-04-01 18:03:05,272 - INFO - ✅ 获取到 541 个活跃USDT合约
2026-04-01 18:03:05,274 - INFO - 📊 开始扫描 541 个交易对...
2026-04-01 18:03:17,850 - INFO - 📊 BLURUSDT 信号价格: 使用下一小时开盘价 0.022680
2026-04-01 18:03:17,958 - INFO - 🔥 发现信号: BLURUSDT 卖量暴涨 385.45倍 @ 0.022680 (买量倍数:716.19倍) (时间: 2026-04-01 09:00 UTC)
2026-04-01 18:03:18,381 - INFO - 📊 BLURUSDT 信号价格: 使用下一小时开盘价 0.022680
2026-04-01 18:03:18,585 - INFO - 🔥 发现信号: BLURUSDT 卖量暴涨 385.45倍 @ 0.022680 (买量倍数:716.19倍) (时间: 2026-04-01 09:00 UTC)
2026-04-01 18:03:22,041 - INFO - 📊 CLOUSDT 信号价格: 使用下一小时开盘价 0.079330
2026-04-01 18:03:22,148 - INFO - 🔥 发现信号: CLOUSDT 卖量暴涨 19.84倍 @ 0.079330 (买量倍数:3.41倍) (时间: 2026-04-01 09:00 UTC)
2026-04-01 18:03:23,553 - INFO - 📊 CLOUSDT 信号价格: 使用下一小时开盘价 0.079330
2026-04-01 18:03:23,670 - INFO - 🔥 发现信号: CLOUSDT 卖量暴涨 19.84倍 @ 0.079330 (买量倍数:3.41倍) (时间: 2026-04-01 09:00 UTC)
2026-04-01 18:03:33,490 - INFO - 📊 GWEIUSDT 信号价格: 使用下一小时开盘价 0.047621
2026-04-01 18:03:33,597 - WARNING - 🚫 GWEIUSDT 当日买量倍数风控过滤信号: 6.48倍在危险区间[4.81, 6.61]（卖量暴涨29.41倍但买量也暴涨，疑似多空博弈信号）
2026-04-01 18:03:34,228 - INFO - 💓 系统运行中... 持仓: 0, 余额: $382.77
2026-04-01 18:03:35,783 - INFO - 📊 GWEIUSDT 信号价格: 使用下一小时开盘价 0.047621
2026-04-01 18:03:35,889 - WARNING - 🚫 GWEIUSDT 当日买量倍数风控过滤信号: 6.48倍在危险区间[4.81, 6.61]（卖量暴涨29.41倍但买量也暴涨，疑似多空博弈信号）
2026-04-01 18:03:49,390 - INFO - 📊 OGUSDT 信号价格: 使用下一小时开盘价 2.798000
2026-04-01 18:03:49,520 - WARNING - 🚫 OGUSDT 当日买量倍数风控过滤信号: 5.10倍在危险区间[4.81, 6.61]（卖量暴涨26.43倍但买量也暴涨，疑似多空博弈信号）
2026-04-01 18:03:50,980 - INFO - 📊 OGUSDT 信号价格: 使用下一小时开盘价 2.798000
2026-04-01 18:03:51,184 - WARNING - 🚫 OGUSDT 当日买量倍数风控过滤信号: 5.10倍在危险区间[4.81, 6.61]（卖量暴涨26.43倍但买量也暴涨，疑似多空博弈信号）
2026-04-01 18:03:57,186 - INFO - 📊 RAYSOLUSDT 信号价格: 使用下一小时开盘价 0.706500
2026-04-01 18:03:57,384 - INFO - 🔥 发现信号: RAYSOLUSDT 卖量暴涨 17.66倍 @ 0.706500 (买量倍数:8.54倍) (时间: 2026-04-01 09:00 UTC)
2026-04-01 18:03:58,117 - INFO - 📊 RAYSOLUSDT 信号价格: 使用下一小时开盘价 0.706500
2026-04-01 18:03:58,284 - INFO - 🔥 发现信号: RAYSOLUSDT 卖量暴涨 17.66倍 @ 0.706500 (买量倍数:8.54倍) (时间: 2026-04-01 09:00 UTC)
2026-04-01 18:04:20,569 - INFO - ✅ API扫描完成，共发现 3 个信号
2026-04-01 18:04:20,570 - INFO - ✅ 发现 3 个信号
2026-04-01 18:04:20,571 - INFO -    BLURUSDT: 385.45倍 @ 0.022680
2026-04-01 18:04:20,571 - INFO -    CLOUSDT: 19.84倍 @ 0.079330
2026-04-01 18:04:20,571 - INFO -    RAYSOLUSDT: 17.66倍 @ 0.706500
2026-04-01 18:04:20,688 - INFO - 💰 BLURUSDT 信号价格: 0.022680, 当前市价: 0.022830
2026-04-01 18:04:20,809 - INFO - 📊 持仓检查: 内存记录=0, 交易所实际=0, 上限=10
2026-04-01 18:04:20,875 - INFO - ✅ API扫描完成，共发现 3 个信号
2026-04-01 18:04:20,875 - INFO - ✅ 发现 3 个信号
2026-04-01 18:04:20,875 - INFO -    BLURUSDT: 385.45倍 @ 0.022680
2026-04-01 18:04:20,875 - INFO -    CLOUSDT: 19.84倍 @ 0.079330
2026-04-01 18:04:20,875 - INFO -    RAYSOLUSDT: 17.66倍 @ 0.706500
2026-04-01 18:04:20,875 - WARNING - 🔒 BLURUSDT 正在建仓中，跳过重复请求
2026-04-01 18:04:20,976 - WARNING - 🚫 BLURUSDT 建仓被拒: BTC昨日(2026-03-31)收涨 +2.21% (open=66764.40 close=68241.50)，风控：当日不建新仓
2026-04-01 18:04:20,977 - WARNING - 🔒 CLOUSDT 正在建仓中，跳过重复请求
2026-04-01 18:04:21,097 - INFO - 💰 CLOUSDT 信号价格: 0.079330, 当前市价: 0.079910
2026-04-01 18:04:21,223 - INFO - 📊 持仓检查: 内存记录=0, 交易所实际=0, 上限=10
2026-04-01 18:04:21,381 - WARNING - 🚫 CLOUSDT 建仓被拒: BTC昨日(2026-03-31)收涨 +2.21% (open=66764.40 close=68241.50)，风控：当日不建新仓
2026-04-01 18:04:21,381 - WARNING - 🔒 RAYSOLUSDT 正在建仓中，跳过重复请求
2026-04-01 18:04:21,382 - WARNING - ⚠️ 所有信号均无法建仓（已达到限制或已持有）
2026-04-01 18:04:21,522 - INFO - 💰 RAYSOLUSDT 信号价格: 0.706500, 当前市价: 0.710100
2026-04-01 18:04:21,681 - INFO - 📊 持仓检查: 内存记录=0, 交易所实际=0, 上限=10
2026-04-01 18:04:21,801 - WARNING - 🚫 RAYSOLUSDT 建仓被拒: BTC昨日(2026-03-31)收涨 +2.21% (open=66764.40 close=68241.50)，风控：当日不建新仓
2026-04-01 18:04:21,801 - WARNING - ⚠️ 所有信号均无法建仓（已达到限制或已持有）
2026-04-01 18:04:34,236 - INFO - 💓 系统运行中... 持仓: 0, 余额: $382.77
2026-04-01 18:05:27,612 - INFO - 👁️ [监控] 已检查190次，持仓0个
2026-04-01 18:05:34,243 - INFO - 💓 系统运行中... 持仓: 0, 余额: $382.77
2026-04-01 18:05:34,393 - INFO - 👁️ [监控] 已检查190次，持仓0个
2026-04-01 18:06:34,252 - INFO - 💓 系统运行中... 持仓: 0, 余额: $382.77
2026-04-01 18:07:34,262 - INFO - 💓 系统运行中... 持仓: 0, 余额: $382.77
2026-04-01 18:08:34,267 - INFO - 💓 系统运行中... 持仓: 0, 余额: $382.77
2026-04-01 18:09:34,278 - INFO - 💓 系统运行中... 持仓: 0, 余额: $382.77
2026-04-01 18:10:27,654 - INFO - 👁️ [监控] 已检查200次，持仓0个
2026-04-01 18:10:34,286 - INFO - 💓 系统运行中... 持仓: 0, 余额: $382.77
2026-04-01 18:10:34,435 - INFO - 👁️ [监控] 已检查200次，持仓0个
2026-04-01 18:11:34,291 - INFO - 💓 系统运行中... 持仓: 0, 余额: $382.77
2026-04-01 18:12:34,297 - INFO - 💓 系统运行中... 持仓: 0, 余额: $382.77
2026-04-01 18:13:34,302 - INFO - 💓 系统运行中... 持仓: 0, 余额: $382.77
2026-04-01 18:14:34,305 - INFO - 💓 系统运行中... 持仓: 0, 余额: $382.77
2026-04-01 18:15:27,684 - INFO - 👁️ [监控] 已检查210次，持仓0个
2026-04-01 18:15:34,310 - INFO - 💓 系统运行中... 持仓: 0, 余额: $382.77
2026-04-01 18:15:34,462 - INFO - 👁️ [监控] 已检查210次，持仓0个
2026-04-01 18:16:34,317 - INFO - 💓 系统运行中... 持仓: 0, 余额: $382.77
2026-04-01 18:17:34,321 - INFO - 💓 系统运行中... 持仓: 0, 余额: $382.77
2026-04-01 18:18:34,329 - INFO - 💓 系统运行中... 持仓: 0, 余额: $382.77
2026-04-01 18:19:34,334 - INFO - 💓 系统运行中... 持仓: 0, 余额: $382.77
2026-04-01 18:20:27,724 - INFO - 👁️ [监控] 已检查220次，持仓0个
2026-04-01 18:20:34,339 - INFO - 💓 系统运行中... 持仓: 0, 余额: $382.77
2026-04-01 18:20:34,496 - INFO - 👁️ [监控] 已检查220次，持仓0个
2026-04-01 18:21:34,346 - INFO - 💓 系统运行中... 持仓: 0, 余额: $382.77
2026-04-01 18:22:34,353 - INFO - 💓 系统运行中... 持仓: 0, 余额: $382.77
2026-04-01 18:23:34,363 - INFO - 💓 系统运行中... 持仓: 0, 余额: $382.77
2026-04-01 18:24:34,368 - INFO - 💓 系统运行中... 持仓: 0, 余额: $382.77
2026-04-01 18:25:27,763 - INFO - 👁️ [监控] 已检查230次，持仓0个
2026-04-01 18:25:34,376 - INFO - 💓 系统运行中... 持仓: 0, 余额: $382.77
2026-04-01 18:25:34,535 - INFO - 👁️ [监控] 已检查230次，持仓0个
2026-04-01 18:26:34,383 - INFO - 💓 系统运行中... 持仓: 0, 余额: $382.77
2026-04-01 18:27:34,388 - INFO - 💓 系统运行中... 持仓: 0, 余额: $382.77
2026-04-01 18:28:34,397 - INFO - 💓 系统运行中... 持仓: 0, 余额: $382.77
2026-04-01 18:29:34,400 - INFO - 💓 系统运行中... 持仓: 0, 余额: $382.77
2026-04-01 18:30:27,796 - INFO - 👁️ [监控] 已检查240次，持仓0个
2026-04-01 18:30:34,404 - INFO - 💓 系统运行中... 持仓: 0, 余额: $382.77
2026-04-01 18:30:34,568 - INFO - 👁️ [监控] 已检查240次，持仓0个
2026-04-01 18:31:34,408 - INFO - 💓 系统运行中... 持仓: 0, 余额: $382.77
2026-04-01 18:32:34,417 - INFO - 💓 系统运行中... 持仓: 0, 余额: $382.77
2026-04-01 18:33:34,427 - INFO - 💓 系统运行中... 持仓: 0, 余额: $382.77
2026-04-01 18:34:34,431 - INFO - 💓 系统运行中... 持仓: 0, 余额: $382.77
2026-04-01 18:35:27,822 - INFO - 👁️ [监控] 已检查250次，持仓0个
2026-04-01 18:35:34,438 - INFO - 💓 系统运行中... 持仓: 0, 余额: $382.77
2026-04-01 18:35:34,609 - INFO - 👁️ [监控] 已检查250次，持仓0个
2026-04-01 18:36:34,444 - INFO - 💓 系统运行中... 持仓: 0, 余额: $382.77
2026-04-01 18:37:34,449 - INFO - 💓 系统运行中... 持仓: 0, 余额: $382.77
2026-04-01 18:38:34,457 - INFO - 💓 系统运行中... 持仓: 0, 余额: $382.77
2026-04-01 18:39:34,464 - INFO - 💓 系统运行中... 持仓: 0, 余额: $382.77
2026-04-01 18:40:27,860 - INFO - 👁️ [监控] 已检查260次，持仓0个
2026-04-01 18:40:34,473 - INFO - 💓 系统运行中... 持仓: 0, 余额: $382.77
2026-04-01 18:40:34,648 - INFO - 👁️ [监控] 已检查260次，持仓0个
2026-04-01 18:41:34,477 - INFO - 💓 系统运行中... 持仓: 0, 余额: $382.77
2026-04-01 18:42:34,480 - INFO - 💓 系统运行中... 持仓: 0, 余额: $382.77
2026-04-01 18:43:34,484 - INFO - 💓 系统运行中... 持仓: 0, 余额: $382.77
2026-04-01 18:44:34,487 - INFO - 💓 系统运行中... 持仓: 0, 余额: $382.77
2026-04-01 18:45:27,896 - INFO - 👁️ [监控] 已检查270次，持仓0个
2026-04-01 18:45:34,490 - INFO - 💓 系统运行中... 持仓: 0, 余额: $382.77
2026-04-01 18:45:34,687 - INFO - 👁️ [监控] 已检查270次，持仓0个
2026-04-01 18:46:34,493 - INFO - 💓 系统运行中... 持仓: 0, 余额: $382.77
2026-04-01 18:47:34,498 - INFO - 💓 系统运行中... 持仓: 0, 余额: $382.77
2026-04-01 18:48:34,507 - INFO - 💓 系统运行中... 持仓: 0, 余额: $382.77
2026-04-01 18:49:34,515 - INFO - 💓 系统运行中... 持仓: 0, 余额: $382.77
2026-04-01 18:50:27,935 - INFO - 👁️ [监控] 已检查280次，持仓0个
2026-04-01 18:50:34,520 - INFO - 💓 系统运行中... 持仓: 0, 余额: $382.77
2026-04-01 18:50:34,724 - INFO - 👁️ [监控] 已检查280次，持仓0个
2026-04-01 18:51:34,524 - INFO - 💓 系统运行中... 持仓: 0, 余额: $382.77
2026-04-01 18:52:34,530 - INFO - 💓 系统运行中... 持仓: 0, 余额: $382.77
2026-04-01 18:53:34,539 - INFO - 💓 系统运行中... 持仓: 0, 余额: $382.77
2026-04-01 18:53:49,213 - INFO - 
⏹️ 收到停止信号，正在退出...
2026-04-01 18:53:50,216 - INFO - 👋 AE Server 已停止
