2026-04-02 08:23:12,865 - INFO - ============================================================
2026-04-02 08:23:12,865 - INFO - 🚀 AE Server v2.0 启动中...
2026-04-02 08:23:12,865 - INFO - ============================================================
2026-04-02 08:23:12,866 - INFO - ✅ 配置文件加载成功
2026-04-02 08:23:12,866 - WARNING - ⚠️ 环境变量未完整设置，尝试从 config.ini [BINANCE] 读取
2026-04-02 08:23:12,866 - INFO - 🔄 初始化币安客户端...
2026-04-02 08:23:14,498 - INFO - ✅ 期货API连接测试成功
2026-04-02 08:23:14,498 - INFO - 📦 初始化昨日数据缓存
2026-04-02 08:23:14,498 - INFO - ✅ 昨日数据缓存初始化完成（API模式）
2026-04-02 08:23:14,499 - INFO - 🔍 加载交易所现有持仓...
2026-04-02 08:23:15,056 - INFO - ✅ 第1次尝试获取持仓信息成功
2026-04-02 08:23:15,056 - INFO - 📭 无现有持仓
2026-04-02 08:23:15,057 - INFO - ✅ 策略引擎初始化完成
2026-04-02 08:23:15,057 - INFO -    杠杆: 3.0x, 单仓: 5%, 最大持仓: 10
2026-04-02 08:23:15,057 - INFO -    止盈: 33.0/21.0/11.0%, 止损: 18.0%
2026-04-02 08:23:15,057 - INFO -    24h涨幅平仓: False (阈值 6.30%) | 每小时单仓限制: False | 单次扫描最多开仓: 不限制
2026-04-02 08:23:15,057 - INFO -    BTC昨日阳线风控: 不建新仓=True | UTC日初一刀切空仓=True
2026-04-02 08:23:15,057 - INFO - ✅ 策略引擎初始化完成
2026-04-02 08:23:15,186 - INFO - 💰 账户余额: $382.77 USDT
2026-04-02 08:23:15,187 - INFO - 🔍 🚀 服务器启动：按交易所开放单对账止盈/止损，缺失则补挂...
2026-04-02 08:23:15,187 - INFO -    📊 当前持仓数量: 0
2026-04-02 08:23:15,187 - INFO - 📊 止盈止损检查完成: 需补挂仓位 0 个，本轮成功 0 个
2026-04-02 08:23:15,885 - INFO - ℹ️ 昨日BTC未收涨(2026-04-01 o=68241.40 c=68086.50 涨跌-0.23%)，跳过一刀切
2026-04-02 08:23:15,886 - INFO - ✅ Flask Web服务已启动: http://localhost:5002
2026-04-02 08:23:15,886 - INFO - 🚀 启动后台任务线程...
2026-04-02 08:23:15,886 - INFO - 📡 信号扫描线程已启动
2026-04-02 08:23:15,887 - INFO - ✅ 信号扫描线程已启动
2026-04-02 08:23:15,887 - INFO - 👁️ 持仓监控线程已启动
2026-04-02 08:23:15,887 - INFO - ✅ 持仓监控线程已启动
2026-04-02 08:23:15,888 - INFO - 📧 每日报告线程已启动
2026-04-02 08:23:15,888 - INFO - ✅ 每日报告线程已启动
2026-04-02 08:23:15,888 - INFO - ============================================================
2026-04-02 08:23:15,888 - INFO - 📋 使用说明:
2026-04-02 08:23:15,889 - INFO -   - 浏览器打开: http://localhost:5002
2026-04-02 08:23:15,890 - INFO -   - Web用户名: admin
2026-04-02 08:23:15,898 - INFO -   - Web密码: admin123
2026-04-02 08:23:15,899 - INFO -   - 外部访问: http://45.77.37.106:5002
2026-04-02 08:23:15,899 - INFO -   - API服务器(旧): http://localhost:5001
2026-04-02 08:23:15,899 - INFO -   - 停止程序: Ctrl+C
2026-04-02 08:23:15,899 - INFO - ============================================================
2026-04-02 08:23:15,916 - INFO - [31m[1mWARNING: This is a development server. Do not use it in a production deployment. Use a production WSGI server instead.[0m
 * Running on all addresses (0.0.0.0)
 * Running on http://127.0.0.1:5002
 * Running on http://198.19.0.1:5002
2026-04-02 08:23:15,916 - INFO - [33mPress CTRL+C to quit[0m
2026-04-02 08:23:27,712 - INFO - 127.0.0.1 - - [02/Apr/2026 08:23:27] "GET / HTTP/1.1" 200 -
2026-04-02 08:23:27,755 - INFO - 127.0.0.1 - - [02/Apr/2026 08:23:27] "[36mGET /static/js/app.js HTTP/1.1[0m" 304 -
2026-04-02 08:23:27,756 - INFO - 127.0.0.1 - - [02/Apr/2026 08:23:27] "[36mGET /static/css/style.css HTTP/1.1[0m" 304 -
2026-04-02 08:23:28,474 - INFO - 127.0.0.1 - - [02/Apr/2026 08:23:28] "GET /api/status HTTP/1.1" 200 -
2026-04-02 08:23:29,190 - INFO - 🔍 开始处理持仓，strategy.positions 长度: 0
2026-04-02 08:23:29,190 - INFO - 🔍 get_positions 方法即将返回数据，result 长度: 0
2026-04-02 08:23:29,191 - INFO - 🔍 返回 JSON 结构: success=True, positions长度=0, account_balance=382.7728673
2026-04-02 08:23:29,191 - INFO - 🔍 完整响应数据预览: {'success': True, 'positions': [], 'account_balance': 382.7728673}
2026-04-02 08:23:29,191 - INFO - 127.0.0.1 - - [02/Apr/2026 08:23:29] "GET /api/positions HTTP/1.1" 200 -
2026-04-02 08:23:29,306 - INFO - 127.0.0.1 - - [02/Apr/2026 08:23:29] "GET /api/logs?lines=80 HTTP/1.1" 200 -
2026-04-02 08:23:32,266 - INFO - 📥 收到 Web 请求: 启动交易 (POST /api/start_trading)
2026-04-02 08:23:32,266 - INFO - 📡 信号扫描线程已启动
2026-04-02 08:23:32,266 - INFO - 👁️ 持仓监控线程已启动
2026-04-02 08:23:32,266 - INFO - 🚀 Web 界面: 自动交易已启动（已新建 scan_loop / monitor_loop 线程，is_running=True）
2026-04-02 08:23:32,266 - INFO - 127.0.0.1 - - [02/Apr/2026 08:23:32] "POST /api/start_trading HTTP/1.1" 200 -
2026-04-02 08:23:35,554 - INFO - 127.0.0.1 - - [02/Apr/2026 08:23:35] "GET /api/status HTTP/1.1" 200 -
2026-04-02 08:23:36,153 - INFO - 🔍 开始处理持仓，strategy.positions 长度: 0
2026-04-02 08:23:36,153 - INFO - 🔍 get_positions 方法即将返回数据，result 长度: 0
2026-04-02 08:23:36,153 - INFO - 🔍 返回 JSON 结构: success=True, positions长度=0, account_balance=382.7728673
2026-04-02 08:23:36,153 - INFO - 🔍 完整响应数据预览: {'success': True, 'positions': [], 'account_balance': 382.7728673}
2026-04-02 08:23:36,154 - INFO - 127.0.0.1 - - [02/Apr/2026 08:23:36] "GET /api/positions HTTP/1.1" 200 -
2026-04-02 08:23:36,244 - INFO - 127.0.0.1 - - [02/Apr/2026 08:23:36] "GET /api/logs?lines=80 HTTP/1.1" 200 -
2026-04-02 08:24:15,889 - INFO - 📧 开始生成每日交易报告...
2026-04-02 08:24:15,903 - INFO - 💓 系统运行中... 持仓: 0, 余额: $382.77
2026-04-02 08:24:16,476 - ERROR - ❌ 未配置邮件发送账号
2026-04-02 08:24:16,476 - INFO - 📧 每日报告已发送 (2026-04-02)
2026-04-02 08:25:15,905 - INFO - 💓 系统运行中... 持仓: 0, 余额: $382.77
2026-04-02 08:26:15,910 - INFO - 💓 系统运行中... 持仓: 0, 余额: $382.77
2026-04-02 08:27:15,917 - INFO - 💓 系统运行中... 持仓: 0, 余额: $382.77
