2026-04-01 08:29:18,084 - INFO - ============================================================
2026-04-01 08:29:18,084 - INFO - 🚀 AE Server v2.0 启动中...
2026-04-01 08:29:18,084 - INFO - ============================================================
2026-04-01 08:29:18,085 - INFO - ✅ 配置文件加载成功
2026-04-01 08:29:18,085 - WARNING - ⚠️ 环境变量未完整设置，尝试从 config.ini [BINANCE] 读取
2026-04-01 08:29:18,085 - INFO - 🔄 初始化币安客户端...
2026-04-01 08:29:19,293 - INFO - ✅ 期货API连接测试成功
2026-04-01 08:29:19,293 - INFO - 📦 初始化昨日数据缓存
2026-04-01 08:29:19,293 - INFO - ✅ 昨日数据缓存初始化完成（API模式）
2026-04-01 08:29:19,294 - INFO - 🔍 加载交易所现有持仓...
2026-04-01 08:29:19,425 - INFO - ✅ 第1次尝试获取持仓信息成功
2026-04-01 08:29:19,425 - INFO - 📭 无现有持仓
2026-04-01 08:29:19,425 - INFO - ✅ 策略引擎初始化完成
2026-04-01 08:29:19,425 - INFO -    杠杆: 3.0x, 单仓: 5%, 最大持仓: 10
2026-04-01 08:29:19,425 - INFO -    止盈: 33.0/21.0/11.0%, 止损: 18.0%
2026-04-01 08:29:19,425 - INFO -    24h涨幅平仓: False (阈值 6.30%) | 每小时单仓限制: False | 单次扫描最多开仓: 不限制
2026-04-01 08:29:19,425 - INFO -    BTC昨日阳线风控: 不建新仓=True | UTC日初一刀切空仓=True
2026-04-01 08:29:19,425 - INFO - ✅ 策略引擎初始化完成
2026-04-01 08:29:19,563 - INFO - 💰 账户余额: $382.77 USDT
2026-04-01 08:29:19,563 - INFO - 🔍 🚀 服务器启动：按交易所开放单对账止盈/止损，缺失则补挂...
2026-04-01 08:29:19,563 - INFO -    📊 当前持仓数量: 0
2026-04-01 08:29:19,563 - INFO - 📊 止盈止损检查完成: 需补挂仓位 0 个，本轮成功 0 个
2026-04-01 08:29:19,686 - INFO - 📉 昨日BTC阳线(2026-03-31 o=66764.40 c=68241.50)，本地无待平空仓，跳过一刀切
2026-04-01 08:29:19,687 - INFO - ✅ Flask Web服务已启动: http://localhost:5002
2026-04-01 08:29:19,687 - INFO - 🚀 启动后台任务线程...
2026-04-01 08:29:19,687 - INFO - 📡 信号扫描线程已启动
2026-04-01 08:29:19,688 - INFO - ✅ 信号扫描线程已启动
2026-04-01 08:29:19,688 - INFO - 👁️ 持仓监控线程已启动
2026-04-01 08:29:19,688 - INFO - ✅ 持仓监控线程已启动
2026-04-01 08:29:19,688 - INFO - 📧 每日报告线程已启动
2026-04-01 08:29:19,688 - INFO - ✅ 每日报告线程已启动
2026-04-01 08:29:19,688 - INFO - ============================================================
2026-04-01 08:29:19,688 - INFO - 📋 使用说明:
2026-04-01 08:29:19,688 - INFO -   - 浏览器打开: http://localhost:5002
2026-04-01 08:29:19,688 - INFO -   - Web用户名: admin
2026-04-01 08:29:19,688 - INFO -   - Web密码: admin123
2026-04-01 08:29:19,688 - INFO -   - 外部访问: http://45.77.37.106:5002
2026-04-01 08:29:19,688 - INFO -   - API服务器(旧): http://localhost:5001
2026-04-01 08:29:19,688 - INFO -   - 停止程序: Ctrl+C
2026-04-01 08:29:19,688 - INFO - ============================================================
2026-04-01 08:29:19,726 - INFO - [31m[1mWARNING: This is a development server. Do not use it in a production deployment. Use a production WSGI server instead.[0m
 * Running on all addresses (0.0.0.0)
 * Running on http://127.0.0.1:5002
 * Running on http://198.19.0.1:5002
2026-04-01 08:29:19,726 - INFO - [33mPress CTRL+C to quit[0m
2026-04-01 08:29:24,916 - INFO - 127.0.0.1 - - [01/Apr/2026 08:29:24] "GET / HTTP/1.1" 200 -
2026-04-01 08:29:24,946 - INFO - 127.0.0.1 - - [01/Apr/2026 08:29:24] "[36mGET /static/css/style.css HTTP/1.1[0m" 304 -
2026-04-01 08:29:24,954 - INFO - 127.0.0.1 - - [01/Apr/2026 08:29:24] "[36mGET /static/js/app.js HTTP/1.1[0m" 304 -
2026-04-01 08:29:25,823 - INFO - 127.0.0.1 - - [01/Apr/2026 08:29:25] "GET /api/status HTTP/1.1" 200 -
2026-04-01 08:29:26,261 - INFO - 🔍 开始处理持仓，strategy.positions 长度: 0
2026-04-01 08:29:26,262 - INFO - 🔍 get_positions 方法即将返回数据，result 长度: 0
2026-04-01 08:29:26,262 - INFO - 🔍 返回 JSON 结构: success=True, positions长度=0, account_balance=382.7728673
2026-04-01 08:29:26,262 - INFO - 🔍 完整响应数据预览: {'success': True, 'positions': [], 'account_balance': 382.7728673}
2026-04-01 08:29:26,263 - INFO - 127.0.0.1 - - [01/Apr/2026 08:29:26] "GET /api/positions HTTP/1.1" 200 -
2026-04-01 08:29:26,381 - INFO - 127.0.0.1 - - [01/Apr/2026 08:29:26] "GET /api/logs?lines=80 HTTP/1.1" 200 -
2026-04-01 08:32:37,737 - INFO - 
⏹️ 收到停止信号，正在退出...
2026-04-01 08:32:38,742 - INFO - 👋 AE Server 已停止
