2026-03-30 14:47:51,349 - INFO - ============================================================
2026-03-30 14:47:51,349 - INFO - 🚀 AE Server v2.0 启动中...
2026-03-30 14:47:51,349 - INFO - ============================================================
2026-03-30 14:47:51,350 - INFO - ✅ 配置文件加载成功
2026-03-30 14:47:51,350 - WARNING - ⚠️ 环境变量未完整设置，尝试从 config.ini [BINANCE] 读取
2026-03-30 14:47:51,350 - WARNING - ⚠️ 未配置有效 API 密钥：以「仅界面模式」启动（可访问监控页；交易与行情类接口不可用，配置密钥后需重启）
2026-03-30 14:47:51,350 - INFO - 📦 初始化昨日数据缓存
2026-03-30 14:47:51,350 - WARNING - 🔕 未配置 API：跳过从交易所加载持仓
2026-03-30 14:47:51,350 - INFO - ✅ 策略引擎初始化完成
2026-03-30 14:47:51,350 - INFO -    杠杆: 3.0x, 单仓: 5%, 最大持仓: 10
2026-03-30 14:47:51,350 - INFO -    止盈: 33.0/21.0/11.0%, 止损: 18.0%
2026-03-30 14:47:51,350 - INFO -    24h涨幅平仓: False (阈值 6.30%) | 每小时单仓限制: False | 单次扫描最多开仓: 不限制
2026-03-30 14:47:51,350 - INFO -    BTC昨日阳线风控: 不建新仓=True | UTC日初一刀切空仓=True
2026-03-30 14:47:51,350 - INFO - ✅ 策略引擎初始化完成
2026-03-30 14:47:51,350 - INFO - 🔕 仅界面模式：跳过账户同步、止盈止损检查与 BTC 日级风控
2026-03-30 14:47:51,350 - INFO - ✅ Flask Web服务已启动: http://localhost:5002
2026-03-30 14:47:51,350 - INFO - 🚀 启动后台任务线程...
2026-03-30 14:47:51,351 - INFO - 📡 信号扫描线程已启动
2026-03-30 14:47:51,351 - INFO - ✅ 信号扫描线程已启动
2026-03-30 14:47:51,351 - INFO - 👁️ 持仓监控线程已启动
2026-03-30 14:47:51,351 - INFO - ✅ 持仓监控线程已启动
2026-03-30 14:47:51,351 - INFO - 📧 每日报告线程已启动
2026-03-30 14:47:51,351 - INFO - ✅ 每日报告线程已启动
2026-03-30 14:47:51,351 - INFO - ============================================================
2026-03-30 14:47:51,351 - INFO - 📋 使用说明:
2026-03-30 14:47:51,351 - INFO -   - 浏览器打开: http://localhost:5002
2026-03-30 14:47:51,351 - INFO -   - Web用户名: admin
2026-03-30 14:47:51,351 - INFO -   - Web密码: admin123
2026-03-30 14:47:51,351 - INFO -   - 外部访问: http://45.77.37.106:5002
2026-03-30 14:47:51,351 - INFO -   - API服务器(旧): http://localhost:5001
2026-03-30 14:47:51,351 - INFO -   - 停止程序: Ctrl+C
2026-03-30 14:47:51,351 - INFO - ============================================================
2026-03-30 14:47:51,365 - INFO - [31m[1mWARNING: This is a development server. Do not use it in a production deployment. Use a production WSGI server instead.[0m
 * Running on all addresses (0.0.0.0)
 * Running on http://127.0.0.1:5002
 * Running on http://198.19.0.1:5002
2026-03-30 14:47:51,365 - INFO - [33mPress CTRL+C to quit[0m
2026-03-30 14:47:58,846 - INFO - 127.0.0.1 - - [30/Mar/2026 14:47:58] "GET / HTTP/1.1" 200 -
2026-03-30 14:47:59,122 - INFO - 127.0.0.1 - - [30/Mar/2026 14:47:59] "[35m[1mGET /api/positions HTTP/1.1[0m" 503 -
2026-03-30 14:47:59,198 - INFO - 127.0.0.1 - - [30/Mar/2026 14:47:59] "GET /api/status HTTP/1.1" 200 -
2026-03-30 14:56:35,853 - INFO - 
⏹️ 收到停止信号，正在退出...
2026-03-30 14:56:36,866 - INFO - 👋 AE Server 已停止
