2026-04-01 08:41:04,252 - INFO - ============================================================
2026-04-01 08:41:04,252 - INFO - 🚀 AE Server v2.0 启动中...
2026-04-01 08:41:04,252 - INFO - ============================================================
2026-04-01 08:41:04,252 - INFO - ✅ 配置文件加载成功
2026-04-01 08:41:04,252 - WARNING - ⚠️ 环境变量未完整设置，尝试从 config.ini [BINANCE] 读取
2026-04-01 08:41:04,252 - INFO - 🔄 初始化币安客户端...
2026-04-01 08:41:05,730 - INFO - ✅ 期货API连接测试成功
2026-04-01 08:41:05,731 - INFO - 📦 初始化昨日数据缓存
2026-04-01 08:41:05,731 - INFO - ✅ 昨日数据缓存初始化完成（API模式）
2026-04-01 08:41:05,732 - INFO - 🔍 加载交易所现有持仓...
2026-04-01 08:41:05,876 - INFO - ✅ 第1次尝试获取持仓信息成功
2026-04-01 08:41:05,876 - INFO - 📭 无现有持仓
2026-04-01 08:41:05,876 - INFO - ✅ 策略引擎初始化完成
2026-04-01 08:41:05,876 - INFO -    杠杆: 3.0x, 单仓: 5%, 最大持仓: 10
2026-04-01 08:41:05,876 - INFO -    止盈: 33.0/21.0/11.0%, 止损: 18.0%
2026-04-01 08:41:05,876 - INFO -    24h涨幅平仓: False (阈值 6.30%) | 每小时单仓限制: False | 单次扫描最多开仓: 不限制
2026-04-01 08:41:05,876 - INFO -    BTC昨日阳线风控: 不建新仓=True | UTC日初一刀切空仓=True
2026-04-01 08:41:05,876 - INFO - ✅ 策略引擎初始化完成
2026-04-01 08:41:06,049 - INFO - 💰 账户余额: $382.77 USDT
2026-04-01 08:41:06,049 - INFO - 🔍 🚀 服务器启动：按交易所开放单对账止盈/止损，缺失则补挂...
2026-04-01 08:41:06,050 - INFO -    📊 当前持仓数量: 0
2026-04-01 08:41:06,050 - INFO - 📊 止盈止损检查完成: 需补挂仓位 0 个，本轮成功 0 个
2026-04-01 08:41:06,177 - INFO - 📉 昨日BTC阳线(2026-03-31 o=66764.40 c=68241.50)，本地无待平空仓，跳过一刀切
2026-04-01 08:41:06,178 - INFO - ✅ Flask Web服务已启动: http://localhost:5002
2026-04-01 08:41:06,178 - INFO - 🚀 启动后台任务线程...
2026-04-01 08:41:06,178 - INFO - 📡 信号扫描线程已启动
2026-04-01 08:41:06,178 - INFO - ✅ 信号扫描线程已启动
2026-04-01 08:41:06,179 - INFO - 👁️ 持仓监控线程已启动
2026-04-01 08:41:06,179 - INFO - ✅ 持仓监控线程已启动
2026-04-01 08:41:06,179 - INFO - 📧 每日报告线程已启动
2026-04-01 08:41:06,179 - INFO - ✅ 每日报告线程已启动
2026-04-01 08:41:06,179 - INFO - ============================================================
2026-04-01 08:41:06,179 - INFO - 📋 使用说明:
2026-04-01 08:41:06,179 - INFO -   - 浏览器打开: http://localhost:5002
2026-04-01 08:41:06,179 - INFO -   - Web用户名: admin
2026-04-01 08:41:06,180 - INFO -   - Web密码: admin123
2026-04-01 08:41:06,180 - INFO -   - 外部访问: http://45.77.37.106:5002
2026-04-01 08:41:06,180 - INFO -   - API服务器(旧): http://localhost:5001
2026-04-01 08:41:06,180 - INFO -   - 停止程序: Ctrl+C
2026-04-01 08:41:06,180 - INFO - ============================================================
2026-04-01 08:41:06,207 - INFO - [31m[1mWARNING: This is a development server. Do not use it in a production deployment. Use a production WSGI server instead.[0m
 * Running on all addresses (0.0.0.0)
 * Running on http://127.0.0.1:5002
 * Running on http://198.19.0.1:5002
2026-04-01 08:41:06,207 - INFO - [33mPress CTRL+C to quit[0m
2026-04-01 08:41:13,261 - INFO - 127.0.0.1 - - [01/Apr/2026 08:41:13] "GET / HTTP/1.1" 200 -
2026-04-01 08:41:13,462 - INFO - 127.0.0.1 - - [01/Apr/2026 08:41:13] "[36mGET /static/css/style.css HTTP/1.1[0m" 304 -
2026-04-01 08:41:13,472 - INFO - 127.0.0.1 - - [01/Apr/2026 08:41:13] "[36mGET /static/js/app.js HTTP/1.1[0m" 304 -
2026-04-01 08:41:14,330 - INFO - 127.0.0.1 - - [01/Apr/2026 08:41:14] "GET /api/status HTTP/1.1" 200 -
2026-04-01 08:41:15,035 - INFO - 🔍 开始处理持仓，strategy.positions 长度: 0
2026-04-01 08:41:15,035 - INFO - 🔍 get_positions 方法即将返回数据，result 长度: 0
2026-04-01 08:41:15,035 - INFO - 🔍 返回 JSON 结构: success=True, positions长度=0, account_balance=382.7728673
2026-04-01 08:41:15,035 - INFO - 🔍 完整响应数据预览: {'success': True, 'positions': [], 'account_balance': 382.7728673}
2026-04-01 08:41:15,044 - INFO - 127.0.0.1 - - [01/Apr/2026 08:41:15] "GET /api/positions HTTP/1.1" 200 -
2026-04-01 08:41:15,115 - INFO - 127.0.0.1 - - [01/Apr/2026 08:41:15] "GET /api/logs?lines=80 HTTP/1.1" 200 -
2026-04-01 08:57:03,317 - INFO - 📥 收到 Web 请求: 启动交易 (POST /api/start_trading)
2026-04-01 08:57:03,318 - INFO - 📡 信号扫描线程已启动
2026-04-01 08:57:03,318 - INFO - 👁️ 持仓监控线程已启动
2026-04-01 08:57:03,319 - INFO - 🚀 Web 界面: 自动交易已启动（已新建 scan_loop / monitor_loop 线程，is_running=True）
2026-04-01 08:57:03,320 - INFO - 127.0.0.1 - - [01/Apr/2026 08:57:03] "POST /api/start_trading HTTP/1.1" 200 -
2026-04-01 08:57:06,047 - INFO - 127.0.0.1 - - [01/Apr/2026 08:57:06] "GET /api/status HTTP/1.1" 200 -
2026-04-01 08:57:06,241 - INFO - 💓 系统运行中... 持仓: 0, 余额: $382.77
2026-04-01 08:57:06,245 - INFO - 📧 开始生成每日交易报告...
2026-04-01 08:57:06,452 - INFO - 🔍 开始处理持仓，strategy.positions 长度: 0
2026-04-01 08:57:06,453 - INFO - 🔍 get_positions 方法即将返回数据，result 长度: 0
2026-04-01 08:57:06,453 - INFO - 🔍 返回 JSON 结构: success=True, positions长度=0, account_balance=382.7728673
2026-04-01 08:57:06,453 - INFO - 🔍 完整响应数据预览: {'success': True, 'positions': [], 'account_balance': 382.7728673}
2026-04-01 08:57:06,453 - INFO - 127.0.0.1 - - [01/Apr/2026 08:57:06] "GET /api/positions HTTP/1.1" 200 -
2026-04-01 08:57:06,523 - INFO - 127.0.0.1 - - [01/Apr/2026 08:57:06] "GET /api/logs?lines=80 HTTP/1.1" 200 -
2026-04-01 08:57:07,444 - ERROR - ❌ 未配置邮件发送账号
2026-04-01 08:57:07,444 - INFO - 📧 每日报告已发送 (2026-04-01)
2026-04-01 08:58:06,245 - INFO - 💓 系统运行中... 持仓: 0, 余额: $382.77
2026-04-01 08:59:06,252 - INFO - 💓 系统运行中... 持仓: 0, 余额: $382.77
2026-04-01 09:00:06,257 - INFO - 💓 系统运行中... 持仓: 0, 余额: $382.77
2026-04-01 09:01:06,263 - INFO - 💓 系统运行中... 持仓: 0, 余额: $382.77
2026-04-01 09:01:33,360 - INFO - 👁️ [监控] 已检查10次，持仓0个
2026-04-01 09:01:36,547 - INFO - 👁️ [监控] 已检查10次，持仓0个
2026-04-01 09:02:06,267 - INFO - 💓 系统运行中... 持仓: 0, 余额: $382.77
2026-04-01 09:03:03,376 - INFO - 🔍 [定时扫描] UTC 2026-04-01 01:03:03 开始扫描...
2026-04-01 09:03:03,969 - INFO - 💰 账户余额: $382.77 USDT
2026-04-01 09:03:03,969 - INFO - 💰 账户余额: $382.77
2026-04-01 09:03:03,969 - INFO - 🔍 开始扫描卖量暴涨信号（API模式）...
2026-04-01 09:03:04,225 - INFO - ✅ 获取到 541 个活跃USDT合约
2026-04-01 09:03:04,227 - INFO - 📊 开始扫描 541 个交易对...
2026-04-01 09:03:06,273 - INFO - 💓 系统运行中... 持仓: 0, 余额: $382.77
2026-04-01 09:03:06,514 - INFO - 🔍 [定时扫描] UTC 2026-04-01 01:03:06 开始扫描...
2026-04-01 09:03:07,087 - INFO - 💰 账户余额: $382.77 USDT
2026-04-01 09:03:07,090 - INFO - 💰 账户余额: $382.77
2026-04-01 09:03:07,091 - INFO - 🔍 开始扫描卖量暴涨信号（API模式）...
2026-04-01 09:03:07,377 - INFO - ✅ 获取到 541 个活跃USDT合约
2026-04-01 09:03:07,379 - INFO - 📊 开始扫描 541 个交易对...
2026-04-01 09:03:34,236 - INFO - 📊 BLURUSDT 信号价格: 使用下一小时开盘价 0.019400
2026-04-01 09:03:34,237 - INFO - 📊 BLURUSDT 信号价格: 使用下一小时开盘价 0.019400
2026-04-01 09:03:34,353 - INFO - 🔥 发现信号: BLURUSDT 卖量暴涨 304.97倍 @ 0.019400 (买量倍数:2.29倍) (时间: 2026-04-01 00:00 UTC)
2026-04-01 09:03:34,372 - INFO - 🔥 发现信号: BLURUSDT 卖量暴涨 304.97倍 @ 0.019400 (买量倍数:2.29倍) (时间: 2026-04-01 00:00 UTC)
2026-04-01 09:04:06,275 - INFO - 💓 系统运行中... 持仓: 0, 余额: $382.77
2026-04-01 09:04:33,053 - INFO - 📊 MINAUSDT 信号价格: 使用下一小时开盘价 0.056170
2026-04-01 09:04:33,074 - INFO - 📊 MINAUSDT 信号价格: 使用下一小时开盘价 0.056170
2026-04-01 09:04:33,163 - INFO - 🔥 发现信号: MINAUSDT 卖量暴涨 40.89倍 @ 0.056170 (买量倍数:1.81倍) (时间: 2026-04-01 00:00 UTC)
2026-04-01 09:04:33,318 - INFO - 🔥 发现信号: MINAUSDT 卖量暴涨 40.89倍 @ 0.056170 (买量倍数:1.81倍) (时间: 2026-04-01 00:00 UTC)
2026-04-01 09:04:34,754 - INFO - 📊 MOCAUSDT 信号价格: 使用下一小时开盘价 0.013020
2026-04-01 09:04:34,888 - INFO - 📊 MOCAUSDT 信号价格: 使用下一小时开盘价 0.013020
2026-04-01 09:04:35,061 - WARNING - 🚫 MOCAUSDT 当日买量倍数风控过滤信号: 5.58倍在危险区间[4.81, 6.61]（卖量暴涨11.60倍但买量也暴涨，疑似多空博弈信号）
2026-04-01 09:04:35,092 - WARNING - 🚫 MOCAUSDT 当日买量倍数风控过滤信号: 5.58倍在危险区间[4.81, 6.61]（卖量暴涨11.60倍但买量也暴涨，疑似多空博弈信号）
2026-04-01 09:04:46,049 - INFO - 📊 ORDERUSDT 信号价格: 使用下一小时开盘价 0.051320
2026-04-01 09:04:46,049 - INFO - 📊 ORDERUSDT 信号价格: 使用下一小时开盘价 0.051320
2026-04-01 09:04:46,175 - INFO - 🔥 发现信号: ORDERUSDT 卖量暴涨 10.20倍 @ 0.051320 (买量倍数:4.27倍) (时间: 2026-04-01 00:00 UTC)
2026-04-01 09:04:46,196 - INFO - 🔥 发现信号: ORDERUSDT 卖量暴涨 10.20倍 @ 0.051320 (买量倍数:4.27倍) (时间: 2026-04-01 00:00 UTC)
2026-04-01 09:05:06,279 - INFO - 💓 系统运行中... 持仓: 0, 余额: $382.77
2026-04-01 09:05:27,083 - INFO - 📊 TUSDT 信号价格: 使用下一小时开盘价 0.006034
2026-04-01 09:05:27,168 - INFO - 📊 TUSDT 信号价格: 使用下一小时开盘价 0.006034
2026-04-01 09:05:27,273 - INFO - 🔥 发现信号: TUSDT 卖量暴涨 25.89倍 @ 0.006034 (买量倍数:2.16倍) (时间: 2026-04-01 00:00 UTC)
2026-04-01 09:05:27,329 - INFO - 🔥 发现信号: TUSDT 卖量暴涨 25.89倍 @ 0.006034 (买量倍数:2.16倍) (时间: 2026-04-01 00:00 UTC)
2026-04-01 09:05:46,673 - INFO - ✅ API扫描完成，共发现 4 个信号
2026-04-01 09:05:46,675 - INFO - ✅ 发现 4 个信号
2026-04-01 09:05:46,676 - INFO -    BLURUSDT: 304.97倍 @ 0.019400
2026-04-01 09:05:46,676 - INFO -    MINAUSDT: 40.89倍 @ 0.056170
2026-04-01 09:05:46,677 - INFO -    TUSDT: 25.89倍 @ 0.006034
2026-04-01 09:05:46,678 - INFO -    ORDERUSDT: 10.20倍 @ 0.051320
2026-04-01 09:05:46,862 - INFO - 💰 BLURUSDT 信号价格: 0.019400, 当前市价: 0.019800
2026-04-01 09:05:46,863 - INFO - ✅ API扫描完成，共发现 4 个信号
2026-04-01 09:05:46,863 - INFO - ✅ 发现 4 个信号
2026-04-01 09:05:46,864 - INFO -    BLURUSDT: 304.97倍 @ 0.019400
2026-04-01 09:05:46,864 - INFO -    MINAUSDT: 40.89倍 @ 0.056170
2026-04-01 09:05:46,864 - INFO -    TUSDT: 25.89倍 @ 0.006034
2026-04-01 09:05:46,864 - INFO -    ORDERUSDT: 10.20倍 @ 0.051320
2026-04-01 09:05:46,864 - WARNING - 🔒 BLURUSDT 正在建仓中，跳过重复请求
2026-04-01 09:05:46,995 - INFO - 📊 持仓检查: 内存记录=0, 交易所实际=0, 上限=10
2026-04-01 09:05:46,996 - INFO - 📅 新的一天开始，建仓计数器已重置
2026-04-01 09:05:47,200 - WARNING - 🚫 BLURUSDT 建仓被拒: 昨日BTC日K阳线(2026-03-31 open=66764.40 close=68241.50)，当日不建新仓
2026-04-01 09:05:47,201 - WARNING - 🔒 MINAUSDT 正在建仓中，跳过重复请求
2026-04-01 09:05:47,386 - INFO - 💰 MINAUSDT 信号价格: 0.056170, 当前市价: 0.057840
2026-04-01 09:05:47,529 - INFO - 📊 持仓检查: 内存记录=0, 交易所实际=0, 上限=10
2026-04-01 09:05:47,718 - WARNING - 🚫 MINAUSDT 建仓被拒: 昨日BTC日K阳线(2026-03-31 open=66764.40 close=68241.50)，当日不建新仓
2026-04-01 09:05:47,718 - WARNING - 🔒 TUSDT 正在建仓中，跳过重复请求
2026-04-01 09:05:47,910 - INFO - 💰 TUSDT 信号价格: 0.006034, 当前市价: 0.006061
2026-04-01 09:05:48,043 - INFO - 📊 持仓检查: 内存记录=0, 交易所实际=0, 上限=10
2026-04-01 09:05:48,245 - WARNING - 🚫 TUSDT 建仓被拒: 昨日BTC日K阳线(2026-03-31 open=66764.40 close=68241.50)，当日不建新仓
2026-04-01 09:05:48,246 - WARNING - 🔒 ORDERUSDT 正在建仓中，跳过重复请求
2026-04-01 09:05:48,246 - WARNING - ⚠️ 所有信号均无法建仓（已达到限制或已持有）
2026-04-01 09:05:48,440 - INFO - 💰 ORDERUSDT 信号价格: 0.051320, 当前市价: 0.051700
2026-04-01 09:05:48,575 - INFO - 📊 持仓检查: 内存记录=0, 交易所实际=0, 上限=10
2026-04-01 09:05:48,770 - WARNING - 🚫 ORDERUSDT 建仓被拒: 昨日BTC日K阳线(2026-03-31 open=66764.40 close=68241.50)，当日不建新仓
2026-04-01 09:05:48,770 - WARNING - ⚠️ 所有信号均无法建仓（已达到限制或已持有）
2026-04-01 09:06:06,283 - INFO - 💓 系统运行中... 持仓: 0, 余额: $382.77
2026-04-01 09:06:33,417 - INFO - 👁️ [监控] 已检查20次，持仓0个
2026-04-01 09:06:36,582 - INFO - 👁️ [监控] 已检查20次，持仓0个
2026-04-01 09:07:06,291 - INFO - 💓 系统运行中... 持仓: 0, 余额: $382.77
2026-04-01 09:08:06,300 - INFO - 💓 系统运行中... 持仓: 0, 余额: $382.77
2026-04-01 09:09:06,306 - INFO - 💓 系统运行中... 持仓: 0, 余额: $382.77
2026-04-01 09:10:06,314 - INFO - 💓 系统运行中... 持仓: 0, 余额: $382.77
2026-04-01 09:11:06,317 - INFO - 💓 系统运行中... 持仓: 0, 余额: $382.77
2026-04-01 09:11:33,487 - INFO - 👁️ [监控] 已检查30次，持仓0个
2026-04-01 09:11:36,641 - INFO - 👁️ [监控] 已检查30次，持仓0个
2026-04-01 09:12:06,322 - INFO - 💓 系统运行中... 持仓: 0, 余额: $382.77
2026-04-01 09:13:06,330 - INFO - 💓 系统运行中... 持仓: 0, 余额: $382.77
2026-04-01 09:14:06,338 - INFO - 💓 系统运行中... 持仓: 0, 余额: $382.77
2026-04-01 09:15:06,344 - INFO - 💓 系统运行中... 持仓: 0, 余额: $382.77
2026-04-01 09:16:06,359 - INFO - 💓 系统运行中... 持仓: 0, 余额: $382.77
2026-04-01 09:16:33,557 - INFO - 👁️ [监控] 已检查40次，持仓0个
2026-04-01 09:16:36,697 - INFO - 👁️ [监控] 已检查40次，持仓0个
2026-04-01 09:17:06,375 - INFO - 💓 系统运行中... 持仓: 0, 余额: $382.77
2026-04-01 09:18:06,381 - INFO - 💓 系统运行中... 持仓: 0, 余额: $382.77
2026-04-01 09:19:06,389 - INFO - 💓 系统运行中... 持仓: 0, 余额: $382.77
2026-04-01 09:20:06,397 - INFO - 💓 系统运行中... 持仓: 0, 余额: $382.77
2026-04-01 09:21:06,404 - INFO - 💓 系统运行中... 持仓: 0, 余额: $382.77
2026-04-01 09:21:33,595 - INFO - 👁️ [监控] 已检查50次，持仓0个
2026-04-01 09:21:36,737 - INFO - 👁️ [监控] 已检查50次，持仓0个
2026-04-01 09:22:06,408 - INFO - 💓 系统运行中... 持仓: 0, 余额: $382.77
2026-04-01 09:23:06,413 - INFO - 💓 系统运行中... 持仓: 0, 余额: $382.77
2026-04-01 09:24:06,426 - INFO - 💓 系统运行中... 持仓: 0, 余额: $382.77
2026-04-01 09:25:06,433 - INFO - 💓 系统运行中... 持仓: 0, 余额: $382.77
2026-04-01 09:26:06,438 - INFO - 💓 系统运行中... 持仓: 0, 余额: $382.77
2026-04-01 09:26:33,632 - INFO - 👁️ [监控] 已检查60次，持仓0个
2026-04-01 09:26:36,781 - INFO - 👁️ [监控] 已检查60次，持仓0个
2026-04-01 09:27:06,444 - INFO - 💓 系统运行中... 持仓: 0, 余额: $382.77
2026-04-01 09:28:06,453 - INFO - 💓 系统运行中... 持仓: 0, 余额: $382.77
2026-04-01 09:29:06,462 - INFO - 💓 系统运行中... 持仓: 0, 余额: $382.77
2026-04-01 09:30:06,469 - INFO - 💓 系统运行中... 持仓: 0, 余额: $382.77
2026-04-01 09:31:06,476 - INFO - 💓 系统运行中... 持仓: 0, 余额: $382.77
2026-04-01 09:31:33,660 - INFO - 👁️ [监控] 已检查70次，持仓0个
2026-04-01 09:31:36,815 - INFO - 👁️ [监控] 已检查70次，持仓0个
2026-04-01 09:32:06,481 - INFO - 💓 系统运行中... 持仓: 0, 余额: $382.77
2026-04-01 09:33:06,487 - INFO - 💓 系统运行中... 持仓: 0, 余额: $382.77
2026-04-01 09:34:06,495 - INFO - 💓 系统运行中... 持仓: 0, 余额: $382.77
2026-04-01 09:35:06,503 - INFO - 💓 系统运行中... 持仓: 0, 余额: $382.77
2026-04-01 09:36:06,508 - INFO - 💓 系统运行中... 持仓: 0, 余额: $382.77
2026-04-01 09:36:33,700 - INFO - 👁️ [监控] 已检查80次，持仓0个
2026-04-01 09:36:36,849 - INFO - 👁️ [监控] 已检查80次，持仓0个
2026-04-01 09:37:06,517 - INFO - 💓 系统运行中... 持仓: 0, 余额: $382.77
2026-04-01 09:38:06,524 - INFO - 💓 系统运行中... 持仓: 0, 余额: $382.77
2026-04-01 09:39:06,530 - INFO - 💓 系统运行中... 持仓: 0, 余额: $382.77
2026-04-01 09:40:06,538 - INFO - 💓 系统运行中... 持仓: 0, 余额: $382.77
2026-04-01 09:41:06,547 - INFO - 💓 系统运行中... 持仓: 0, 余额: $382.77
2026-04-01 09:41:33,740 - INFO - 👁️ [监控] 已检查90次，持仓0个
2026-04-01 09:41:36,883 - INFO - 👁️ [监控] 已检查90次，持仓0个
2026-04-01 09:42:06,551 - INFO - 💓 系统运行中... 持仓: 0, 余额: $382.77
2026-04-01 09:43:06,558 - INFO - 💓 系统运行中... 持仓: 0, 余额: $382.77
2026-04-01 09:44:06,561 - INFO - 💓 系统运行中... 持仓: 0, 余额: $382.77
2026-04-01 09:45:06,568 - INFO - 💓 系统运行中... 持仓: 0, 余额: $382.77
2026-04-01 09:46:06,574 - INFO - 💓 系统运行中... 持仓: 0, 余额: $382.77
2026-04-01 09:46:33,781 - INFO - 👁️ [监控] 已检查100次，持仓0个
2026-04-01 09:46:36,922 - INFO - 👁️ [监控] 已检查100次，持仓0个
2026-04-01 09:47:06,582 - INFO - 💓 系统运行中... 持仓: 0, 余额: $382.77
2026-04-01 09:48:06,585 - INFO - 💓 系统运行中... 持仓: 0, 余额: $382.77
2026-04-01 09:49:06,594 - INFO - 💓 系统运行中... 持仓: 0, 余额: $382.77
2026-04-01 09:50:06,600 - INFO - 💓 系统运行中... 持仓: 0, 余额: $382.77
2026-04-01 09:51:06,613 - INFO - 💓 系统运行中... 持仓: 0, 余额: $382.77
2026-04-01 09:51:33,836 - INFO - 👁️ [监控] 已检查110次，持仓0个
2026-04-01 09:51:36,963 - INFO - 👁️ [监控] 已检查110次，持仓0个
2026-04-01 09:52:06,618 - INFO - 💓 系统运行中... 持仓: 0, 余额: $382.77
2026-04-01 09:53:06,625 - INFO - 💓 系统运行中... 持仓: 0, 余额: $382.77
2026-04-01 09:54:06,630 - INFO - 💓 系统运行中... 持仓: 0, 余额: $382.77
2026-04-01 09:55:06,633 - INFO - 💓 系统运行中... 持仓: 0, 余额: $382.77
2026-04-01 09:56:06,645 - INFO - 💓 系统运行中... 持仓: 0, 余额: $382.77
2026-04-01 09:56:33,914 - INFO - 👁️ [监控] 已检查120次，持仓0个
2026-04-01 09:56:37,024 - INFO - 👁️ [监控] 已检查120次，持仓0个
2026-04-01 09:57:06,653 - INFO - 💓 系统运行中... 持仓: 0, 余额: $382.77
2026-04-01 09:58:06,656 - INFO - 💓 系统运行中... 持仓: 0, 余额: $382.77
2026-04-01 09:59:06,662 - INFO - 💓 系统运行中... 持仓: 0, 余额: $382.77
2026-04-01 10:00:06,668 - INFO - 💓 系统运行中... 持仓: 0, 余额: $382.77
2026-04-01 10:01:06,675 - INFO - 💓 系统运行中... 持仓: 0, 余额: $382.77
2026-04-01 10:01:33,964 - INFO - 👁️ [监控] 已检查130次，持仓0个
2026-04-01 10:01:37,061 - INFO - 👁️ [监控] 已检查130次，持仓0个
2026-04-01 10:02:06,683 - INFO - 💓 系统运行中... 持仓: 0, 余额: $382.77
2026-04-01 10:03:06,695 - INFO - 💓 系统运行中... 持仓: 0, 余额: $382.77
2026-04-01 10:03:18,783 - INFO - 🔍 [定时扫描] UTC 2026-04-01 02:03:18 开始扫描...
2026-04-01 10:03:19,271 - INFO - 🔍 [定时扫描] UTC 2026-04-01 02:03:19 开始扫描...
2026-04-01 10:03:19,718 - INFO - 💰 账户余额: $382.77 USDT
2026-04-01 10:03:19,719 - INFO - 💰 账户余额: $382.77
2026-04-01 10:03:19,719 - INFO - 🔍 开始扫描卖量暴涨信号（API模式）...
2026-04-01 10:03:19,805 - INFO - 💰 账户余额: $382.77 USDT
2026-04-01 10:03:19,806 - INFO - 💰 账户余额: $382.77
2026-04-01 10:03:19,806 - INFO - 🔍 开始扫描卖量暴涨信号（API模式）...
2026-04-01 10:03:20,083 - INFO - ✅ 获取到 541 个活跃USDT合约
2026-04-01 10:03:20,084 - INFO - 📊 开始扫描 541 个交易对...
2026-04-01 10:03:20,096 - INFO - ✅ 获取到 541 个活跃USDT合约
2026-04-01 10:03:20,098 - INFO - 📊 开始扫描 541 个交易对...
2026-04-01 10:03:34,210 - INFO - 📊 BLURUSDT 信号价格: 使用下一小时开盘价 0.019350
2026-04-01 10:03:34,338 - INFO - 🔥 发现信号: BLURUSDT 卖量暴涨 75.89倍 @ 0.019350 (买量倍数:716.19倍) (时间: 2026-04-01 01:00 UTC)
2026-04-01 10:03:42,610 - INFO - 📊 BLURUSDT 信号价格: 使用下一小时开盘价 0.019350
2026-04-01 10:03:43,120 - INFO - 🔥 发现信号: BLURUSDT 卖量暴涨 75.89倍 @ 0.019350 (买量倍数:716.19倍) (时间: 2026-04-01 01:00 UTC)
2026-04-01 10:03:54,900 - INFO - 📊 GRIFFAINUSDT 信号价格: 使用下一小时开盘价 0.011261
2026-04-01 10:03:55,030 - WARNING - 🚫 GRIFFAINUSDT 当日买量倍数风控过滤信号: 5.83倍在危险区间[4.81, 6.61]（卖量暴涨12.80倍但买量也暴涨，疑似多空博弈信号）
2026-04-01 10:03:59,739 - INFO - 📊 GRIFFAINUSDT 信号价格: 使用下一小时开盘价 0.011261
2026-04-01 10:03:59,901 - WARNING - 🚫 GRIFFAINUSDT 当日买量倍数风控过滤信号: 5.83倍在危险区间[4.81, 6.61]（卖量暴涨12.80倍但买量也暴涨，疑似多空博弈信号）
2026-04-01 10:04:06,706 - INFO - 💓 系统运行中... 持仓: 0, 余额: $382.77
2026-04-01 10:04:09,975 - INFO - 📊 MINAUSDT 信号价格: 使用下一小时开盘价 0.056460
2026-04-01 10:04:10,098 - INFO - 🔥 发现信号: MINAUSDT 卖量暴涨 30.02倍 @ 0.056460 (买量倍数:50.57倍) (时间: 2026-04-01 01:00 UTC)
2026-04-01 10:04:20,062 - INFO - 📊 RAYSOLUSDT 信号价格: 使用下一小时开盘价 0.643900
2026-04-01 10:04:20,184 - WARNING - 🚫 RAYSOLUSDT 当日买量倍数风控过滤信号: 5.39倍在危险区间[4.81, 6.61]（卖量暴涨14.32倍但买量也暴涨，疑似多空博弈信号）
2026-04-01 10:04:26,640 - INFO - 📊 MINAUSDT 信号价格: 使用下一小时开盘价 0.056460
2026-04-01 10:04:26,770 - INFO - 🔥 发现信号: MINAUSDT 卖量暴涨 30.02倍 @ 0.056460 (买量倍数:50.57倍) (时间: 2026-04-01 01:00 UTC)
2026-04-01 10:04:44,328 - INFO - 📊 RAYSOLUSDT 信号价格: 使用下一小时开盘价 0.643900
2026-04-01 10:04:44,458 - WARNING - 🚫 RAYSOLUSDT 当日买量倍数风控过滤信号: 5.39倍在危险区间[4.81, 6.61]（卖量暴涨14.32倍但买量也暴涨，疑似多空博弈信号）
2026-04-01 10:04:47,192 - INFO - ✅ API扫描完成，共发现 2 个信号
2026-04-01 10:04:47,193 - INFO - ✅ 发现 2 个信号
2026-04-01 10:04:47,193 - INFO -    BLURUSDT: 75.89倍 @ 0.019350
2026-04-01 10:04:47,193 - INFO -    MINAUSDT: 30.02倍 @ 0.056460
2026-04-01 10:04:47,957 - INFO - 💰 BLURUSDT 信号价格: 0.019350, 当前市价: 0.019460
2026-04-01 10:04:48,327 - INFO - 📊 持仓检查: 内存记录=0, 交易所实际=0, 上限=10
2026-04-01 10:04:48,694 - WARNING - 🚫 BLURUSDT 建仓被拒: 昨日BTC日K阳线(2026-03-31 open=66764.40 close=68241.50)，当日不建新仓
2026-04-01 10:04:49,181 - INFO - 💰 MINAUSDT 信号价格: 0.056460, 当前市价: 0.056290
2026-04-01 10:04:49,317 - INFO - 📊 持仓检查: 内存记录=0, 交易所实际=0, 上限=10
2026-04-01 10:04:49,449 - WARNING - 🚫 MINAUSDT 建仓被拒: 昨日BTC日K阳线(2026-03-31 open=66764.40 close=68241.50)，当日不建新仓
2026-04-01 10:04:49,449 - WARNING - ⚠️ 所有信号均无法建仓（已达到限制或已持有）
2026-04-01 10:05:05,157 - INFO - ✅ API扫描完成，共发现 2 个信号
2026-04-01 10:05:05,158 - INFO - ✅ 发现 2 个信号
2026-04-01 10:05:05,159 - INFO -    BLURUSDT: 75.89倍 @ 0.019350
2026-04-01 10:05:05,159 - INFO -    MINAUSDT: 30.02倍 @ 0.056460
2026-04-01 10:05:05,284 - INFO - 💰 BLURUSDT 信号价格: 0.019350, 当前市价: 0.019430
2026-04-01 10:05:05,430 - INFO - 📊 持仓检查: 内存记录=0, 交易所实际=0, 上限=10
2026-04-01 10:05:05,555 - WARNING - 🚫 BLURUSDT 建仓被拒: 昨日BTC日K阳线(2026-03-31 open=66764.40 close=68241.50)，当日不建新仓
2026-04-01 10:05:05,677 - INFO - 💰 MINAUSDT 信号价格: 0.056460, 当前市价: 0.056330
2026-04-01 10:05:05,798 - INFO - 📊 持仓检查: 内存记录=0, 交易所实际=0, 上限=10
2026-04-01 10:05:05,952 - WARNING - 🚫 MINAUSDT 建仓被拒: 昨日BTC日K阳线(2026-03-31 open=66764.40 close=68241.50)，当日不建新仓
2026-04-01 10:05:05,952 - WARNING - ⚠️ 所有信号均无法建仓（已达到限制或已持有）
2026-04-01 10:05:06,717 - INFO - 💓 系统运行中... 持仓: 0, 余额: $382.77
2026-04-01 10:06:06,724 - INFO - 💓 系统运行中... 持仓: 0, 余额: $382.77
2026-04-01 10:06:34,024 - INFO - 👁️ [监控] 已检查140次，持仓0个
2026-04-01 10:06:37,130 - INFO - 👁️ [监控] 已检查140次，持仓0个
2026-04-01 10:07:06,737 - INFO - 💓 系统运行中... 持仓: 0, 余额: $382.77
2026-04-01 10:08:06,746 - INFO - 💓 系统运行中... 持仓: 0, 余额: $382.77
2026-04-01 10:09:06,759 - INFO - 💓 系统运行中... 持仓: 0, 余额: $382.77
2026-04-01 10:10:06,768 - INFO - 💓 系统运行中... 持仓: 0, 余额: $382.77
2026-04-01 10:11:06,776 - INFO - 💓 系统运行中... 持仓: 0, 余额: $382.77
2026-04-01 10:11:34,094 - INFO - 👁️ [监控] 已检查150次，持仓0个
2026-04-01 10:11:37,220 - INFO - 👁️ [监控] 已检查150次，持仓0个
2026-04-01 10:12:06,787 - INFO - 💓 系统运行中... 持仓: 0, 余额: $382.77
2026-04-01 10:13:06,797 - INFO - 💓 系统运行中... 持仓: 0, 余额: $382.77
2026-04-01 10:14:06,809 - INFO - 💓 系统运行中... 持仓: 0, 余额: $382.77
2026-04-01 10:15:06,819 - INFO - 💓 系统运行中... 持仓: 0, 余额: $382.77
2026-04-01 10:16:06,826 - INFO - 💓 系统运行中... 持仓: 0, 余额: $382.77
2026-04-01 10:16:34,154 - INFO - 👁️ [监控] 已检查160次，持仓0个
2026-04-01 10:16:37,293 - INFO - 👁️ [监控] 已检查160次，持仓0个
2026-04-01 10:17:06,835 - INFO - 💓 系统运行中... 持仓: 0, 余额: $382.77
2026-04-01 10:18:06,847 - INFO - 💓 系统运行中... 持仓: 0, 余额: $382.77
2026-04-01 10:19:06,851 - INFO - 💓 系统运行中... 持仓: 0, 余额: $382.77
2026-04-01 10:20:06,858 - INFO - 💓 系统运行中... 持仓: 0, 余额: $382.77
2026-04-01 10:21:06,866 - INFO - 💓 系统运行中... 持仓: 0, 余额: $382.77
2026-04-01 10:21:34,204 - INFO - 👁️ [监控] 已检查170次，持仓0个
2026-04-01 10:21:37,344 - INFO - 👁️ [监控] 已检查170次，持仓0个
2026-04-01 10:22:06,874 - INFO - 💓 系统运行中... 持仓: 0, 余额: $382.77
2026-04-01 10:23:06,881 - INFO - 💓 系统运行中... 持仓: 0, 余额: $382.77
2026-04-01 10:24:06,888 - INFO - 💓 系统运行中... 持仓: 0, 余额: $382.77
2026-04-01 10:25:06,895 - INFO - 💓 系统运行中... 持仓: 0, 余额: $382.77
2026-04-01 10:26:06,901 - INFO - 💓 系统运行中... 持仓: 0, 余额: $382.77
2026-04-01 10:26:34,240 - INFO - 👁️ [监控] 已检查180次，持仓0个
2026-04-01 10:26:37,380 - INFO - 👁️ [监控] 已检查180次，持仓0个
2026-04-01 10:27:06,905 - INFO - 💓 系统运行中... 持仓: 0, 余额: $382.77
2026-04-01 10:28:06,912 - INFO - 💓 系统运行中... 持仓: 0, 余额: $382.77
2026-04-01 10:29:06,917 - INFO - 💓 系统运行中... 持仓: 0, 余额: $382.77
2026-04-01 10:30:06,924 - INFO - 💓 系统运行中... 持仓: 0, 余额: $382.77
2026-04-01 10:31:06,931 - INFO - 💓 系统运行中... 持仓: 0, 余额: $382.77
2026-04-01 10:31:34,329 - INFO - 👁️ [监控] 已检查190次，持仓0个
2026-04-01 10:31:37,422 - INFO - 👁️ [监控] 已检查190次，持仓0个
2026-04-01 10:32:06,939 - INFO - 💓 系统运行中... 持仓: 0, 余额: $382.77
2026-04-01 10:33:06,957 - INFO - 💓 系统运行中... 持仓: 0, 余额: $382.77
2026-04-01 10:34:06,963 - INFO - 💓 系统运行中... 持仓: 0, 余额: $382.77
2026-04-01 10:35:06,972 - INFO - 💓 系统运行中... 持仓: 0, 余额: $382.77
2026-04-01 10:36:06,977 - INFO - 💓 系统运行中... 持仓: 0, 余额: $382.77
2026-04-01 10:36:34,372 - INFO - 👁️ [监控] 已检查200次，持仓0个
2026-04-01 10:36:37,458 - INFO - 👁️ [监控] 已检查200次，持仓0个
2026-04-01 10:37:06,985 - INFO - 💓 系统运行中... 持仓: 0, 余额: $382.77
2026-04-01 10:38:06,987 - INFO - 💓 系统运行中... 持仓: 0, 余额: $382.77
2026-04-01 10:39:06,990 - INFO - 💓 系统运行中... 持仓: 0, 余额: $382.77
2026-04-01 10:40:06,996 - INFO - 💓 系统运行中... 持仓: 0, 余额: $382.77
2026-04-01 10:41:07,004 - INFO - 💓 系统运行中... 持仓: 0, 余额: $382.77
2026-04-01 10:41:34,409 - INFO - 👁️ [监控] 已检查210次，持仓0个
2026-04-01 10:41:37,494 - INFO - 👁️ [监控] 已检查210次，持仓0个
2026-04-01 10:42:07,029 - INFO - 💓 系统运行中... 持仓: 0, 余额: $382.77
2026-04-01 10:43:07,034 - INFO - 💓 系统运行中... 持仓: 0, 余额: $382.77
2026-04-01 10:44:07,041 - INFO - 💓 系统运行中... 持仓: 0, 余额: $382.77
2026-04-01 10:45:07,050 - INFO - 💓 系统运行中... 持仓: 0, 余额: $382.77
2026-04-01 10:46:07,058 - INFO - 💓 系统运行中... 持仓: 0, 余额: $382.77
2026-04-01 10:46:34,447 - INFO - 👁️ [监控] 已检查220次，持仓0个
2026-04-01 10:46:37,531 - INFO - 👁️ [监控] 已检查220次，持仓0个
2026-04-01 10:47:07,066 - INFO - 💓 系统运行中... 持仓: 0, 余额: $382.77
2026-04-01 10:48:07,070 - INFO - 💓 系统运行中... 持仓: 0, 余额: $382.77
2026-04-01 10:49:07,082 - INFO - 💓 系统运行中... 持仓: 0, 余额: $382.77
2026-04-01 10:50:07,095 - INFO - 💓 系统运行中... 持仓: 0, 余额: $382.77
2026-04-01 10:51:07,106 - INFO - 💓 系统运行中... 持仓: 0, 余额: $382.77
2026-04-01 10:51:34,514 - INFO - 👁️ [监控] 已检查230次，持仓0个
2026-04-01 10:51:37,583 - INFO - 👁️ [监控] 已检查230次，持仓0个
2026-04-01 10:52:07,117 - INFO - 💓 系统运行中... 持仓: 0, 余额: $382.77
2026-04-01 10:53:07,126 - INFO - 💓 系统运行中... 持仓: 0, 余额: $382.77
2026-04-01 10:54:07,138 - INFO - 💓 系统运行中... 持仓: 0, 余额: $382.77
2026-04-01 10:55:07,146 - INFO - 💓 系统运行中... 持仓: 0, 余额: $382.77
2026-04-01 10:56:07,153 - INFO - 💓 系统运行中... 持仓: 0, 余额: $382.77
2026-04-01 10:56:34,583 - INFO - 👁️ [监控] 已检查240次，持仓0个
2026-04-01 10:56:37,655 - INFO - 👁️ [监控] 已检查240次，持仓0个
2026-04-01 10:57:07,163 - INFO - 💓 系统运行中... 持仓: 0, 余额: $382.77
2026-04-01 10:58:07,170 - INFO - 💓 系统运行中... 持仓: 0, 余额: $382.77
2026-04-01 10:59:07,181 - INFO - 💓 系统运行中... 持仓: 0, 余额: $382.77
2026-04-01 11:00:07,189 - INFO - 💓 系统运行中... 持仓: 0, 余额: $382.77
2026-04-01 11:01:07,202 - INFO - 💓 系统运行中... 持仓: 0, 余额: $382.77
2026-04-01 11:01:34,665 - INFO - 👁️ [监控] 已检查250次，持仓0个
2026-04-01 11:01:37,723 - INFO - 👁️ [监控] 已检查250次，持仓0个
2026-04-01 11:02:07,211 - INFO - 💓 系统运行中... 持仓: 0, 余额: $382.77
2026-04-01 11:03:06,542 - INFO - 🔍 [定时扫描] UTC 2026-04-01 03:03:06 开始扫描...
2026-04-01 11:03:07,199 - INFO - 💰 账户余额: $382.77 USDT
2026-04-01 11:03:07,200 - INFO - 💰 账户余额: $382.77
2026-04-01 11:03:07,200 - INFO - 🔍 开始扫描卖量暴涨信号（API模式）...
2026-04-01 11:03:07,219 - INFO - 💓 系统运行中... 持仓: 0, 余额: $382.77
2026-04-01 11:03:07,418 - INFO - ✅ 获取到 541 个活跃USDT合约
2026-04-01 11:03:07,420 - INFO - 📊 开始扫描 541 个交易对...
2026-04-01 11:03:20,068 - INFO - 🔍 [定时扫描] UTC 2026-04-01 03:03:20 开始扫描...
2026-04-01 11:03:20,978 - INFO - 💰 账户余额: $382.77 USDT
2026-04-01 11:03:20,979 - INFO - 💰 账户余额: $382.77
2026-04-01 11:03:20,979 - INFO - 🔍 开始扫描卖量暴涨信号（API模式）...
2026-04-01 11:03:21,201 - INFO - 📊 BLURUSDT 信号价格: 使用下一小时开盘价 0.019940
2026-04-01 11:03:21,266 - INFO - ✅ 获取到 541 个活跃USDT合约
2026-04-01 11:03:21,267 - INFO - 📊 开始扫描 541 个交易对...
2026-04-01 11:03:21,326 - INFO - 🔥 发现信号: BLURUSDT 卖量暴涨 112.78倍 @ 0.019940 (买量倍数:716.19倍) (时间: 2026-04-01 02:00 UTC)
2026-04-01 11:03:34,562 - INFO - 📊 BLURUSDT 信号价格: 使用下一小时开盘价 0.019940
2026-04-01 11:03:34,696 - INFO - 🔥 发现信号: BLURUSDT 卖量暴涨 112.78倍 @ 0.019940 (买量倍数:716.19倍) (时间: 2026-04-01 02:00 UTC)
2026-04-01 11:03:46,966 - INFO - 📊 KGENUSDT 信号价格: 使用下一小时开盘价 0.174430
2026-04-01 11:03:47,125 - INFO - 🔥 发现信号: KGENUSDT 卖量暴涨 10.71倍 @ 0.174430 (买量倍数:2.97倍) (时间: 2026-04-01 02:00 UTC)
2026-04-01 11:03:54,782 - INFO - 📊 MINAUSDT 信号价格: 使用下一小时开盘价 0.058690
2026-04-01 11:03:54,954 - INFO - 🔥 发现信号: MINAUSDT 卖量暴涨 24.38倍 @ 0.058690 (买量倍数:50.57倍) (时间: 2026-04-01 02:00 UTC)
2026-04-01 11:04:07,228 - INFO - 💓 系统运行中... 持仓: 0, 余额: $382.77
2026-04-01 11:04:08,207 - INFO - 📊 KGENUSDT 信号价格: 使用下一小时开盘价 0.174430
2026-04-01 11:04:08,413 - INFO - 🔥 发现信号: KGENUSDT 卖量暴涨 10.71倍 @ 0.174430 (买量倍数:2.97倍) (时间: 2026-04-01 02:00 UTC)
2026-04-01 11:04:14,156 - INFO - 📊 SIRENUSDT 信号价格: 使用下一小时开盘价 0.283340
2026-04-01 11:04:14,275 - INFO - 📊 MINAUSDT 信号价格: 使用下一小时开盘价 0.058690
2026-04-01 11:04:14,279 - INFO - 🔥 发现信号: SIRENUSDT 卖量暴涨 11.83倍 @ 0.283340 (买量倍数:2.08倍) (时间: 2026-04-01 02:00 UTC)
2026-04-01 11:04:14,399 - INFO - 🔥 发现信号: MINAUSDT 卖量暴涨 24.38倍 @ 0.058690 (买量倍数:50.57倍) (时间: 2026-04-01 02:00 UTC)
2026-04-01 11:04:29,881 - INFO - 📊 SIRENUSDT 信号价格: 使用下一小时开盘价 0.283340
2026-04-01 11:04:30,007 - INFO - 🔥 发现信号: SIRENUSDT 卖量暴涨 11.83倍 @ 0.283340 (买量倍数:2.08倍) (时间: 2026-04-01 02:00 UTC)
2026-04-01 11:04:31,458 - INFO - ✅ API扫描完成，共发现 4 个信号
2026-04-01 11:04:31,459 - INFO - ✅ 发现 4 个信号
2026-04-01 11:04:31,460 - INFO -    BLURUSDT: 112.78倍 @ 0.019940
2026-04-01 11:04:31,460 - INFO -    MINAUSDT: 24.38倍 @ 0.058690
2026-04-01 11:04:31,461 - INFO -    SIRENUSDT: 11.83倍 @ 0.283340
2026-04-01 11:04:31,462 - INFO -    KGENUSDT: 10.71倍 @ 0.174430
2026-04-01 11:04:31,585 - INFO - 💰 BLURUSDT 信号价格: 0.019940, 当前市价: 0.019840
2026-04-01 11:04:31,713 - INFO - 📊 持仓检查: 内存记录=0, 交易所实际=0, 上限=10
2026-04-01 11:04:31,839 - WARNING - 🚫 BLURUSDT 建仓被拒: 昨日BTC日K阳线(2026-03-31 open=66764.40 close=68241.50)，当日不建新仓
2026-04-01 11:04:31,987 - INFO - 💰 MINAUSDT 信号价格: 0.058690, 当前市价: 0.058700
2026-04-01 11:04:32,116 - INFO - 📊 持仓检查: 内存记录=0, 交易所实际=0, 上限=10
2026-04-01 11:04:32,236 - WARNING - 🚫 MINAUSDT 建仓被拒: 昨日BTC日K阳线(2026-03-31 open=66764.40 close=68241.50)，当日不建新仓
2026-04-01 11:04:32,358 - INFO - 💰 SIRENUSDT 信号价格: 0.283340, 当前市价: 0.274050
2026-04-01 11:04:32,504 - INFO - 📊 持仓检查: 内存记录=0, 交易所实际=0, 上限=10
2026-04-01 11:04:32,626 - WARNING - 🚫 SIRENUSDT 建仓被拒: 昨日BTC日K阳线(2026-03-31 open=66764.40 close=68241.50)，当日不建新仓
2026-04-01 11:04:32,748 - INFO - 💰 KGENUSDT 信号价格: 0.174430, 当前市价: 0.175550
2026-04-01 11:04:32,870 - INFO - 📊 持仓检查: 内存记录=0, 交易所实际=0, 上限=10
2026-04-01 11:04:33,031 - WARNING - 🚫 KGENUSDT 建仓被拒: 昨日BTC日K阳线(2026-03-31 open=66764.40 close=68241.50)，当日不建新仓
2026-04-01 11:04:33,032 - WARNING - ⚠️ 所有信号均无法建仓（已达到限制或已持有）
2026-04-01 11:04:49,474 - INFO - ✅ API扫描完成，共发现 4 个信号
2026-04-01 11:04:49,479 - INFO - ✅ 发现 4 个信号
2026-04-01 11:04:49,481 - INFO -    BLURUSDT: 112.78倍 @ 0.019940
2026-04-01 11:04:49,490 - INFO -    MINAUSDT: 24.38倍 @ 0.058690
2026-04-01 11:04:49,490 - INFO -    SIRENUSDT: 11.83倍 @ 0.283340
2026-04-01 11:04:49,490 - INFO -    KGENUSDT: 10.71倍 @ 0.174430
2026-04-01 11:04:49,656 - INFO - 💰 BLURUSDT 信号价格: 0.019940, 当前市价: 0.019870
2026-04-01 11:04:49,857 - INFO - 📊 持仓检查: 内存记录=0, 交易所实际=0, 上限=10
2026-04-01 11:04:50,004 - WARNING - 🚫 BLURUSDT 建仓被拒: 昨日BTC日K阳线(2026-03-31 open=66764.40 close=68241.50)，当日不建新仓
2026-04-01 11:04:50,204 - INFO - 💰 MINAUSDT 信号价格: 0.058690, 当前市价: 0.058670
2026-04-01 11:04:50,382 - INFO - 📊 持仓检查: 内存记录=0, 交易所实际=0, 上限=10
2026-04-01 11:04:50,583 - WARNING - 🚫 MINAUSDT 建仓被拒: 昨日BTC日K阳线(2026-03-31 open=66764.40 close=68241.50)，当日不建新仓
2026-04-01 11:04:50,857 - INFO - 💰 SIRENUSDT 信号价格: 0.283340, 当前市价: 0.277020
2026-04-01 11:04:51,055 - INFO - 📊 持仓检查: 内存记录=0, 交易所实际=0, 上限=10
2026-04-01 11:04:51,198 - WARNING - 🚫 SIRENUSDT 建仓被拒: 昨日BTC日K阳线(2026-03-31 open=66764.40 close=68241.50)，当日不建新仓
2026-04-01 11:04:51,399 - INFO - 💰 KGENUSDT 信号价格: 0.174430, 当前市价: 0.175710
2026-04-01 11:04:51,645 - INFO - 📊 持仓检查: 内存记录=0, 交易所实际=0, 上限=10
2026-04-01 11:04:51,915 - WARNING - 🚫 KGENUSDT 建仓被拒: 昨日BTC日K阳线(2026-03-31 open=66764.40 close=68241.50)，当日不建新仓
2026-04-01 11:04:51,917 - WARNING - ⚠️ 所有信号均无法建仓（已达到限制或已持有）
2026-04-01 11:05:07,235 - INFO - 💓 系统运行中... 持仓: 0, 余额: $382.77
2026-04-01 11:06:07,241 - INFO - 💓 系统运行中... 持仓: 0, 余额: $382.77
2026-04-01 11:06:34,703 - INFO - 👁️ [监控] 已检查260次，持仓0个
2026-04-01 11:06:37,759 - INFO - 👁️ [监控] 已检查260次，持仓0个
2026-04-01 11:07:07,245 - INFO - 💓 系统运行中... 持仓: 0, 余额: $382.77
2026-04-01 11:08:07,247 - INFO - 💓 系统运行中... 持仓: 0, 余额: $382.77
2026-04-01 11:09:07,254 - INFO - 💓 系统运行中... 持仓: 0, 余额: $382.77
2026-04-01 11:10:07,257 - INFO - 💓 系统运行中... 持仓: 0, 余额: $382.77
2026-04-01 11:11:07,265 - INFO - 💓 系统运行中... 持仓: 0, 余额: $382.77
2026-04-01 11:11:34,748 - INFO - 👁️ [监控] 已检查270次，持仓0个
2026-04-01 11:11:37,791 - INFO - 👁️ [监控] 已检查270次，持仓0个
2026-04-01 11:12:07,271 - INFO - 💓 系统运行中... 持仓: 0, 余额: $382.77
2026-04-01 11:13:07,274 - INFO - 💓 系统运行中... 持仓: 0, 余额: $382.77
2026-04-01 11:14:07,280 - INFO - 💓 系统运行中... 持仓: 0, 余额: $382.77
2026-04-01 11:15:07,288 - INFO - 💓 系统运行中... 持仓: 0, 余额: $382.77
2026-04-01 11:16:07,295 - INFO - 💓 系统运行中... 持仓: 0, 余额: $382.77
2026-04-01 11:16:34,793 - INFO - 👁️ [监控] 已检查280次，持仓0个
2026-04-01 11:16:37,836 - INFO - 👁️ [监控] 已检查280次，持仓0个
2026-04-01 11:17:07,299 - INFO - 💓 系统运行中... 持仓: 0, 余额: $382.77
2026-04-01 11:18:07,302 - INFO - 💓 系统运行中... 持仓: 0, 余额: $382.77
2026-04-01 11:19:07,308 - INFO - 💓 系统运行中... 持仓: 0, 余额: $382.77
2026-04-01 11:20:07,313 - INFO - 💓 系统运行中... 持仓: 0, 余额: $382.77
2026-04-01 11:21:07,317 - INFO - 💓 系统运行中... 持仓: 0, 余额: $382.77
2026-04-01 11:21:34,839 - INFO - 👁️ [监控] 已检查290次，持仓0个
2026-04-01 11:21:37,887 - INFO - 👁️ [监控] 已检查290次，持仓0个
2026-04-01 11:22:07,323 - INFO - 💓 系统运行中... 持仓: 0, 余额: $382.77
2026-04-01 11:23:07,331 - INFO - 💓 系统运行中... 持仓: 0, 余额: $382.77
2026-04-01 11:24:07,338 - INFO - 💓 系统运行中... 持仓: 0, 余额: $382.77
2026-04-01 11:25:07,345 - INFO - 💓 系统运行中... 持仓: 0, 余额: $382.77
2026-04-01 11:26:07,350 - INFO - 💓 系统运行中... 持仓: 0, 余额: $382.77
2026-04-01 11:26:34,877 - INFO - 👁️ [监控] 已检查300次，持仓0个
2026-04-01 11:26:37,922 - INFO - 👁️ [监控] 已检查300次，持仓0个
2026-04-01 11:27:07,359 - INFO - 💓 系统运行中... 持仓: 0, 余额: $382.77
2026-04-01 11:28:07,367 - INFO - 💓 系统运行中... 持仓: 0, 余额: $382.77
2026-04-01 11:29:07,375 - INFO - 💓 系统运行中... 持仓: 0, 余额: $382.77
2026-04-01 11:30:07,384 - INFO - 💓 系统运行中... 持仓: 0, 余额: $382.77
2026-04-01 11:31:07,393 - INFO - 💓 系统运行中... 持仓: 0, 余额: $382.77
2026-04-01 11:31:34,911 - INFO - 👁️ [监控] 已检查310次，持仓0个
2026-04-01 11:31:37,950 - INFO - 👁️ [监控] 已检查310次，持仓0个
2026-04-01 11:32:07,399 - INFO - 💓 系统运行中... 持仓: 0, 余额: $382.77
2026-04-01 11:33:07,403 - INFO - 💓 系统运行中... 持仓: 0, 余额: $382.77
2026-04-01 11:34:07,413 - INFO - 💓 系统运行中... 持仓: 0, 余额: $382.77
2026-04-01 11:35:07,424 - INFO - 💓 系统运行中... 持仓: 0, 余额: $382.77
2026-04-01 11:36:07,430 - INFO - 💓 系统运行中... 持仓: 0, 余额: $382.77
2026-04-01 11:36:34,949 - INFO - 👁️ [监控] 已检查320次，持仓0个
2026-04-01 11:36:37,989 - INFO - 👁️ [监控] 已检查320次，持仓0个
2026-04-01 11:37:07,438 - INFO - 💓 系统运行中... 持仓: 0, 余额: $382.77
2026-04-01 11:38:07,445 - INFO - 💓 系统运行中... 持仓: 0, 余额: $382.77
2026-04-01 11:39:07,454 - INFO - 💓 系统运行中... 持仓: 0, 余额: $382.77
2026-04-01 11:40:07,460 - INFO - 💓 系统运行中... 持仓: 0, 余额: $382.77
2026-04-01 11:41:07,473 - INFO - 💓 系统运行中... 持仓: 0, 余额: $382.77
2026-04-01 11:41:34,986 - INFO - 👁️ [监控] 已检查330次，持仓0个
2026-04-01 11:41:38,025 - INFO - 👁️ [监控] 已检查330次，持仓0个
2026-04-01 11:42:07,479 - INFO - 💓 系统运行中... 持仓: 0, 余额: $382.77
2026-04-01 11:43:07,486 - INFO - 💓 系统运行中... 持仓: 0, 余额: $382.77
2026-04-01 11:44:07,493 - INFO - 💓 系统运行中... 持仓: 0, 余额: $382.77
2026-04-01 11:45:07,504 - INFO - 💓 系统运行中... 持仓: 0, 余额: $382.77
2026-04-01 11:46:07,515 - INFO - 💓 系统运行中... 持仓: 0, 余额: $382.77
2026-04-01 11:46:35,030 - INFO - 👁️ [监控] 已检查340次，持仓0个
2026-04-01 11:46:38,072 - INFO - 👁️ [监控] 已检查340次，持仓0个
2026-04-01 11:47:07,523 - INFO - 💓 系统运行中... 持仓: 0, 余额: $382.77
2026-04-01 11:48:07,532 - INFO - 💓 系统运行中... 持仓: 0, 余额: $382.77
2026-04-01 11:49:07,542 - INFO - 💓 系统运行中... 持仓: 0, 余额: $382.77
2026-04-01 11:50:07,555 - INFO - 💓 系统运行中... 持仓: 0, 余额: $382.77
2026-04-01 11:51:07,562 - INFO - 💓 系统运行中... 持仓: 0, 余额: $382.77
2026-04-01 11:51:35,082 - INFO - 👁️ [监控] 已检查350次，持仓0个
2026-04-01 11:51:38,122 - INFO - 👁️ [监控] 已检查350次，持仓0个
2026-04-01 11:52:07,568 - INFO - 💓 系统运行中... 持仓: 0, 余额: $382.77
2026-04-01 11:53:07,576 - INFO - 💓 系统运行中... 持仓: 0, 余额: $382.77
2026-04-01 11:54:07,583 - INFO - 💓 系统运行中... 持仓: 0, 余额: $382.77
2026-04-01 11:55:07,590 - INFO - 💓 系统运行中... 持仓: 0, 余额: $382.77
2026-04-01 11:56:07,600 - INFO - 💓 系统运行中... 持仓: 0, 余额: $382.77
2026-04-01 11:56:35,116 - INFO - 👁️ [监控] 已检查360次，持仓0个
2026-04-01 11:56:38,163 - INFO - 👁️ [监控] 已检查360次，持仓0个
2026-04-01 11:57:07,607 - INFO - 💓 系统运行中... 持仓: 0, 余额: $382.77
2026-04-01 11:58:07,617 - INFO - 💓 系统运行中... 持仓: 0, 余额: $382.77
2026-04-01 11:59:07,624 - INFO - 💓 系统运行中... 持仓: 0, 余额: $382.77
2026-04-01 12:00:07,633 - INFO - 💓 系统运行中... 持仓: 0, 余额: $382.77
2026-04-01 12:01:07,640 - INFO - 💓 系统运行中... 持仓: 0, 余额: $382.77
2026-04-01 12:01:35,149 - INFO - 👁️ [监控] 已检查370次，持仓0个
2026-04-01 12:01:38,199 - INFO - 👁️ [监控] 已检查370次，持仓0个
2026-04-01 12:02:07,646 - INFO - 💓 系统运行中... 持仓: 0, 余额: $382.77
2026-04-01 12:03:03,565 - INFO - 🔍 [定时扫描] UTC 2026-04-01 04:03:03 开始扫描...
2026-04-01 12:03:04,196 - INFO - 💰 账户余额: $382.77 USDT
2026-04-01 12:03:04,197 - INFO - 💰 账户余额: $382.77
2026-04-01 12:03:04,198 - INFO - 🔍 开始扫描卖量暴涨信号（API模式）...
2026-04-01 12:03:04,452 - INFO - ✅ 获取到 541 个活跃USDT合约
2026-04-01 12:03:04,453 - INFO - 📊 开始扫描 541 个交易对...
2026-04-01 12:03:07,657 - INFO - 💓 系统运行中... 持仓: 0, 余额: $382.77
2026-04-01 12:03:20,598 - INFO - 📊 BLURUSDT 信号价格: 使用下一小时开盘价 0.019960
2026-04-01 12:03:20,737 - INFO - 🔥 发现信号: BLURUSDT 卖量暴涨 81.22倍 @ 0.019960 (买量倍数:716.19倍) (时间: 2026-04-01 03:00 UTC)
2026-04-01 12:03:22,417 - INFO - 🔍 [定时扫描] UTC 2026-04-01 04:03:22 开始扫描...
2026-04-01 12:03:23,227 - INFO - 💰 账户余额: $382.77 USDT
2026-04-01 12:03:23,227 - INFO - 💰 账户余额: $382.77
2026-04-01 12:03:23,228 - INFO - 🔍 开始扫描卖量暴涨信号（API模式）...
2026-04-01 12:03:23,627 - INFO - ✅ 获取到 541 个活跃USDT合约
2026-04-01 12:03:23,628 - INFO - 📊 开始扫描 541 个交易对...
2026-04-01 12:03:28,292 - INFO - 📊 CLOUSDT 信号价格: 使用下一小时开盘价 0.074130
2026-04-01 12:03:28,527 - INFO - 🔥 发现信号: CLOUSDT 卖量暴涨 24.49倍 @ 0.074130 (买量倍数:3.70倍) (时间: 2026-04-01 03:00 UTC)
2026-04-01 12:03:43,848 - INFO - 📊 BLURUSDT 信号价格: 使用下一小时开盘价 0.019960
2026-04-01 12:03:43,997 - INFO - 🔥 发现信号: BLURUSDT 卖量暴涨 81.22倍 @ 0.019960 (买量倍数:716.19倍) (时间: 2026-04-01 03:00 UTC)
2026-04-01 12:03:48,832 - INFO - 📊 CLOUSDT 信号价格: 使用下一小时开盘价 0.074130
2026-04-01 12:03:48,963 - INFO - 🔥 发现信号: CLOUSDT 卖量暴涨 24.49倍 @ 0.074130 (买量倍数:3.70倍) (时间: 2026-04-01 03:00 UTC)
2026-04-01 12:03:57,959 - INFO - 📊 MINAUSDT 信号价格: 使用下一小时开盘价 0.059650
2026-04-01 12:03:58,148 - INFO - 🔥 发现信号: MINAUSDT 卖量暴涨 27.99倍 @ 0.059650 (买量倍数:50.57倍) (时间: 2026-04-01 03:00 UTC)
2026-04-01 12:04:07,663 - INFO - 💓 系统运行中... 持仓: 0, 余额: $382.77
2026-04-01 12:04:21,743 - INFO - 📊 MINAUSDT 信号价格: 使用下一小时开盘价 0.059650
2026-04-01 12:04:21,935 - INFO - 🔥 发现信号: MINAUSDT 卖量暴涨 27.99倍 @ 0.059650 (买量倍数:50.57倍) (时间: 2026-04-01 03:00 UTC)
2026-04-01 12:04:40,615 - INFO - ✅ API扫描完成，共发现 3 个信号
2026-04-01 12:04:40,617 - INFO - ✅ 发现 3 个信号
2026-04-01 12:04:40,617 - INFO -    BLURUSDT: 81.22倍 @ 0.019960
2026-04-01 12:04:40,617 - INFO -    MINAUSDT: 27.99倍 @ 0.059650
2026-04-01 12:04:40,618 - INFO -    CLOUSDT: 24.49倍 @ 0.074130
2026-04-01 12:04:40,745 - INFO - 💰 BLURUSDT 信号价格: 0.019960, 当前市价: 0.020070
2026-04-01 12:04:40,929 - INFO - 📊 持仓检查: 内存记录=0, 交易所实际=0, 上限=10
2026-04-01 12:04:41,180 - WARNING - 🚫 BLURUSDT 建仓被拒: 昨日BTC日K阳线(2026-03-31 open=66764.40 close=68241.50)，当日不建新仓
2026-04-01 12:04:41,341 - INFO - 💰 MINAUSDT 信号价格: 0.059650, 当前市价: 0.060160
2026-04-01 12:04:41,533 - INFO - 📊 持仓检查: 内存记录=0, 交易所实际=0, 上限=10
2026-04-01 12:04:41,700 - WARNING - 🚫 MINAUSDT 建仓被拒: 昨日BTC日K阳线(2026-03-31 open=66764.40 close=68241.50)，当日不建新仓
2026-04-01 12:04:41,899 - INFO - 💰 CLOUSDT 信号价格: 0.074130, 当前市价: 0.074100
2026-04-01 12:04:42,056 - INFO - 📊 持仓检查: 内存记录=0, 交易所实际=0, 上限=10
2026-04-01 12:04:42,189 - WARNING - 🚫 CLOUSDT 建仓被拒: 昨日BTC日K阳线(2026-03-31 open=66764.40 close=68241.50)，当日不建新仓
2026-04-01 12:04:42,189 - WARNING - ⚠️ 所有信号均无法建仓（已达到限制或已持有）
2026-04-01 12:04:58,443 - INFO - ✅ API扫描完成，共发现 3 个信号
2026-04-01 12:04:58,445 - INFO - ✅ 发现 3 个信号
2026-04-01 12:04:58,446 - INFO -    BLURUSDT: 81.22倍 @ 0.019960
2026-04-01 12:04:58,447 - INFO -    MINAUSDT: 27.99倍 @ 0.059650
2026-04-01 12:04:58,447 - INFO -    CLOUSDT: 24.49倍 @ 0.074130
2026-04-01 12:04:58,627 - INFO - 💰 BLURUSDT 信号价格: 0.019960, 当前市价: 0.020050
2026-04-01 12:04:58,770 - INFO - 📊 持仓检查: 内存记录=0, 交易所实际=0, 上限=10
2026-04-01 12:04:59,003 - WARNING - 🚫 BLURUSDT 建仓被拒: 昨日BTC日K阳线(2026-03-31 open=66764.40 close=68241.50)，当日不建新仓
2026-04-01 12:04:59,126 - INFO - 💰 MINAUSDT 信号价格: 0.059650, 当前市价: 0.060100
2026-04-01 12:04:59,248 - INFO - 📊 持仓检查: 内存记录=0, 交易所实际=0, 上限=10
2026-04-01 12:04:59,370 - WARNING - 🚫 MINAUSDT 建仓被拒: 昨日BTC日K阳线(2026-03-31 open=66764.40 close=68241.50)，当日不建新仓
2026-04-01 12:04:59,497 - INFO - 💰 CLOUSDT 信号价格: 0.074130, 当前市价: 0.074070
2026-04-01 12:04:59,660 - INFO - 📊 持仓检查: 内存记录=0, 交易所实际=0, 上限=10
2026-04-01 12:04:59,807 - WARNING - 🚫 CLOUSDT 建仓被拒: 昨日BTC日K阳线(2026-03-31 open=66764.40 close=68241.50)，当日不建新仓
2026-04-01 12:04:59,807 - WARNING - ⚠️ 所有信号均无法建仓（已达到限制或已持有）
2026-04-01 12:05:07,668 - INFO - 💓 系统运行中... 持仓: 0, 余额: $382.77
2026-04-01 12:06:07,677 - INFO - 💓 系统运行中... 持仓: 0, 余额: $382.77
2026-04-01 12:06:35,232 - INFO - 👁️ [监控] 已检查380次，持仓0个
2026-04-01 12:06:38,247 - INFO - 👁️ [监控] 已检查380次，持仓0个
2026-04-01 12:07:07,690 - INFO - 💓 系统运行中... 持仓: 0, 余额: $382.77
2026-04-01 12:08:07,698 - INFO - 💓 系统运行中... 持仓: 0, 余额: $382.77
2026-04-01 12:09:07,709 - INFO - 💓 系统运行中... 持仓: 0, 余额: $382.77
2026-04-01 12:10:07,719 - INFO - 💓 系统运行中... 持仓: 0, 余额: $382.77
2026-04-01 12:11:07,732 - INFO - 💓 系统运行中... 持仓: 0, 余额: $382.77
2026-04-01 12:11:35,296 - INFO - 👁️ [监控] 已检查390次，持仓0个
2026-04-01 12:11:38,313 - INFO - 👁️ [监控] 已检查390次，持仓0个
2026-04-01 12:12:07,744 - INFO - 💓 系统运行中... 持仓: 0, 余额: $382.77
2026-04-01 12:13:07,752 - INFO - 💓 系统运行中... 持仓: 0, 余额: $382.77
2026-04-01 12:14:07,760 - INFO - 💓 系统运行中... 持仓: 0, 余额: $382.77
2026-04-01 12:15:07,772 - INFO - 💓 系统运行中... 持仓: 0, 余额: $382.77
2026-04-01 12:16:07,780 - INFO - 💓 系统运行中... 持仓: 0, 余额: $382.77
2026-04-01 12:16:35,361 - INFO - 👁️ [监控] 已检查400次，持仓0个
2026-04-01 12:16:38,374 - INFO - 👁️ [监控] 已检查400次，持仓0个
2026-04-01 12:17:07,790 - INFO - 💓 系统运行中... 持仓: 0, 余额: $382.77
2026-04-01 12:18:07,800 - INFO - 💓 系统运行中... 持仓: 0, 余额: $382.77
2026-04-01 12:19:07,815 - INFO - 💓 系统运行中... 持仓: 0, 余额: $382.77
2026-04-01 12:20:07,829 - INFO - 💓 系统运行中... 持仓: 0, 余额: $382.77
2026-04-01 12:21:07,844 - INFO - 💓 系统运行中... 持仓: 0, 余额: $382.77
2026-04-01 12:21:35,444 - INFO - 👁️ [监控] 已检查410次，持仓0个
2026-04-01 12:21:38,452 - INFO - 👁️ [监控] 已检查410次，持仓0个
2026-04-01 12:22:07,868 - INFO - 💓 系统运行中... 持仓: 0, 余额: $382.77
2026-04-01 12:23:07,879 - INFO - 💓 系统运行中... 持仓: 0, 余额: $382.77
2026-04-01 12:24:07,886 - INFO - 💓 系统运行中... 持仓: 0, 余额: $382.77
2026-04-01 12:25:07,896 - INFO - 💓 系统运行中... 持仓: 0, 余额: $382.77
2026-04-01 12:26:07,908 - INFO - 💓 系统运行中... 持仓: 0, 余额: $382.77
2026-04-01 12:26:35,543 - INFO - 👁️ [监控] 已检查420次，持仓0个
2026-04-01 12:26:38,525 - INFO - 👁️ [监控] 已检查420次，持仓0个
2026-04-01 12:27:07,922 - INFO - 💓 系统运行中... 持仓: 0, 余额: $382.77
2026-04-01 12:28:07,934 - INFO - 💓 系统运行中... 持仓: 0, 余额: $382.77
2026-04-01 12:29:07,947 - INFO - 💓 系统运行中... 持仓: 0, 余额: $382.77
2026-04-01 12:30:07,958 - INFO - 💓 系统运行中... 持仓: 0, 余额: $382.77
2026-04-01 12:31:07,969 - INFO - 💓 系统运行中... 持仓: 0, 余额: $382.77
2026-04-01 12:31:35,637 - INFO - 👁️ [监控] 已检查430次，持仓0个
2026-04-01 12:31:38,609 - INFO - 👁️ [监控] 已检查430次，持仓0个
2026-04-01 12:32:07,981 - INFO - 💓 系统运行中... 持仓: 0, 余额: $382.77
2026-04-01 12:33:07,988 - INFO - 💓 系统运行中... 持仓: 0, 余额: $382.77
2026-04-01 12:34:08,004 - INFO - 💓 系统运行中... 持仓: 0, 余额: $382.77
2026-04-01 12:35:08,020 - INFO - 💓 系统运行中... 持仓: 0, 余额: $382.77
2026-04-01 12:36:08,032 - INFO - 💓 系统运行中... 持仓: 0, 余额: $382.77
2026-04-01 12:36:35,705 - INFO - 👁️ [监控] 已检查440次，持仓0个
2026-04-01 12:36:38,679 - INFO - 👁️ [监控] 已检查440次，持仓0个
2026-04-01 12:37:08,041 - INFO - 💓 系统运行中... 持仓: 0, 余额: $382.77
2026-04-01 12:38:08,054 - INFO - 💓 系统运行中... 持仓: 0, 余额: $382.77
2026-04-01 12:39:08,067 - INFO - 💓 系统运行中... 持仓: 0, 余额: $382.77
2026-04-01 12:40:08,077 - INFO - 💓 系统运行中... 持仓: 0, 余额: $382.77
2026-04-01 12:41:08,090 - INFO - 💓 系统运行中... 持仓: 0, 余额: $382.77
2026-04-01 12:41:35,790 - INFO - 👁️ [监控] 已检查450次，持仓0个
2026-04-01 12:41:38,754 - INFO - 👁️ [监控] 已检查450次，持仓0个
2026-04-01 12:42:08,102 - INFO - 💓 系统运行中... 持仓: 0, 余额: $382.77
2026-04-01 12:43:08,114 - INFO - 💓 系统运行中... 持仓: 0, 余额: $382.77
2026-04-01 12:44:08,124 - INFO - 💓 系统运行中... 持仓: 0, 余额: $382.77
2026-04-01 12:45:08,140 - INFO - 💓 系统运行中... 持仓: 0, 余额: $382.77
2026-04-01 12:46:08,152 - INFO - 💓 系统运行中... 持仓: 0, 余额: $382.77
2026-04-01 12:46:35,863 - INFO - 👁️ [监控] 已检查460次，持仓0个
2026-04-01 12:46:38,823 - INFO - 👁️ [监控] 已检查460次，持仓0个
2026-04-01 12:47:08,158 - INFO - 💓 系统运行中... 持仓: 0, 余额: $382.77
2026-04-01 12:48:08,169 - INFO - 💓 系统运行中... 持仓: 0, 余额: $382.77
2026-04-01 12:49:08,172 - INFO - 💓 系统运行中... 持仓: 0, 余额: $382.77
2026-04-01 12:50:08,180 - INFO - 💓 系统运行中... 持仓: 0, 余额: $382.77
2026-04-01 12:51:08,193 - INFO - 💓 系统运行中... 持仓: 0, 余额: $382.77
2026-04-01 12:51:35,943 - INFO - 👁️ [监控] 已检查470次，持仓0个
2026-04-01 12:51:38,904 - INFO - 👁️ [监控] 已检查470次，持仓0个
2026-04-01 12:52:08,205 - INFO - 💓 系统运行中... 持仓: 0, 余额: $382.77
2026-04-01 12:53:08,214 - INFO - 💓 系统运行中... 持仓: 0, 余额: $382.77
2026-04-01 12:54:08,226 - INFO - 💓 系统运行中... 持仓: 0, 余额: $382.77
2026-04-01 12:55:08,237 - INFO - 💓 系统运行中... 持仓: 0, 余额: $382.77
2026-04-01 12:56:08,244 - INFO - 💓 系统运行中... 持仓: 0, 余额: $382.77
2026-04-01 12:56:36,024 - INFO - 👁️ [监控] 已检查480次，持仓0个
2026-04-01 12:56:38,987 - INFO - 👁️ [监控] 已检查480次，持仓0个
2026-04-01 12:57:08,255 - INFO - 💓 系统运行中... 持仓: 0, 余额: $382.77
2026-04-01 12:58:08,258 - INFO - 💓 系统运行中... 持仓: 0, 余额: $382.77
2026-04-01 12:59:08,264 - INFO - 💓 系统运行中... 持仓: 0, 余额: $382.77
2026-04-01 13:00:08,271 - INFO - 💓 系统运行中... 持仓: 0, 余额: $382.77
2026-04-01 13:01:08,278 - INFO - 💓 系统运行中... 持仓: 0, 余额: $382.77
2026-04-01 13:01:36,065 - INFO - 👁️ [监控] 已检查490次，持仓0个
2026-04-01 13:01:39,017 - INFO - 👁️ [监控] 已检查490次，持仓0个
2026-04-01 13:02:08,283 - INFO - 💓 系统运行中... 持仓: 0, 余额: $382.77
2026-04-01 13:03:00,621 - INFO - 🔍 [定时扫描] UTC 2026-04-01 05:03:00 开始扫描...
2026-04-01 13:03:03,166 - INFO - 💰 账户余额: $382.77 USDT
2026-04-01 13:03:03,167 - INFO - 💰 账户余额: $382.77
2026-04-01 13:03:03,167 - INFO - 🔍 开始扫描卖量暴涨信号（API模式）...
2026-04-01 13:03:05,231 - INFO - ✅ 获取到 541 个活跃USDT合约
2026-04-01 13:03:05,233 - INFO - 📊 开始扫描 541 个交易对...
2026-04-01 13:03:08,292 - INFO - 💓 系统运行中... 持仓: 0, 余额: $382.77
2026-04-01 13:03:13,050 - INFO - 🔍 [定时扫描] UTC 2026-04-01 05:03:13 开始扫描...
2026-04-01 13:03:13,575 - INFO - 💰 账户余额: $382.77 USDT
2026-04-01 13:03:13,576 - INFO - 💰 账户余额: $382.77
2026-04-01 13:03:13,577 - INFO - 🔍 开始扫描卖量暴涨信号（API模式）...
2026-04-01 13:03:13,873 - INFO - ✅ 获取到 541 个活跃USDT合约
2026-04-01 13:03:13,875 - INFO - 📊 开始扫描 541 个交易对...
2026-04-01 13:03:31,040 - INFO - 📊 BLURUSDT 信号价格: 使用下一小时开盘价 0.019900
2026-04-01 13:03:31,161 - INFO - 🔥 发现信号: BLURUSDT 卖量暴涨 152.40倍 @ 0.019900 (买量倍数:716.19倍) (时间: 2026-04-01 04:00 UTC)
2026-04-01 13:03:43,937 - INFO - 📊 BLURUSDT 信号价格: 使用下一小时开盘价 0.019900
2026-04-01 13:03:44,143 - INFO - 🔥 发现信号: BLURUSDT 卖量暴涨 152.40倍 @ 0.019900 (买量倍数:716.19倍) (时间: 2026-04-01 04:00 UTC)
2026-04-01 13:03:45,989 - INFO - 📊 COMPUSDT 信号价格: 使用下一小时开盘价 16.860000
2026-04-01 13:03:46,111 - INFO - 🔥 发现信号: COMPUSDT 卖量暴涨 18.32倍 @ 16.860000 (买量倍数:2.05倍) (时间: 2026-04-01 04:00 UTC)
2026-04-01 13:03:53,242 - INFO - 📊 COMPUSDT 信号价格: 使用下一小时开盘价 16.860000
2026-04-01 13:03:53,422 - INFO - 🔥 发现信号: COMPUSDT 卖量暴涨 18.32倍 @ 16.860000 (买量倍数:2.05倍) (时间: 2026-04-01 04:00 UTC)
2026-04-01 13:04:08,303 - INFO - 💓 系统运行中... 持仓: 0, 余额: $382.77
2026-04-01 13:04:24,302 - INFO - 📊 JELLYJELLYUSDT 信号价格: 使用下一小时开盘价 0.051380
2026-04-01 13:04:24,444 - INFO - 🔥 发现信号: JELLYJELLYUSDT 卖量暴涨 17.76倍 @ 0.051380 (买量倍数:6.90倍) (时间: 2026-04-01 04:00 UTC)
2026-04-01 13:04:26,462 - INFO - 📊 JELLYJELLYUSDT 信号价格: 使用下一小时开盘价 0.051380
2026-04-01 13:04:26,598 - INFO - 🔥 发现信号: JELLYJELLYUSDT 卖量暴涨 17.76倍 @ 0.051380 (买量倍数:6.90倍) (时间: 2026-04-01 04:00 UTC)
2026-04-01 13:04:32,506 - INFO - 📊 MINAUSDT 信号价格: 使用下一小时开盘价 0.059650
2026-04-01 13:04:32,622 - INFO - 🔥 发现信号: MINAUSDT 卖量暴涨 24.65倍 @ 0.059650 (买量倍数:50.57倍) (时间: 2026-04-01 04:00 UTC)
2026-04-01 13:04:33,770 - INFO - 📊 MINAUSDT 信号价格: 使用下一小时开盘价 0.059650
2026-04-01 13:04:33,882 - INFO - 🔥 发现信号: MINAUSDT 卖量暴涨 24.65倍 @ 0.059650 (买量倍数:50.57倍) (时间: 2026-04-01 04:00 UTC)
2026-04-01 13:05:08,312 - INFO - 💓 系统运行中... 持仓: 0, 余额: $382.77
2026-04-01 13:05:14,158 - INFO - ✅ API扫描完成，共发现 4 个信号
2026-04-01 13:05:14,160 - INFO - ✅ 发现 4 个信号
2026-04-01 13:05:14,160 - INFO -    BLURUSDT: 152.40倍 @ 0.019900
2026-04-01 13:05:14,160 - INFO -    MINAUSDT: 24.65倍 @ 0.059650
2026-04-01 13:05:14,160 - INFO -    COMPUSDT: 18.32倍 @ 16.860000
2026-04-01 13:05:14,160 - INFO -    JELLYJELLYUSDT: 17.76倍 @ 0.051380
2026-04-01 13:05:14,288 - INFO - 💰 BLURUSDT 信号价格: 0.019900, 当前市价: 0.020000
2026-04-01 13:05:14,436 - INFO - 📊 持仓检查: 内存记录=0, 交易所实际=0, 上限=10
2026-04-01 13:05:14,546 - WARNING - 🚫 BLURUSDT 建仓被拒: 昨日BTC日K阳线(2026-03-31 open=66764.40 close=68241.50)，当日不建新仓
2026-04-01 13:05:14,655 - INFO - 💰 MINAUSDT 信号价格: 0.059650, 当前市价: 0.059840
2026-04-01 13:05:14,766 - INFO - 📊 持仓检查: 内存记录=0, 交易所实际=0, 上限=10
2026-04-01 13:05:14,968 - WARNING - 🚫 MINAUSDT 建仓被拒: 昨日BTC日K阳线(2026-03-31 open=66764.40 close=68241.50)，当日不建新仓
2026-04-01 13:05:15,081 - INFO - 💰 COMPUSDT 信号价格: 16.860000, 当前市价: 16.840000
2026-04-01 13:05:15,201 - INFO - 📊 持仓检查: 内存记录=0, 交易所实际=0, 上限=10
2026-04-01 13:05:15,308 - WARNING - 🚫 COMPUSDT 建仓被拒: 昨日BTC日K阳线(2026-03-31 open=66764.40 close=68241.50)，当日不建新仓
2026-04-01 13:05:15,484 - INFO - 💰 JELLYJELLYUSDT 信号价格: 0.051380, 当前市价: 0.051080
2026-04-01 13:05:15,597 - INFO - 📊 持仓检查: 内存记录=0, 交易所实际=0, 上限=10
2026-04-01 13:05:15,603 - INFO - ✅ API扫描完成，共发现 4 个信号
2026-04-01 13:05:15,603 - INFO - ✅ 发现 4 个信号
2026-04-01 13:05:15,603 - INFO -    BLURUSDT: 152.40倍 @ 0.019900
2026-04-01 13:05:15,603 - INFO -    MINAUSDT: 24.65倍 @ 0.059650
2026-04-01 13:05:15,603 - INFO -    COMPUSDT: 18.32倍 @ 16.860000
2026-04-01 13:05:15,603 - INFO -    JELLYJELLYUSDT: 17.76倍 @ 0.051380
2026-04-01 13:05:15,719 - WARNING - 🚫 JELLYJELLYUSDT 建仓被拒: 昨日BTC日K阳线(2026-03-31 open=66764.40 close=68241.50)，当日不建新仓
2026-04-01 13:05:15,719 - WARNING - ⚠️ 所有信号均无法建仓（已达到限制或已持有）
2026-04-01 13:05:15,825 - INFO - 💰 BLURUSDT 信号价格: 0.019900, 当前市价: 0.020000
2026-04-01 13:05:16,004 - INFO - 📊 持仓检查: 内存记录=0, 交易所实际=0, 上限=10
2026-04-01 13:05:16,115 - WARNING - 🚫 BLURUSDT 建仓被拒: 昨日BTC日K阳线(2026-03-31 open=66764.40 close=68241.50)，当日不建新仓
2026-04-01 13:05:16,225 - INFO - 💰 MINAUSDT 信号价格: 0.059650, 当前市价: 0.059810
2026-04-01 13:05:16,336 - INFO - 📊 持仓检查: 内存记录=0, 交易所实际=0, 上限=10
2026-04-01 13:05:16,531 - WARNING - 🚫 MINAUSDT 建仓被拒: 昨日BTC日K阳线(2026-03-31 open=66764.40 close=68241.50)，当日不建新仓
2026-04-01 13:05:16,643 - INFO - 💰 COMPUSDT 信号价格: 16.860000, 当前市价: 16.840000
2026-04-01 13:05:16,754 - INFO - 📊 持仓检查: 内存记录=0, 交易所实际=0, 上限=10
2026-04-01 13:05:16,861 - WARNING - 🚫 COMPUSDT 建仓被拒: 昨日BTC日K阳线(2026-03-31 open=66764.40 close=68241.50)，当日不建新仓
2026-04-01 13:05:17,059 - INFO - 💰 JELLYJELLYUSDT 信号价格: 0.051380, 当前市价: 0.051030
2026-04-01 13:05:17,174 - INFO - 📊 持仓检查: 内存记录=0, 交易所实际=0, 上限=10
2026-04-01 13:05:17,283 - WARNING - 🚫 JELLYJELLYUSDT 建仓被拒: 昨日BTC日K阳线(2026-03-31 open=66764.40 close=68241.50)，当日不建新仓
2026-04-01 13:05:17,284 - WARNING - ⚠️ 所有信号均无法建仓（已达到限制或已持有）
2026-04-01 13:06:08,320 - INFO - 💓 系统运行中... 持仓: 0, 余额: $382.77
2026-04-01 13:06:36,160 - INFO - 👁️ [监控] 已检查500次，持仓0个
2026-04-01 13:06:39,084 - INFO - 👁️ [监控] 已检查500次，持仓0个
2026-04-01 13:07:08,326 - INFO - 💓 系统运行中... 持仓: 0, 余额: $382.77
2026-04-01 13:08:08,335 - INFO - 💓 系统运行中... 持仓: 0, 余额: $382.77
2026-04-01 13:09:08,343 - INFO - 💓 系统运行中... 持仓: 0, 余额: $382.77
2026-04-01 13:10:08,355 - INFO - 💓 系统运行中... 持仓: 0, 余额: $382.77
2026-04-01 13:11:08,363 - INFO - 💓 系统运行中... 持仓: 0, 余额: $382.77
2026-04-01 13:11:36,246 - INFO - 👁️ [监控] 已检查510次，持仓0个
2026-04-01 13:11:39,149 - INFO - 👁️ [监控] 已检查510次，持仓0个
2026-04-01 13:12:08,377 - INFO - 💓 系统运行中... 持仓: 0, 余额: $382.77
2026-04-01 13:13:08,393 - INFO - 💓 系统运行中... 持仓: 0, 余额: $382.77
2026-04-01 13:14:08,405 - INFO - 💓 系统运行中... 持仓: 0, 余额: $382.77
2026-04-01 13:15:08,416 - INFO - 💓 系统运行中... 持仓: 0, 余额: $382.77
2026-04-01 13:16:08,428 - INFO - 💓 系统运行中... 持仓: 0, 余额: $382.77
2026-04-01 13:16:36,337 - INFO - 👁️ [监控] 已检查520次，持仓0个
2026-04-01 13:16:39,252 - INFO - 👁️ [监控] 已检查520次，持仓0个
2026-04-01 13:17:08,438 - INFO - 💓 系统运行中... 持仓: 0, 余额: $382.77
2026-04-01 13:18:08,446 - INFO - 💓 系统运行中... 持仓: 0, 余额: $382.77
2026-04-01 13:19:08,451 - INFO - 💓 系统运行中... 持仓: 0, 余额: $382.77
2026-04-01 13:20:08,454 - INFO - 💓 系统运行中... 持仓: 0, 余额: $382.77
2026-04-01 13:21:08,467 - INFO - 💓 系统运行中... 持仓: 0, 余额: $382.77
2026-04-01 13:21:36,427 - INFO - 👁️ [监控] 已检查530次，持仓0个
2026-04-01 13:21:39,334 - INFO - 👁️ [监控] 已检查530次，持仓0个
2026-04-01 13:22:08,480 - INFO - 💓 系统运行中... 持仓: 0, 余额: $382.77
2026-04-01 13:23:08,492 - INFO - 💓 系统运行中... 持仓: 0, 余额: $382.77
2026-04-01 13:24:08,503 - INFO - 💓 系统运行中... 持仓: 0, 余额: $382.77
2026-04-01 13:25:08,514 - INFO - 💓 系统运行中... 持仓: 0, 余额: $382.77
2026-04-01 13:26:08,527 - INFO - 💓 系统运行中... 持仓: 0, 余额: $382.77
2026-04-01 13:26:36,520 - INFO - 👁️ [监控] 已检查540次，持仓0个
2026-04-01 13:26:39,408 - INFO - 👁️ [监控] 已检查540次，持仓0个
2026-04-01 13:27:08,536 - INFO - 💓 系统运行中... 持仓: 0, 余额: $382.77
2026-04-01 13:28:08,548 - INFO - 💓 系统运行中... 持仓: 0, 余额: $382.77
2026-04-01 13:29:08,562 - INFO - 💓 系统运行中... 持仓: 0, 余额: $382.77
2026-04-01 13:30:08,571 - INFO - 💓 系统运行中... 持仓: 0, 余额: $382.77
2026-04-01 13:31:08,581 - INFO - 💓 系统运行中... 持仓: 0, 余额: $382.77
2026-04-01 13:31:36,609 - INFO - 👁️ [监控] 已检查550次，持仓0个
2026-04-01 13:31:39,482 - INFO - 👁️ [监控] 已检查550次，持仓0个
2026-04-01 13:32:08,586 - INFO - 💓 系统运行中... 持仓: 0, 余额: $382.77
2026-04-01 13:33:08,589 - INFO - 💓 系统运行中... 持仓: 0, 余额: $382.77
2026-04-01 13:34:08,600 - INFO - 💓 系统运行中... 持仓: 0, 余额: $382.77
2026-04-01 13:35:08,608 - INFO - 💓 系统运行中... 持仓: 0, 余额: $382.77
2026-04-01 13:36:08,618 - INFO - 💓 系统运行中... 持仓: 0, 余额: $382.77
2026-04-01 13:36:36,695 - INFO - 👁️ [监控] 已检查560次，持仓0个
2026-04-01 13:36:39,560 - INFO - 👁️ [监控] 已检查560次，持仓0个
2026-04-01 13:37:08,629 - INFO - 💓 系统运行中... 持仓: 0, 余额: $382.77
2026-04-01 13:38:08,633 - INFO - 💓 系统运行中... 持仓: 0, 余额: $382.77
2026-04-01 13:39:08,652 - INFO - 💓 系统运行中... 持仓: 0, 余额: $382.77
2026-04-01 13:40:08,657 - INFO - 💓 系统运行中... 持仓: 0, 余额: $382.77
2026-04-01 13:41:08,668 - INFO - 💓 系统运行中... 持仓: 0, 余额: $382.77
2026-04-01 13:41:36,782 - INFO - 👁️ [监控] 已检查570次，持仓0个
2026-04-01 13:41:39,632 - INFO - 👁️ [监控] 已检查570次，持仓0个
2026-04-01 13:42:08,681 - INFO - 💓 系统运行中... 持仓: 0, 余额: $382.77
2026-04-01 13:43:08,690 - INFO - 💓 系统运行中... 持仓: 0, 余额: $382.77
2026-04-01 13:44:08,706 - INFO - 💓 系统运行中... 持仓: 0, 余额: $382.77
2026-04-01 13:45:08,719 - INFO - 💓 系统运行中... 持仓: 0, 余额: $382.77
2026-04-01 13:46:08,728 - INFO - 💓 系统运行中... 持仓: 0, 余额: $382.77
2026-04-01 13:46:36,851 - INFO - 👁️ [监控] 已检查580次，持仓0个
2026-04-01 13:46:39,701 - INFO - 👁️ [监控] 已检查580次，持仓0个
2026-04-01 13:47:08,742 - INFO - 💓 系统运行中... 持仓: 0, 余额: $382.77
2026-04-01 13:48:08,749 - INFO - 💓 系统运行中... 持仓: 0, 余额: $382.77
2026-04-01 13:49:08,754 - INFO - 💓 系统运行中... 持仓: 0, 余额: $382.77
2026-04-01 13:50:08,759 - INFO - 💓 系统运行中... 持仓: 0, 余额: $382.77
2026-04-01 13:51:08,769 - INFO - 💓 系统运行中... 持仓: 0, 余额: $382.77
2026-04-01 13:51:36,889 - INFO - 👁️ [监控] 已检查590次，持仓0个
2026-04-01 13:51:39,741 - INFO - 👁️ [监控] 已检查590次，持仓0个
2026-04-01 13:52:08,776 - INFO - 💓 系统运行中... 持仓: 0, 余额: $382.77
2026-04-01 13:53:08,786 - INFO - 💓 系统运行中... 持仓: 0, 余额: $382.77
2026-04-01 13:54:08,808 - INFO - 💓 系统运行中... 持仓: 0, 余额: $382.77
2026-04-01 13:55:08,815 - INFO - 💓 系统运行中... 持仓: 0, 余额: $382.77
2026-04-01 13:56:08,821 - INFO - 💓 系统运行中... 持仓: 0, 余额: $382.77
2026-04-01 13:56:36,930 - INFO - 👁️ [监控] 已检查600次，持仓0个
2026-04-01 13:56:39,779 - INFO - 👁️ [监控] 已检查600次，持仓0个
2026-04-01 13:57:08,830 - INFO - 💓 系统运行中... 持仓: 0, 余额: $382.77
2026-04-01 13:58:08,834 - INFO - 💓 系统运行中... 持仓: 0, 余额: $382.77
2026-04-01 13:59:08,839 - INFO - 💓 系统运行中... 持仓: 0, 余额: $382.77
2026-04-01 14:00:08,847 - INFO - 💓 系统运行中... 持仓: 0, 余额: $382.77
2026-04-01 14:01:08,855 - INFO - 💓 系统运行中... 持仓: 0, 余额: $382.77
2026-04-01 14:01:36,981 - INFO - 👁️ [监控] 已检查610次，持仓0个
2026-04-01 14:01:39,824 - INFO - 👁️ [监控] 已检查610次，持仓0个
2026-04-01 14:02:08,864 - INFO - 💓 系统运行中... 持仓: 0, 余额: $382.77
2026-04-01 14:03:08,875 - INFO - 💓 系统运行中... 持仓: 0, 余额: $382.77
2026-04-01 14:03:16,515 - INFO - 🔍 [定时扫描] UTC 2026-04-01 06:03:16 开始扫描...
2026-04-01 14:03:17,523 - INFO - 💰 账户余额: $382.77 USDT
2026-04-01 14:03:17,523 - INFO - 💰 账户余额: $382.77
2026-04-01 14:03:17,523 - INFO - 🔍 开始扫描卖量暴涨信号（API模式）...
2026-04-01 14:03:17,788 - INFO - ✅ 获取到 541 个活跃USDT合约
2026-04-01 14:03:17,789 - INFO - 📊 开始扫描 541 个交易对...
2026-04-01 14:03:17,995 - INFO - 🔍 [定时扫描] UTC 2026-04-01 06:03:17 开始扫描...
2026-04-01 14:03:18,738 - INFO - 💰 账户余额: $382.77 USDT
2026-04-01 14:03:18,739 - INFO - 💰 账户余额: $382.77
2026-04-01 14:03:18,739 - INFO - 🔍 开始扫描卖量暴涨信号（API模式）...
2026-04-01 14:03:18,991 - INFO - ✅ 获取到 541 个活跃USDT合约
2026-04-01 14:03:18,993 - INFO - 📊 开始扫描 541 个交易对...
2026-04-01 14:03:35,163 - INFO - 📊 BLURUSDT 信号价格: 使用下一小时开盘价 0.019920
2026-04-01 14:03:35,290 - INFO - 🔥 发现信号: BLURUSDT 卖量暴涨 84.82倍 @ 0.019920 (买量倍数:716.19倍) (时间: 2026-04-01 05:00 UTC)
2026-04-01 14:03:36,359 - INFO - 📊 BLURUSDT 信号价格: 使用下一小时开盘价 0.019920
2026-04-01 14:03:36,538 - INFO - 🔥 发现信号: BLURUSDT 卖量暴涨 84.82倍 @ 0.019920 (买量倍数:716.19倍) (时间: 2026-04-01 05:00 UTC)
2026-04-01 14:03:46,004 - INFO - 📊 DODOXUSDT 信号价格: 使用下一小时开盘价 0.014755
2026-04-01 14:03:46,131 - INFO - 🔥 发现信号: DODOXUSDT 卖量暴涨 13.77倍 @ 0.014755 (买量倍数:1.43倍) (时间: 2026-04-01 05:00 UTC)
2026-04-01 14:03:46,399 - INFO - 📊 DODOXUSDT 信号价格: 使用下一小时开盘价 0.014755
2026-04-01 14:03:46,550 - INFO - 🔥 发现信号: DODOXUSDT 卖量暴涨 13.77倍 @ 0.014755 (买量倍数:1.43倍) (时间: 2026-04-01 05:00 UTC)
2026-04-01 14:04:08,882 - INFO - 💓 系统运行中... 持仓: 0, 余额: $382.77
2026-04-01 14:04:11,046 - INFO - 📊 MINAUSDT 信号价格: 使用下一小时开盘价 0.059440
2026-04-01 14:04:11,269 - INFO - 🔥 发现信号: MINAUSDT 卖量暴涨 17.59倍 @ 0.059440 (买量倍数:50.57倍) (时间: 2026-04-01 05:00 UTC)
2026-04-01 14:04:12,187 - INFO - 📊 MINAUSDT 信号价格: 使用下一小时开盘价 0.059440
2026-04-01 14:04:12,315 - INFO - 🔥 发现信号: MINAUSDT 卖量暴涨 17.59倍 @ 0.059440 (买量倍数:50.57倍) (时间: 2026-04-01 05:00 UTC)
2026-04-01 14:04:51,639 - INFO - ✅ API扫描完成，共发现 3 个信号
2026-04-01 14:04:51,641 - INFO - ✅ 发现 3 个信号
2026-04-01 14:04:51,642 - INFO -    BLURUSDT: 84.82倍 @ 0.019920
2026-04-01 14:04:51,642 - INFO -    MINAUSDT: 17.59倍 @ 0.059440
2026-04-01 14:04:51,642 - INFO -    DODOXUSDT: 13.77倍 @ 0.014755
2026-04-01 14:04:51,782 - INFO - 💰 BLURUSDT 信号价格: 0.019920, 当前市价: 0.020040
2026-04-01 14:04:51,931 - INFO - 📊 持仓检查: 内存记录=0, 交易所实际=0, 上限=10
2026-04-01 14:04:52,072 - WARNING - 🚫 BLURUSDT 建仓被拒: 昨日BTC日K阳线(2026-03-31 open=66764.40 close=68241.50)，当日不建新仓
2026-04-01 14:04:52,209 - INFO - 💰 MINAUSDT 信号价格: 0.059440, 当前市价: 0.059490
2026-04-01 14:04:52,350 - INFO - 📊 持仓检查: 内存记录=0, 交易所实际=0, 上限=10
2026-04-01 14:04:52,559 - WARNING - 🚫 MINAUSDT 建仓被拒: 昨日BTC日K阳线(2026-03-31 open=66764.40 close=68241.50)，当日不建新仓
2026-04-01 14:04:52,722 - INFO - 💰 DODOXUSDT 信号价格: 0.014755, 当前市价: 0.014904
2026-04-01 14:04:52,879 - INFO - 📊 持仓检查: 内存记录=0, 交易所实际=0, 上限=10
2026-04-01 14:04:52,990 - INFO - ✅ API扫描完成，共发现 3 个信号
2026-04-01 14:04:52,990 - INFO - ✅ 发现 3 个信号
2026-04-01 14:04:52,990 - INFO -    BLURUSDT: 84.82倍 @ 0.019920
2026-04-01 14:04:52,990 - INFO -    MINAUSDT: 17.59倍 @ 0.059440
2026-04-01 14:04:52,990 - INFO -    DODOXUSDT: 13.77倍 @ 0.014755
2026-04-01 14:04:53,079 - WARNING - 🚫 DODOXUSDT 建仓被拒: 昨日BTC日K阳线(2026-03-31 open=66764.40 close=68241.50)，当日不建新仓
2026-04-01 14:04:53,079 - WARNING - ⚠️ 所有信号均无法建仓（已达到限制或已持有）
2026-04-01 14:04:53,232 - INFO - 💰 BLURUSDT 信号价格: 0.019920, 当前市价: 0.020040
2026-04-01 14:04:53,431 - INFO - 📊 持仓检查: 内存记录=0, 交易所实际=0, 上限=10
2026-04-01 14:04:53,620 - WARNING - 🚫 BLURUSDT 建仓被拒: 昨日BTC日K阳线(2026-03-31 open=66764.40 close=68241.50)，当日不建新仓
2026-04-01 14:04:53,820 - INFO - 💰 MINAUSDT 信号价格: 0.059440, 当前市价: 0.059490
2026-04-01 14:04:53,981 - INFO - 📊 持仓检查: 内存记录=0, 交易所实际=0, 上限=10
2026-04-01 14:04:54,135 - WARNING - 🚫 MINAUSDT 建仓被拒: 昨日BTC日K阳线(2026-03-31 open=66764.40 close=68241.50)，当日不建新仓
2026-04-01 14:04:54,266 - INFO - 💰 DODOXUSDT 信号价格: 0.014755, 当前市价: 0.014904
2026-04-01 14:04:54,423 - INFO - 📊 持仓检查: 内存记录=0, 交易所实际=0, 上限=10
2026-04-01 14:04:54,566 - WARNING - 🚫 DODOXUSDT 建仓被拒: 昨日BTC日K阳线(2026-03-31 open=66764.40 close=68241.50)，当日不建新仓
2026-04-01 14:04:54,566 - WARNING - ⚠️ 所有信号均无法建仓（已达到限制或已持有）
2026-04-01 14:05:08,891 - INFO - 💓 系统运行中... 持仓: 0, 余额: $382.77
2026-04-01 14:06:08,900 - INFO - 💓 系统运行中... 持仓: 0, 余额: $382.77
2026-04-01 14:06:37,064 - INFO - 👁️ [监控] 已检查620次，持仓0个
2026-04-01 14:06:39,896 - INFO - 👁️ [监控] 已检查620次，持仓0个
2026-04-01 14:07:08,920 - INFO - 💓 系统运行中... 持仓: 0, 余额: $382.77
2026-04-01 14:08:08,931 - INFO - 💓 系统运行中... 持仓: 0, 余额: $382.77
2026-04-01 14:09:08,939 - INFO - 💓 系统运行中... 持仓: 0, 余额: $382.77
2026-04-01 14:10:08,953 - INFO - 💓 系统运行中... 持仓: 0, 余额: $382.77
2026-04-01 14:11:08,964 - INFO - 💓 系统运行中... 持仓: 0, 余额: $382.77
2026-04-01 14:11:37,141 - INFO - 👁️ [监控] 已检查630次，持仓0个
2026-04-01 14:11:39,964 - INFO - 👁️ [监控] 已检查630次，持仓0个
2026-04-01 14:12:08,977 - INFO - 💓 系统运行中... 持仓: 0, 余额: $382.77
2026-04-01 14:13:08,990 - INFO - 💓 系统运行中... 持仓: 0, 余额: $382.77
2026-04-01 14:14:09,002 - INFO - 💓 系统运行中... 持仓: 0, 余额: $382.77
2026-04-01 14:15:09,014 - INFO - 💓 系统运行中... 持仓: 0, 余额: $382.77
2026-04-01 14:16:09,025 - INFO - 💓 系统运行中... 持仓: 0, 余额: $382.77
2026-04-01 14:16:37,269 - INFO - 👁️ [监控] 已检查640次，持仓0个
2026-04-01 14:16:40,037 - INFO - 👁️ [监控] 已检查640次，持仓0个
2026-04-01 14:17:09,037 - INFO - 💓 系统运行中... 持仓: 0, 余额: $382.77
2026-04-01 14:18:09,043 - INFO - 💓 系统运行中... 持仓: 0, 余额: $382.77
2026-04-01 14:19:09,051 - INFO - 💓 系统运行中... 持仓: 0, 余额: $382.77
2026-04-01 14:20:09,058 - INFO - 💓 系统运行中... 持仓: 0, 余额: $382.77
2026-04-01 14:21:09,066 - INFO - 💓 系统运行中... 持仓: 0, 余额: $382.77
2026-04-01 14:21:37,320 - INFO - 👁️ [监控] 已检查650次，持仓0个
2026-04-01 14:21:40,068 - INFO - 👁️ [监控] 已检查650次，持仓0个
2026-04-01 14:22:09,073 - INFO - 💓 系统运行中... 持仓: 0, 余额: $382.77
2026-04-01 14:23:09,080 - INFO - 💓 系统运行中... 持仓: 0, 余额: $382.77
2026-04-01 14:24:09,085 - INFO - 💓 系统运行中... 持仓: 0, 余额: $382.77
2026-04-01 14:25:09,093 - INFO - 💓 系统运行中... 持仓: 0, 余额: $382.77
2026-04-01 14:26:09,100 - INFO - 💓 系统运行中... 持仓: 0, 余额: $382.77
2026-04-01 14:26:37,372 - INFO - 👁️ [监控] 已检查660次，持仓0个
2026-04-01 14:26:40,100 - INFO - 👁️ [监控] 已检查660次，持仓0个
2026-04-01 14:27:09,105 - INFO - 💓 系统运行中... 持仓: 0, 余额: $382.77
2026-04-01 14:28:09,113 - INFO - 💓 系统运行中... 持仓: 0, 余额: $382.77
2026-04-01 14:29:09,120 - INFO - 💓 系统运行中... 持仓: 0, 余额: $382.77
2026-04-01 14:30:09,131 - INFO - 💓 系统运行中... 持仓: 0, 余额: $382.77
2026-04-01 14:31:09,138 - INFO - 💓 系统运行中... 持仓: 0, 余额: $382.77
2026-04-01 14:31:37,412 - INFO - 👁️ [监控] 已检查670次，持仓0个
2026-04-01 14:31:40,139 - INFO - 👁️ [监控] 已检查670次，持仓0个
2026-04-01 14:32:09,148 - INFO - 💓 系统运行中... 持仓: 0, 余额: $382.77
2026-04-01 14:33:09,153 - INFO - 💓 系统运行中... 持仓: 0, 余额: $382.77
2026-04-01 14:34:09,159 - INFO - 💓 系统运行中... 持仓: 0, 余额: $382.77
2026-04-01 14:35:09,167 - INFO - 💓 系统运行中... 持仓: 0, 余额: $382.77
2026-04-01 14:36:09,175 - INFO - 💓 系统运行中... 持仓: 0, 余额: $382.77
2026-04-01 14:36:37,460 - INFO - 👁️ [监控] 已检查680次，持仓0个
2026-04-01 14:36:40,169 - INFO - 👁️ [监控] 已检查680次，持仓0个
2026-04-01 14:37:09,180 - INFO - 💓 系统运行中... 持仓: 0, 余额: $382.77
2026-04-01 14:38:09,186 - INFO - 💓 系统运行中... 持仓: 0, 余额: $382.77
2026-04-01 14:39:09,198 - INFO - 💓 系统运行中... 持仓: 0, 余额: $382.77
2026-04-01 14:40:09,210 - INFO - 💓 系统运行中... 持仓: 0, 余额: $382.77
2026-04-01 14:41:09,220 - INFO - 💓 系统运行中... 持仓: 0, 余额: $382.77
2026-04-01 14:41:37,526 - INFO - 👁️ [监控] 已检查690次，持仓0个
2026-04-01 14:41:40,231 - INFO - 👁️ [监控] 已检查690次，持仓0个
2026-04-01 14:42:09,228 - INFO - 💓 系统运行中... 持仓: 0, 余额: $382.77
2026-04-01 14:43:09,236 - INFO - 💓 系统运行中... 持仓: 0, 余额: $382.77
2026-04-01 14:44:09,242 - INFO - 💓 系统运行中... 持仓: 0, 余额: $382.77
2026-04-01 14:45:09,250 - INFO - 💓 系统运行中... 持仓: 0, 余额: $382.77
2026-04-01 14:46:09,257 - INFO - 💓 系统运行中... 持仓: 0, 余额: $382.77
2026-04-01 14:46:37,589 - INFO - 👁️ [监控] 已检查700次，持仓0个
2026-04-01 14:46:40,271 - INFO - 👁️ [监控] 已检查700次，持仓0个
2026-04-01 14:47:09,261 - INFO - 💓 系统运行中... 持仓: 0, 余额: $382.77
2026-04-01 14:48:09,265 - INFO - 💓 系统运行中... 持仓: 0, 余额: $382.77
2026-04-01 14:49:09,274 - INFO - 💓 系统运行中... 持仓: 0, 余额: $382.77
2026-04-01 14:50:09,280 - INFO - 💓 系统运行中... 持仓: 0, 余额: $382.77
2026-04-01 14:51:09,286 - INFO - 💓 系统运行中... 持仓: 0, 余额: $382.77
2026-04-01 14:51:37,635 - INFO - 👁️ [监控] 已检查710次，持仓0个
2026-04-01 14:51:40,292 - INFO - 👁️ [监控] 已检查710次，持仓0个
2026-04-01 14:52:09,296 - INFO - 💓 系统运行中... 持仓: 0, 余额: $382.77
2026-04-01 14:53:09,302 - INFO - 💓 系统运行中... 持仓: 0, 余额: $382.77
2026-04-01 14:54:09,310 - INFO - 💓 系统运行中... 持仓: 0, 余额: $382.77
2026-04-01 14:55:09,319 - INFO - 💓 系统运行中... 持仓: 0, 余额: $382.77
2026-04-01 14:56:09,328 - INFO - 💓 系统运行中... 持仓: 0, 余额: $382.77
2026-04-01 14:56:37,678 - INFO - 👁️ [监控] 已检查720次，持仓0个
2026-04-01 14:56:40,321 - INFO - 👁️ [监控] 已检查720次，持仓0个
2026-04-01 14:57:09,333 - INFO - 💓 系统运行中... 持仓: 0, 余额: $382.77
2026-04-01 14:58:09,341 - INFO - 💓 系统运行中... 持仓: 0, 余额: $382.77
2026-04-01 14:59:09,345 - INFO - 💓 系统运行中... 持仓: 0, 余额: $382.77
2026-04-01 15:00:09,358 - INFO - 💓 系统运行中... 持仓: 0, 余额: $382.77
2026-04-01 15:01:09,368 - INFO - 💓 系统运行中... 持仓: 0, 余额: $382.77
2026-04-01 15:01:37,742 - INFO - 👁️ [监控] 已检查730次，持仓0个
2026-04-01 15:01:40,371 - INFO - 👁️ [监控] 已检查730次，持仓0个
2026-04-01 15:02:09,380 - INFO - 💓 系统运行中... 持仓: 0, 余额: $382.77
2026-04-01 15:03:09,388 - INFO - 💓 系统运行中... 持仓: 0, 余额: $382.77
2026-04-01 15:03:23,652 - INFO - 🔍 [定时扫描] UTC 2026-04-01 07:03:23 开始扫描...
2026-04-01 15:03:24,444 - INFO - 💰 账户余额: $382.77 USDT
2026-04-01 15:03:24,445 - INFO - 💰 账户余额: $382.77
2026-04-01 15:03:24,446 - INFO - 🔍 开始扫描卖量暴涨信号（API模式）...
2026-04-01 15:03:24,777 - INFO - ✅ 获取到 541 个活跃USDT合约
2026-04-01 15:03:24,777 - INFO - 📊 开始扫描 541 个交易对...
2026-04-01 15:03:25,109 - INFO - 🔍 [定时扫描] UTC 2026-04-01 07:03:25 开始扫描...
2026-04-01 15:03:25,930 - INFO - 💰 账户余额: $382.77 USDT
2026-04-01 15:03:25,931 - INFO - 💰 账户余额: $382.77
2026-04-01 15:03:25,932 - INFO - 🔍 开始扫描卖量暴涨信号（API模式）...
2026-04-01 15:03:26,162 - INFO - ✅ 获取到 541 个活跃USDT合约
2026-04-01 15:03:26,164 - INFO - 📊 开始扫描 541 个交易对...
2026-04-01 15:03:41,064 - INFO - 📊 BLURUSDT 信号价格: 使用下一小时开盘价 0.020520
2026-04-01 15:03:41,199 - INFO - 🔥 发现信号: BLURUSDT 卖量暴涨 116.38倍 @ 0.020520 (买量倍数:716.19倍) (时间: 2026-04-01 06:00 UTC)
2026-04-01 15:03:42,246 - INFO - 📊 BLURUSDT 信号价格: 使用下一小时开盘价 0.020520
2026-04-01 15:03:42,384 - INFO - 🔥 发现信号: BLURUSDT 卖量暴涨 116.38倍 @ 0.020520 (买量倍数:716.19倍) (时间: 2026-04-01 06:00 UTC)
2026-04-01 15:04:09,392 - INFO - 💓 系统运行中... 持仓: 0, 余额: $382.77
2026-04-01 15:04:14,083 - INFO - 📊 LQTYUSDT 信号价格: 使用下一小时开盘价 0.280200
2026-04-01 15:04:14,210 - INFO - 🔥 发现信号: LQTYUSDT 卖量暴涨 92.10倍 @ 0.280200 (买量倍数:1.88倍) (时间: 2026-04-01 06:00 UTC)
2026-04-01 15:04:15,133 - INFO - 📊 LQTYUSDT 信号价格: 使用下一小时开盘价 0.280200
2026-04-01 15:04:15,259 - INFO - 🔥 发现信号: LQTYUSDT 卖量暴涨 92.10倍 @ 0.280200 (买量倍数:1.88倍) (时间: 2026-04-01 06:00 UTC)
2026-04-01 15:04:18,515 - INFO - 📊 MINAUSDT 信号价格: 使用下一小时开盘价 0.060170
2026-04-01 15:04:18,677 - INFO - 🔥 发现信号: MINAUSDT 卖量暴涨 14.83倍 @ 0.060170 (买量倍数:50.57倍) (时间: 2026-04-01 06:00 UTC)
2026-04-01 15:04:18,837 - INFO - 📊 MINAUSDT 信号价格: 使用下一小时开盘价 0.060170
2026-04-01 15:04:18,968 - INFO - 🔥 发现信号: MINAUSDT 卖量暴涨 14.83倍 @ 0.060170 (买量倍数:50.57倍) (时间: 2026-04-01 06:00 UTC)
2026-04-01 15:04:29,555 - INFO - 📊 RECALLUSDT 信号价格: 使用下一小时开盘价 0.040910
2026-04-01 15:04:29,690 - INFO - 🔥 发现信号: RECALLUSDT 卖量暴涨 12.02倍 @ 0.040910 (买量倍数:2.52倍) (时间: 2026-04-01 06:00 UTC)
2026-04-01 15:04:30,464 - INFO - 📊 RECALLUSDT 信号价格: 使用下一小时开盘价 0.040910
2026-04-01 15:04:30,593 - INFO - 🔥 发现信号: RECALLUSDT 卖量暴涨 12.02倍 @ 0.040910 (买量倍数:2.52倍) (时间: 2026-04-01 06:00 UTC)
2026-04-01 15:04:32,618 - INFO - 📊 RVNUSDT 信号价格: 使用下一小时开盘价 0.005970
2026-04-01 15:04:32,831 - INFO - 🔥 发现信号: RVNUSDT 卖量暴涨 14.06倍 @ 0.005970 (买量倍数:2.00倍) (时间: 2026-04-01 06:00 UTC)
2026-04-01 15:04:33,250 - INFO - 📊 RVNUSDT 信号价格: 使用下一小时开盘价 0.005970
2026-04-01 15:04:33,476 - INFO - 🔥 发现信号: RVNUSDT 卖量暴涨 14.06倍 @ 0.005970 (买量倍数:2.00倍) (时间: 2026-04-01 06:00 UTC)
2026-04-01 15:04:55,375 - INFO - ✅ API扫描完成，共发现 5 个信号
2026-04-01 15:04:55,377 - INFO - ✅ 发现 5 个信号
2026-04-01 15:04:55,378 - INFO -    BLURUSDT: 116.38倍 @ 0.020520
2026-04-01 15:04:55,378 - INFO -    LQTYUSDT: 92.10倍 @ 0.280200
2026-04-01 15:04:55,378 - INFO -    MINAUSDT: 14.83倍 @ 0.060170
2026-04-01 15:04:55,378 - INFO -    RVNUSDT: 14.06倍 @ 0.005970
2026-04-01 15:04:55,378 - INFO -    RECALLUSDT: 12.02倍 @ 0.040910
2026-04-01 15:04:55,534 - INFO - 💰 BLURUSDT 信号价格: 0.020520, 当前市价: 0.020510
2026-04-01 15:04:55,721 - INFO - 📊 持仓检查: 内存记录=0, 交易所实际=0, 上限=10
2026-04-01 15:04:55,763 - INFO - ✅ API扫描完成，共发现 5 个信号
2026-04-01 15:04:55,763 - INFO - ✅ 发现 5 个信号
2026-04-01 15:04:55,764 - INFO -    BLURUSDT: 116.38倍 @ 0.020520
2026-04-01 15:04:55,764 - INFO -    LQTYUSDT: 92.10倍 @ 0.280200
2026-04-01 15:04:55,764 - INFO -    MINAUSDT: 14.83倍 @ 0.060170
2026-04-01 15:04:55,764 - INFO -    RVNUSDT: 14.06倍 @ 0.005970
2026-04-01 15:04:55,764 - INFO -    RECALLUSDT: 12.02倍 @ 0.040910
2026-04-01 15:04:55,764 - WARNING - 🔒 BLURUSDT 正在建仓中，跳过重复请求
2026-04-01 15:04:55,948 - WARNING - 🚫 BLURUSDT 建仓被拒: 昨日BTC日K阳线(2026-03-31 open=66764.40 close=68241.50)，当日不建新仓
2026-04-01 15:04:55,948 - WARNING - 🔒 LQTYUSDT 正在建仓中，跳过重复请求
2026-04-01 15:04:56,090 - INFO - 💰 LQTYUSDT 信号价格: 0.280200, 当前市价: 0.282900
2026-04-01 15:04:56,223 - INFO - 📊 持仓检查: 内存记录=0, 交易所实际=0, 上限=10
2026-04-01 15:04:56,420 - WARNING - 🚫 LQTYUSDT 建仓被拒: 昨日BTC日K阳线(2026-03-31 open=66764.40 close=68241.50)，当日不建新仓
2026-04-01 15:04:56,420 - WARNING - 🔒 MINAUSDT 正在建仓中，跳过重复请求
2026-04-01 15:04:56,657 - INFO - 💰 MINAUSDT 信号价格: 0.060170, 当前市价: 0.060310
2026-04-01 15:04:56,793 - INFO - 📊 持仓检查: 内存记录=0, 交易所实际=0, 上限=10
2026-04-01 15:04:56,954 - WARNING - 🚫 MINAUSDT 建仓被拒: 昨日BTC日K阳线(2026-03-31 open=66764.40 close=68241.50)，当日不建新仓
2026-04-01 15:04:56,954 - WARNING - 🔒 RVNUSDT 正在建仓中，跳过重复请求
2026-04-01 15:04:57,189 - INFO - 💰 RVNUSDT 信号价格: 0.005970, 当前市价: 0.005960
2026-04-01 15:04:57,323 - INFO - 📊 持仓检查: 内存记录=0, 交易所实际=0, 上限=10
2026-04-01 15:04:57,581 - WARNING - 🚫 RVNUSDT 建仓被拒: 昨日BTC日K阳线(2026-03-31 open=66764.40 close=68241.50)，当日不建新仓
2026-04-01 15:04:57,581 - WARNING - 🔒 RECALLUSDT 正在建仓中，跳过重复请求
2026-04-01 15:04:57,581 - WARNING - ⚠️ 所有信号均无法建仓（已达到限制或已持有）
2026-04-01 15:04:57,723 - INFO - 💰 RECALLUSDT 信号价格: 0.040910, 当前市价: 0.040980
2026-04-01 15:04:57,851 - INFO - 📊 持仓检查: 内存记录=0, 交易所实际=0, 上限=10
2026-04-01 15:04:57,994 - WARNING - 🚫 RECALLUSDT 建仓被拒: 昨日BTC日K阳线(2026-03-31 open=66764.40 close=68241.50)，当日不建新仓
2026-04-01 15:04:57,995 - WARNING - ⚠️ 所有信号均无法建仓（已达到限制或已持有）
2026-04-01 15:05:09,398 - INFO - 💓 系统运行中... 持仓: 0, 余额: $382.77
2026-04-01 15:06:09,406 - INFO - 💓 系统运行中... 持仓: 0, 余额: $382.77
2026-04-01 15:06:37,792 - INFO - 👁️ [监控] 已检查740次，持仓0个
2026-04-01 15:06:40,411 - INFO - 👁️ [监控] 已检查740次，持仓0个
2026-04-01 15:07:09,416 - INFO - 💓 系统运行中... 持仓: 0, 余额: $382.77
2026-04-01 15:08:09,432 - INFO - 💓 系统运行中... 持仓: 0, 余额: $382.77
2026-04-01 15:09:09,439 - INFO - 💓 系统运行中... 持仓: 0, 余额: $382.77
2026-04-01 15:10:09,443 - INFO - 💓 系统运行中... 持仓: 0, 余额: $382.77
2026-04-01 15:11:09,454 - INFO - 💓 系统运行中... 持仓: 0, 余额: $382.77
2026-04-01 15:11:37,856 - INFO - 👁️ [监控] 已检查750次，持仓0个
2026-04-01 15:11:40,460 - INFO - 👁️ [监控] 已检查750次，持仓0个
2026-04-01 15:12:09,463 - INFO - 💓 系统运行中... 持仓: 0, 余额: $382.77
2026-04-01 15:13:09,482 - INFO - 💓 系统运行中... 持仓: 0, 余额: $382.77
2026-04-01 15:14:09,496 - INFO - 💓 系统运行中... 持仓: 0, 余额: $382.77
2026-04-01 15:15:09,504 - INFO - 💓 系统运行中... 持仓: 0, 余额: $382.77
2026-04-01 15:16:09,513 - INFO - 💓 系统运行中... 持仓: 0, 余额: $382.77
2026-04-01 15:16:37,914 - INFO - 👁️ [监控] 已检查760次，持仓0个
2026-04-01 15:16:40,529 - INFO - 👁️ [监控] 已检查760次，持仓0个
2026-04-01 15:17:09,528 - INFO - 💓 系统运行中... 持仓: 0, 余额: $382.77
2026-04-01 15:18:09,541 - INFO - 💓 系统运行中... 持仓: 0, 余额: $382.77
2026-04-01 15:19:09,545 - INFO - 💓 系统运行中... 持仓: 0, 余额: $382.77
2026-04-01 15:20:09,558 - INFO - 💓 系统运行中... 持仓: 0, 余额: $382.77
2026-04-01 15:21:09,569 - INFO - 💓 系统运行中... 持仓: 0, 余额: $382.77
2026-04-01 15:21:37,991 - INFO - 👁️ [监控] 已检查770次，持仓0个
2026-04-01 15:21:40,609 - INFO - 👁️ [监控] 已检查770次，持仓0个
2026-04-01 15:22:09,577 - INFO - 💓 系统运行中... 持仓: 0, 余额: $382.77
2026-04-01 15:23:09,588 - INFO - 💓 系统运行中... 持仓: 0, 余额: $382.77
2026-04-01 15:24:09,595 - INFO - 💓 系统运行中... 持仓: 0, 余额: $382.77
2026-04-01 15:25:09,609 - INFO - 💓 系统运行中... 持仓: 0, 余额: $382.77
2026-04-01 15:26:09,621 - INFO - 💓 系统运行中... 持仓: 0, 余额: $382.77
2026-04-01 15:26:38,071 - INFO - 👁️ [监控] 已检查780次，持仓0个
2026-04-01 15:26:40,667 - INFO - 👁️ [监控] 已检查780次，持仓0个
2026-04-01 15:27:09,630 - INFO - 💓 系统运行中... 持仓: 0, 余额: $382.77
2026-04-01 15:28:09,642 - INFO - 💓 系统运行中... 持仓: 0, 余额: $382.77
2026-04-01 15:29:09,663 - INFO - 💓 系统运行中... 持仓: 0, 余额: $382.77
2026-04-01 15:30:09,674 - INFO - 💓 系统运行中... 持仓: 0, 余额: $382.77
2026-04-01 15:31:09,681 - INFO - 💓 系统运行中... 持仓: 0, 余额: $382.77
2026-04-01 15:31:38,112 - INFO - 👁️ [监控] 已检查790次，持仓0个
2026-04-01 15:31:40,723 - INFO - 👁️ [监控] 已检查790次，持仓0个
2026-04-01 15:32:09,688 - INFO - 💓 系统运行中... 持仓: 0, 余额: $382.77
2026-04-01 15:33:09,695 - INFO - 💓 系统运行中... 持仓: 0, 余额: $382.77
2026-04-01 15:34:09,699 - INFO - 💓 系统运行中... 持仓: 0, 余额: $382.77
2026-04-01 15:35:09,706 - INFO - 💓 系统运行中... 持仓: 0, 余额: $382.77
2026-04-01 15:36:09,721 - INFO - 💓 系统运行中... 持仓: 0, 余额: $382.77
2026-04-01 15:36:38,156 - INFO - 👁️ [监控] 已检查800次，持仓0个
2026-04-01 15:36:40,779 - INFO - 👁️ [监控] 已检查800次，持仓0个
2026-04-01 15:37:09,731 - INFO - 💓 系统运行中... 持仓: 0, 余额: $382.77
2026-04-01 15:38:09,738 - INFO - 💓 系统运行中... 持仓: 0, 余额: $382.77
2026-04-01 15:39:09,750 - INFO - 💓 系统运行中... 持仓: 0, 余额: $382.77
2026-04-01 15:40:09,760 - INFO - 💓 系统运行中... 持仓: 0, 余额: $382.77
2026-04-01 15:41:09,773 - INFO - 💓 系统运行中... 持仓: 0, 余额: $382.77
2026-04-01 15:41:38,201 - INFO - 👁️ [监控] 已检查810次，持仓0个
2026-04-01 15:41:40,846 - INFO - 👁️ [监控] 已检查810次，持仓0个
2026-04-01 15:42:09,787 - INFO - 💓 系统运行中... 持仓: 0, 余额: $382.77
2026-04-01 15:43:09,799 - INFO - 💓 系统运行中... 持仓: 0, 余额: $382.77
2026-04-01 15:44:09,812 - INFO - 💓 系统运行中... 持仓: 0, 余额: $382.77
2026-04-01 15:45:09,824 - INFO - 💓 系统运行中... 持仓: 0, 余额: $382.77
2026-04-01 15:46:09,835 - INFO - 💓 系统运行中... 持仓: 0, 余额: $382.77
2026-04-01 15:46:38,281 - INFO - 👁️ [监控] 已检查820次，持仓0个
2026-04-01 15:46:40,918 - INFO - 👁️ [监控] 已检查820次，持仓0个
2026-04-01 15:47:09,846 - INFO - 💓 系统运行中... 持仓: 0, 余额: $382.77
2026-04-01 15:48:09,856 - INFO - 💓 系统运行中... 持仓: 0, 余额: $382.77
2026-04-01 15:49:09,867 - INFO - 💓 系统运行中... 持仓: 0, 余额: $382.77
2026-04-01 15:50:09,879 - INFO - 💓 系统运行中... 持仓: 0, 余额: $382.77
2026-04-01 15:51:09,892 - INFO - 💓 系统运行中... 持仓: 0, 余额: $382.77
2026-04-01 15:51:38,360 - INFO - 👁️ [监控] 已检查830次，持仓0个
2026-04-01 15:51:40,981 - INFO - 👁️ [监控] 已检查830次，持仓0个
2026-04-01 15:52:09,901 - INFO - 💓 系统运行中... 持仓: 0, 余额: $382.77
2026-04-01 15:53:09,912 - INFO - 💓 系统运行中... 持仓: 0, 余额: $382.77
2026-04-01 15:54:09,921 - INFO - 💓 系统运行中... 持仓: 0, 余额: $382.77
2026-04-01 15:55:09,933 - INFO - 💓 系统运行中... 持仓: 0, 余额: $382.77
2026-04-01 15:56:09,947 - INFO - 💓 系统运行中... 持仓: 0, 余额: $382.77
2026-04-01 15:56:38,443 - INFO - 👁️ [监控] 已检查840次，持仓0个
2026-04-01 15:56:41,051 - INFO - 👁️ [监控] 已检查840次，持仓0个
2026-04-01 15:57:09,951 - INFO - 💓 系统运行中... 持仓: 0, 余额: $382.77
2026-04-01 15:58:09,956 - INFO - 💓 系统运行中... 持仓: 0, 余额: $382.77
2026-04-01 15:59:09,967 - INFO - 💓 系统运行中... 持仓: 0, 余额: $382.77
2026-04-01 16:00:09,978 - INFO - 💓 系统运行中... 持仓: 0, 余额: $382.77
2026-04-01 16:01:09,993 - INFO - 💓 系统运行中... 持仓: 0, 余额: $382.77
2026-04-01 16:01:38,527 - INFO - 👁️ [监控] 已检查850次，持仓0个
2026-04-01 16:01:41,141 - INFO - 👁️ [监控] 已检查850次，持仓0个
2026-04-01 16:02:10,001 - INFO - 💓 系统运行中... 持仓: 0, 余额: $382.77
2026-04-01 16:03:10,011 - INFO - 💓 系统运行中... 持仓: 0, 余额: $382.77
2026-04-01 16:03:28,440 - INFO - 🔍 [定时扫描] UTC 2026-04-01 08:03:28 开始扫描...
2026-04-01 16:03:28,711 - INFO - 🔍 [定时扫描] UTC 2026-04-01 08:03:28 开始扫描...
2026-04-01 16:03:29,072 - INFO - 💰 账户余额: $382.77 USDT
2026-04-01 16:03:29,073 - INFO - 💰 账户余额: $382.77
2026-04-01 16:03:29,073 - INFO - 🔍 开始扫描卖量暴涨信号（API模式）...
2026-04-01 16:03:29,312 - INFO - ✅ 获取到 541 个活跃USDT合约
2026-04-01 16:03:29,313 - INFO - 📊 开始扫描 541 个交易对...
2026-04-01 16:03:29,317 - INFO - 💰 账户余额: $382.77 USDT
2026-04-01 16:03:29,317 - INFO - 💰 账户余额: $382.77
2026-04-01 16:03:29,317 - INFO - 🔍 开始扫描卖量暴涨信号（API模式）...
2026-04-01 16:03:29,554 - INFO - ✅ 获取到 541 个活跃USDT合约
2026-04-01 16:03:29,555 - INFO - 📊 开始扫描 541 个交易对...
2026-04-01 16:03:43,189 - INFO - 📊 BLURUSDT 信号价格: 使用下一小时开盘价 0.022740
2026-04-01 16:03:43,318 - INFO - 📊 BLURUSDT 信号价格: 使用下一小时开盘价 0.022740
2026-04-01 16:03:43,327 - INFO - 🔥 发现信号: BLURUSDT 卖量暴涨 487.37倍 @ 0.022740 (买量倍数:716.19倍) (时间: 2026-04-01 07:00 UTC)
2026-04-01 16:03:43,454 - INFO - 🔥 发现信号: BLURUSDT 卖量暴涨 487.37倍 @ 0.022740 (买量倍数:716.19倍) (时间: 2026-04-01 07:00 UTC)
2026-04-01 16:04:10,021 - INFO - 💓 系统运行中... 持仓: 0, 余额: $382.77
2026-04-01 16:04:13,602 - INFO - 📊 MINAUSDT 信号价格: 使用下一小时开盘价 0.061720
2026-04-01 16:04:13,736 - INFO - 🔥 发现信号: MINAUSDT 卖量暴涨 22.43倍 @ 0.061720 (买量倍数:50.57倍) (时间: 2026-04-01 07:00 UTC)
2026-04-01 16:04:14,931 - INFO - 📊 MINAUSDT 信号价格: 使用下一小时开盘价 0.061720
2026-04-01 16:04:15,066 - INFO - 🔥 发现信号: MINAUSDT 卖量暴涨 22.43倍 @ 0.061720 (买量倍数:50.57倍) (时间: 2026-04-01 07:00 UTC)
2026-04-01 16:04:46,096 - INFO - ✅ API扫描完成，共发现 2 个信号
2026-04-01 16:04:46,097 - INFO - ✅ 发现 2 个信号
2026-04-01 16:04:46,097 - INFO -    BLURUSDT: 487.37倍 @ 0.022740
2026-04-01 16:04:46,098 - INFO -    MINAUSDT: 22.43倍 @ 0.061720
2026-04-01 16:04:46,223 - INFO - 💰 BLURUSDT 信号价格: 0.022740, 当前市价: 0.022130
2026-04-01 16:04:46,354 - INFO - 📊 持仓检查: 内存记录=0, 交易所实际=0, 上限=10
2026-04-01 16:04:46,485 - WARNING - 🚫 BLURUSDT 建仓被拒: 昨日BTC日K阳线(2026-03-31 open=66764.40 close=68241.50)，当日不建新仓
2026-04-01 16:04:46,619 - INFO - 💰 MINAUSDT 信号价格: 0.061720, 当前市价: 0.060680
2026-04-01 16:04:46,752 - INFO - 📊 持仓检查: 内存记录=0, 交易所实际=0, 上限=10
2026-04-01 16:04:46,880 - WARNING - 🚫 MINAUSDT 建仓被拒: 昨日BTC日K阳线(2026-03-31 open=66764.40 close=68241.50)，当日不建新仓
2026-04-01 16:04:46,880 - WARNING - ⚠️ 所有信号均无法建仓（已达到限制或已持有）
2026-04-01 16:04:47,681 - INFO - ✅ API扫描完成，共发现 2 个信号
2026-04-01 16:04:47,682 - INFO - ✅ 发现 2 个信号
2026-04-01 16:04:47,682 - INFO -    BLURUSDT: 487.37倍 @ 0.022740
2026-04-01 16:04:47,682 - INFO -    MINAUSDT: 22.43倍 @ 0.061720
2026-04-01 16:04:47,816 - INFO - 💰 BLURUSDT 信号价格: 0.022740, 当前市价: 0.022120
2026-04-01 16:04:47,951 - INFO - 📊 持仓检查: 内存记录=0, 交易所实际=0, 上限=10
2026-04-01 16:04:48,084 - WARNING - 🚫 BLURUSDT 建仓被拒: 昨日BTC日K阳线(2026-03-31 open=66764.40 close=68241.50)，当日不建新仓
2026-04-01 16:04:48,216 - INFO - 💰 MINAUSDT 信号价格: 0.061720, 当前市价: 0.060630
2026-04-01 16:04:48,346 - INFO - 📊 持仓检查: 内存记录=0, 交易所实际=0, 上限=10
2026-04-01 16:04:48,480 - WARNING - 🚫 MINAUSDT 建仓被拒: 昨日BTC日K阳线(2026-03-31 open=66764.40 close=68241.50)，当日不建新仓
2026-04-01 16:04:48,480 - WARNING - ⚠️ 所有信号均无法建仓（已达到限制或已持有）
2026-04-01 16:05:10,031 - INFO - 💓 系统运行中... 持仓: 0, 余额: $382.77
2026-04-01 16:06:10,041 - INFO - 💓 系统运行中... 持仓: 0, 余额: $382.77
2026-04-01 16:06:38,592 - INFO - 👁️ [监控] 已检查860次，持仓0个
2026-04-01 16:06:41,231 - INFO - 👁️ [监控] 已检查860次，持仓0个
2026-04-01 16:07:10,043 - INFO - 💓 系统运行中... 持仓: 0, 余额: $382.77
2026-04-01 16:08:10,054 - INFO - 💓 系统运行中... 持仓: 0, 余额: $382.77
2026-04-01 16:09:10,063 - INFO - 💓 系统运行中... 持仓: 0, 余额: $382.77
2026-04-01 16:10:10,069 - INFO - 💓 系统运行中... 持仓: 0, 余额: $382.77
2026-04-01 16:11:10,074 - INFO - 💓 系统运行中... 持仓: 0, 余额: $382.77
2026-04-01 16:11:38,666 - INFO - 👁️ [监控] 已检查870次，持仓0个
2026-04-01 16:11:41,306 - INFO - 👁️ [监控] 已检查870次，持仓0个
2026-04-01 16:12:10,085 - INFO - 💓 系统运行中... 持仓: 0, 余额: $382.77
2026-04-01 16:13:10,096 - INFO - 💓 系统运行中... 持仓: 0, 余额: $382.77
2026-04-01 16:14:10,106 - INFO - 💓 系统运行中... 持仓: 0, 余额: $382.77
2026-04-01 16:15:10,113 - INFO - 💓 系统运行中... 持仓: 0, 余额: $382.77
2026-04-01 16:16:10,125 - INFO - 💓 系统运行中... 持仓: 0, 余额: $382.77
2026-04-01 16:16:38,757 - INFO - 👁️ [监控] 已检查880次，持仓0个
2026-04-01 16:16:41,384 - INFO - 👁️ [监控] 已检查880次，持仓0个
2026-04-01 16:17:10,127 - INFO - 💓 系统运行中... 持仓: 0, 余额: $382.77
2026-04-01 16:18:10,135 - INFO - 💓 系统运行中... 持仓: 0, 余额: $382.77
2026-04-01 16:19:10,138 - INFO - 💓 系统运行中... 持仓: 0, 余额: $382.77
2026-04-01 16:20:10,148 - INFO - 💓 系统运行中... 持仓: 0, 余额: $382.77
2026-04-01 16:21:10,160 - INFO - 💓 系统运行中... 持仓: 0, 余额: $382.77
2026-04-01 16:21:38,836 - INFO - 👁️ [监控] 已检查890次，持仓0个
2026-04-01 16:21:41,460 - INFO - 👁️ [监控] 已检查890次，持仓0个
2026-04-01 16:22:10,167 - INFO - 💓 系统运行中... 持仓: 0, 余额: $382.77
2026-04-01 16:23:10,185 - INFO - 💓 系统运行中... 持仓: 0, 余额: $382.77
2026-04-01 16:24:10,199 - INFO - 💓 系统运行中... 持仓: 0, 余额: $382.77
2026-04-01 16:25:10,203 - INFO - 💓 系统运行中... 持仓: 0, 余额: $382.77
2026-04-01 16:26:10,209 - INFO - 💓 系统运行中... 持仓: 0, 余额: $382.77
2026-04-01 16:26:38,883 - INFO - 👁️ [监控] 已检查900次，持仓0个
2026-04-01 16:26:41,510 - INFO - 👁️ [监控] 已检查900次，持仓0个
2026-04-01 16:27:10,217 - INFO - 💓 系统运行中... 持仓: 0, 余额: $382.77
2026-04-01 16:28:10,225 - INFO - 💓 系统运行中... 持仓: 0, 余额: $382.77
2026-04-01 16:29:10,239 - INFO - 💓 系统运行中... 持仓: 0, 余额: $382.77
2026-04-01 16:30:10,247 - INFO - 💓 系统运行中... 持仓: 0, 余额: $382.77
2026-04-01 16:30:24,038 - INFO - 
⏹️ 收到停止信号，正在退出...
2026-04-01 16:30:25,045 - INFO - 👋 AE Server 已停止
