2026-03-31 21:43:31,636 - INFO - ============================================================
2026-03-31 21:43:31,636 - INFO - 🚀 AE Server v2.0 启动中...
2026-03-31 21:43:31,636 - INFO - ============================================================
2026-03-31 21:43:31,637 - INFO - ✅ 配置文件加载成功
2026-03-31 21:43:31,637 - WARNING - ⚠️ 环境变量未完整设置，尝试从 config.ini [BINANCE] 读取
2026-03-31 21:43:31,637 - INFO - 🔄 初始化币安客户端...
2026-03-31 21:43:32,640 - INFO - ✅ 期货API连接测试成功
2026-03-31 21:43:32,641 - INFO - 📦 初始化昨日数据缓存
2026-03-31 21:43:32,641 - INFO - ✅ 昨日数据缓存初始化完成（API模式）
2026-03-31 21:43:32,642 - INFO - 🔍 加载交易所现有持仓...
2026-03-31 21:43:32,834 - INFO - ✅ 第1次尝试获取持仓信息成功
2026-03-31 21:43:32,834 - INFO - 📭 无现有持仓
2026-03-31 21:43:32,834 - INFO - ✅ 策略引擎初始化完成
2026-03-31 21:43:32,834 - INFO -    杠杆: 3.0x, 单仓: 5%, 最大持仓: 10
2026-03-31 21:43:32,834 - INFO -    止盈: 33.0/21.0/11.0%, 止损: 18.0%
2026-03-31 21:43:32,834 - INFO -    24h涨幅平仓: False (阈值 6.30%) | 每小时单仓限制: False | 单次扫描最多开仓: 不限制
2026-03-31 21:43:32,834 - INFO -    BTC昨日阳线风控: 不建新仓=True | UTC日初一刀切空仓=True
2026-03-31 21:43:32,834 - INFO - ✅ 策略引擎初始化完成
2026-03-31 21:43:32,994 - INFO - 💰 账户余额: $382.77 USDT
2026-03-31 21:43:32,994 - INFO - 🔍 🚀 服务器启动：按交易所开放单对账止盈/止损，缺失则补挂...
2026-03-31 21:43:32,995 - INFO -    📊 当前持仓数量: 0
2026-03-31 21:43:32,995 - INFO - 📊 止盈止损检查完成: 需补挂仓位 0 个，本轮成功 0 个
2026-03-31 21:43:33,147 - INFO - 📉 昨日BTC阳线(2026-03-30 o=65978.00 c=66764.40)，本地无待平空仓，跳过一刀切
2026-03-31 21:43:33,148 - INFO - ✅ Flask Web服务已启动: http://localhost:5002
2026-03-31 21:43:33,150 - INFO - 🚀 启动后台任务线程...
2026-03-31 21:43:33,154 - INFO - 📡 信号扫描线程已启动
2026-03-31 21:43:33,155 - INFO - ✅ 信号扫描线程已启动
2026-03-31 21:43:33,156 - INFO - 👁️ 持仓监控线程已启动
2026-03-31 21:43:33,156 - INFO - ✅ 持仓监控线程已启动
2026-03-31 21:43:33,157 - INFO - 📧 每日报告线程已启动
2026-03-31 21:43:33,157 - INFO - ✅ 每日报告线程已启动
2026-03-31 21:43:33,157 - INFO - ============================================================
2026-03-31 21:43:33,158 - INFO - 📋 使用说明:
2026-03-31 21:43:33,158 - INFO -   - 浏览器打开: http://localhost:5002
2026-03-31 21:43:33,158 - INFO -   - Web用户名: admin
2026-03-31 21:43:33,158 - INFO -   - Web密码: admin123
2026-03-31 21:43:33,158 - INFO -   - 外部访问: http://45.77.37.106:5002
2026-03-31 21:43:33,158 - INFO -   - API服务器(旧): http://localhost:5001
2026-03-31 21:43:33,158 - INFO -   - 停止程序: Ctrl+C
2026-03-31 21:43:33,158 - INFO - ============================================================
2026-03-31 21:43:33,183 - INFO - [31m[1mWARNING: This is a development server. Do not use it in a production deployment. Use a production WSGI server instead.[0m
 * Running on all addresses (0.0.0.0)
 * Running on http://127.0.0.1:5002
 * Running on http://198.19.0.1:5002
2026-03-31 21:43:33,183 - INFO - [33mPress CTRL+C to quit[0m
2026-03-31 21:44:01,080 - INFO - 127.0.0.1 - - [31/Mar/2026 21:44:01] "GET / HTTP/1.1" 200 -
2026-03-31 21:44:01,147 - INFO - 127.0.0.1 - - [31/Mar/2026 21:44:01] "[36mGET /static/css/style.css HTTP/1.1[0m" 304 -
2026-03-31 21:44:01,152 - INFO - 127.0.0.1 - - [31/Mar/2026 21:44:01] "[36mGET /static/js/app.js HTTP/1.1[0m" 304 -
2026-03-31 21:44:02,040 - INFO - 127.0.0.1 - - [31/Mar/2026 21:44:02] "GET /api/status HTTP/1.1" 200 -
2026-03-31 21:44:02,596 - INFO - 🔍 开始处理持仓，strategy.positions 长度: 0
2026-03-31 21:44:02,596 - INFO - 🔍 get_positions 方法即将返回数据，result 长度: 0
2026-03-31 21:44:02,596 - INFO - 🔍 返回 JSON 结构: success=True, positions长度=0, account_balance=382.7728673
2026-03-31 21:44:02,596 - INFO - 🔍 完整响应数据预览: {'success': True, 'positions': [], 'account_balance': 382.7728673}
2026-03-31 21:44:02,597 - INFO - 127.0.0.1 - - [31/Mar/2026 21:44:02] "GET /api/positions HTTP/1.1" 200 -
2026-03-31 21:44:02,672 - INFO - 127.0.0.1 - - [31/Mar/2026 21:44:02] "GET /api/logs?lines=80 HTTP/1.1" 200 -
2026-03-31 21:51:46,686 - INFO - 📡 信号扫描线程已启动
2026-03-31 21:51:46,687 - INFO - 👁️ 持仓监控线程已启动
2026-03-31 21:51:46,687 - INFO - 🚀 Web界面启动自动交易
2026-03-31 21:51:46,689 - INFO - 127.0.0.1 - - [31/Mar/2026 21:51:46] "POST /api/start_trading HTTP/1.1" 200 -
2026-03-31 21:51:50,386 - INFO - 127.0.0.1 - - [31/Mar/2026 21:51:50] "GET /api/status HTTP/1.1" 200 -
2026-03-31 21:51:50,717 - INFO - 🔍 开始处理持仓，strategy.positions 长度: 0
2026-03-31 21:51:50,718 - INFO - 🔍 get_positions 方法即将返回数据，result 长度: 0
2026-03-31 21:51:50,718 - INFO - 🔍 返回 JSON 结构: success=True, positions长度=0, account_balance=382.7728673
2026-03-31 21:51:50,718 - INFO - 🔍 完整响应数据预览: {'success': True, 'positions': [], 'account_balance': 382.7728673}
2026-03-31 21:51:50,719 - INFO - 127.0.0.1 - - [31/Mar/2026 21:51:50] "GET /api/positions HTTP/1.1" 200 -
2026-03-31 21:51:50,804 - INFO - 127.0.0.1 - - [31/Mar/2026 21:51:50] "GET /api/logs?lines=80 HTTP/1.1" 200 -
2026-03-31 21:52:33,193 - INFO - 💓 系统运行中... 持仓: 0, 余额: $382.77
2026-03-31 21:52:33,201 - INFO - 📧 开始生成每日交易报告...
2026-03-31 21:52:34,073 - ERROR - ❌ 未配置邮件发送账号
2026-03-31 21:52:34,073 - INFO - 📧 每日报告已发送 (2026-03-31)
2026-03-31 21:52:51,559 - INFO - 
⏹️ 收到停止信号，正在退出...
2026-03-31 21:52:52,564 - INFO - 👋 AE Server 已停止
