2026-04-01 08:07:34,480 - INFO - ============================================================
2026-04-01 08:07:34,480 - INFO - 🚀 AE Server v2.0 启动中...
2026-04-01 08:07:34,480 - INFO - ============================================================
2026-04-01 08:07:34,481 - INFO - ✅ 配置文件加载成功
2026-04-01 08:07:34,481 - WARNING - ⚠️ 环境变量未完整设置，尝试从 config.ini [BINANCE] 读取
2026-04-01 08:07:34,481 - INFO - 🔄 初始化币安客户端...
2026-04-01 08:07:35,464 - INFO - ✅ 期货API连接测试成功
2026-04-01 08:07:35,464 - INFO - 📦 初始化昨日数据缓存
2026-04-01 08:07:35,464 - INFO - ✅ 昨日数据缓存初始化完成（API模式）
2026-04-01 08:07:35,464 - INFO - 🔍 加载交易所现有持仓...
2026-04-01 08:07:35,570 - INFO - ✅ 第1次尝试获取持仓信息成功
2026-04-01 08:07:35,570 - INFO - 📭 无现有持仓
2026-04-01 08:07:35,570 - INFO - ✅ 策略引擎初始化完成
2026-04-01 08:07:35,570 - INFO -    杠杆: 3.0x, 单仓: 5%, 最大持仓: 10
2026-04-01 08:07:35,570 - INFO -    止盈: 33.0/21.0/11.0%, 止损: 18.0%
2026-04-01 08:07:35,570 - INFO -    24h涨幅平仓: False (阈值 6.30%) | 每小时单仓限制: False | 单次扫描最多开仓: 不限制
2026-04-01 08:07:35,570 - INFO -    BTC昨日阳线风控: 不建新仓=True | UTC日初一刀切空仓=True
2026-04-01 08:07:35,570 - INFO - ✅ 策略引擎初始化完成
2026-04-01 08:07:35,688 - INFO - 💰 账户余额: $382.77 USDT
2026-04-01 08:07:35,688 - INFO - 🔍 🚀 服务器启动：按交易所开放单对账止盈/止损，缺失则补挂...
2026-04-01 08:07:35,688 - INFO -    📊 当前持仓数量: 0
2026-04-01 08:07:35,691 - INFO - 📊 止盈止损检查完成: 需补挂仓位 0 个，本轮成功 0 个
2026-04-01 08:07:35,792 - INFO - 📉 昨日BTC阳线(2026-03-31 o=66764.40 c=68241.50)，本地无待平空仓，跳过一刀切
2026-04-01 08:07:35,793 - INFO - ✅ Flask Web服务已启动: http://localhost:5002
2026-04-01 08:07:35,793 - INFO - 🚀 启动后台任务线程...
2026-04-01 08:07:35,793 - INFO - 📡 信号扫描线程已启动
2026-04-01 08:07:35,793 - INFO - ✅ 信号扫描线程已启动
2026-04-01 08:07:35,793 - INFO - 👁️ 持仓监控线程已启动
2026-04-01 08:07:35,793 - INFO - ✅ 持仓监控线程已启动
2026-04-01 08:07:35,794 - INFO - 📧 每日报告线程已启动
2026-04-01 08:07:35,794 - INFO - ✅ 每日报告线程已启动
2026-04-01 08:07:35,794 - INFO - ============================================================
2026-04-01 08:07:35,794 - INFO - 📋 使用说明:
2026-04-01 08:07:35,794 - INFO -   - 浏览器打开: http://localhost:5002
2026-04-01 08:07:35,794 - INFO -   - Web用户名: admin
2026-04-01 08:07:35,794 - INFO -   - Web密码: admin123
2026-04-01 08:07:35,794 - INFO -   - 外部访问: http://45.77.37.106:5002
2026-04-01 08:07:35,794 - INFO -   - API服务器(旧): http://localhost:5001
2026-04-01 08:07:35,794 - INFO -   - 停止程序: Ctrl+C
2026-04-01 08:07:35,794 - INFO - ============================================================
2026-04-01 08:07:35,812 - INFO - [31m[1mWARNING: This is a development server. Do not use it in a production deployment. Use a production WSGI server instead.[0m
 * Running on all addresses (0.0.0.0)
 * Running on http://127.0.0.1:5002
 * Running on http://198.19.0.1:5002
2026-04-01 08:07:35,812 - INFO - [33mPress CTRL+C to quit[0m
2026-04-01 08:07:36,383 - INFO - 127.0.0.1 - - [01/Apr/2026 08:07:36] "GET / HTTP/1.1" 200 -
2026-04-01 08:07:36,424 - INFO - 127.0.0.1 - - [01/Apr/2026 08:07:36] "GET /static/css/style.css HTTP/1.1" 200 -
2026-04-01 08:07:36,424 - INFO - 127.0.0.1 - - [01/Apr/2026 08:07:36] "GET /static/js/app.js HTTP/1.1" 200 -
2026-04-01 08:07:37,137 - INFO - 127.0.0.1 - - [01/Apr/2026 08:07:37] "GET /api/status HTTP/1.1" 200 -
2026-04-01 08:07:37,462 - INFO - 🔍 开始处理持仓，strategy.positions 长度: 0
2026-04-01 08:07:37,462 - INFO - 🔍 get_positions 方法即将返回数据，result 长度: 0
2026-04-01 08:07:37,463 - INFO - 🔍 返回 JSON 结构: success=True, positions长度=0, account_balance=382.7728673
2026-04-01 08:07:37,463 - INFO - 🔍 完整响应数据预览: {'success': True, 'positions': [], 'account_balance': 382.7728673}
2026-04-01 08:07:37,463 - INFO - 127.0.0.1 - - [01/Apr/2026 08:07:37] "GET /api/positions HTTP/1.1" 200 -
2026-04-01 08:07:37,534 - INFO - 127.0.0.1 - - [01/Apr/2026 08:07:37] "GET /api/logs?lines=80 HTTP/1.1" 200 -
2026-04-01 08:08:28,212 - INFO - 📥 收到 Web 请求: 启动交易 (POST /api/start_trading)
2026-04-01 08:08:28,212 - INFO - 📡 信号扫描线程已启动
2026-04-01 08:08:28,212 - INFO - 👁️ 持仓监控线程已启动
2026-04-01 08:08:28,213 - INFO - 🚀 Web 界面: 自动交易已启动（已新建 scan_loop / monitor_loop 线程，is_running=True）
2026-04-01 08:08:28,214 - INFO - 127.0.0.1 - - [01/Apr/2026 08:08:28] "POST /api/start_trading HTTP/1.1" 200 -
2026-04-01 08:08:30,328 - INFO - 127.0.0.1 - - [01/Apr/2026 08:08:30] "GET /api/status HTTP/1.1" 200 -
2026-04-01 08:08:30,642 - INFO - 🔍 开始处理持仓，strategy.positions 长度: 0
2026-04-01 08:08:30,642 - INFO - 🔍 get_positions 方法即将返回数据，result 长度: 0
2026-04-01 08:08:30,642 - INFO - 🔍 返回 JSON 结构: success=True, positions长度=0, account_balance=382.7728673
2026-04-01 08:08:30,642 - INFO - 🔍 完整响应数据预览: {'success': True, 'positions': [], 'account_balance': 382.7728673}
2026-04-01 08:08:30,643 - INFO - 127.0.0.1 - - [01/Apr/2026 08:08:30] "GET /api/positions HTTP/1.1" 200 -
2026-04-01 08:08:30,729 - INFO - 127.0.0.1 - - [01/Apr/2026 08:08:30] "GET /api/logs?lines=80 HTTP/1.1" 200 -
2026-04-01 08:08:35,796 - INFO - 📧 开始生成每日交易报告...
2026-04-01 08:08:35,796 - INFO - 💓 系统运行中... 持仓: 0, 余额: $382.77
2026-04-01 08:08:36,307 - ERROR - ❌ 未配置邮件发送账号
2026-04-01 08:08:36,307 - INFO - 📧 每日报告已发送 (2026-04-01)
2026-04-01 08:09:35,803 - INFO - 💓 系统运行中... 持仓: 0, 余额: $382.77
2026-04-01 08:10:35,809 - INFO - 💓 系统运行中... 持仓: 0, 余额: $382.77
2026-04-01 08:11:35,812 - INFO - 💓 系统运行中... 持仓: 0, 余额: $382.77
2026-04-01 08:12:35,819 - INFO - 💓 系统运行中... 持仓: 0, 余额: $382.77
2026-04-01 08:12:58,249 - INFO - 👁️ [监控] 已检查10次，持仓0个
2026-04-01 08:13:05,838 - INFO - 👁️ [监控] 已检查10次，持仓0个
2026-04-01 08:13:35,825 - INFO - 💓 系统运行中... 持仓: 0, 余额: $382.77
2026-04-01 08:14:35,830 - INFO - 💓 系统运行中... 持仓: 0, 余额: $382.77
2026-04-01 08:15:35,836 - INFO - 💓 系统运行中... 持仓: 0, 余额: $382.77
2026-04-01 08:16:35,841 - INFO - 💓 系统运行中... 持仓: 0, 余额: $382.77
2026-04-01 08:17:35,852 - INFO - 💓 系统运行中... 持仓: 0, 余额: $382.77
2026-04-01 08:17:58,291 - INFO - 👁️ [监控] 已检查20次，持仓0个
2026-04-01 08:18:05,890 - INFO - 👁️ [监控] 已检查20次，持仓0个
2026-04-01 08:18:35,859 - INFO - 💓 系统运行中... 持仓: 0, 余额: $382.77
2026-04-01 08:19:35,865 - INFO - 💓 系统运行中... 持仓: 0, 余额: $382.77
2026-04-01 08:20:35,871 - INFO - 💓 系统运行中... 持仓: 0, 余额: $382.77
2026-04-01 08:21:35,879 - INFO - 💓 系统运行中... 持仓: 0, 余额: $382.77
2026-04-01 08:22:35,886 - INFO - 💓 系统运行中... 持仓: 0, 余额: $382.77
2026-04-01 08:22:58,336 - INFO - 👁️ [监控] 已检查30次，持仓0个
2026-04-01 08:23:05,922 - INFO - 👁️ [监控] 已检查30次，持仓0个
2026-04-01 08:23:35,900 - INFO - 💓 系统运行中... 持仓: 0, 余额: $382.77
2026-04-01 08:24:35,906 - INFO - 💓 系统运行中... 持仓: 0, 余额: $382.77
2026-04-01 08:25:35,909 - INFO - 💓 系统运行中... 持仓: 0, 余额: $382.77
2026-04-01 08:26:35,917 - INFO - 💓 系统运行中... 持仓: 0, 余额: $382.77
2026-04-01 08:27:35,925 - INFO - 💓 系统运行中... 持仓: 0, 余额: $382.77
2026-04-01 08:27:58,378 - INFO - 👁️ [监控] 已检查40次，持仓0个
2026-04-01 08:28:05,955 - INFO - 👁️ [监控] 已检查40次，持仓0个
2026-04-01 08:28:35,932 - INFO - 💓 系统运行中... 持仓: 0, 余额: $382.77
2026-04-01 08:29:03,394 - INFO - 127.0.0.1 - - [01/Apr/2026 08:29:03] "GET / HTTP/1.1" 200 -
2026-04-01 08:29:03,497 - INFO - 127.0.0.1 - - [01/Apr/2026 08:29:03] "[36mGET /static/js/app.js HTTP/1.1[0m" 304 -
2026-04-01 08:29:03,499 - INFO - 127.0.0.1 - - [01/Apr/2026 08:29:03] "GET /static/css/style.css HTTP/1.1" 200 -
2026-04-01 08:29:05,441 - INFO - 127.0.0.1 - - [01/Apr/2026 08:29:05] "GET /api/status HTTP/1.1" 200 -
2026-04-01 08:29:05,913 - INFO - 🔍 开始处理持仓，strategy.positions 长度: 0
2026-04-01 08:29:05,913 - INFO - 🔍 get_positions 方法即将返回数据，result 长度: 0
2026-04-01 08:29:05,913 - INFO - 🔍 返回 JSON 结构: success=True, positions长度=0, account_balance=382.7728673
2026-04-01 08:29:05,913 - INFO - 🔍 完整响应数据预览: {'success': True, 'positions': [], 'account_balance': 382.7728673}
2026-04-01 08:29:05,914 - INFO - 127.0.0.1 - - [01/Apr/2026 08:29:05] "GET /api/positions HTTP/1.1" 200 -
2026-04-01 08:29:05,981 - INFO - 127.0.0.1 - - [01/Apr/2026 08:29:05] "GET /api/logs?lines=80 HTTP/1.1" 200 -
2026-04-01 08:29:15,002 - INFO - 
⏹️ 收到停止信号，正在退出...
2026-04-01 08:29:16,006 - INFO - 👋 AE Server 已停止
