
================================================================================
✅ 🤖 自动平仓 - MUSDT
================================================================================
时间: 2026-03-31 13:13:41 UTC
📋 操作详情:
   平仓原因: BTC昨日阳线(UTC日初一刀切)
   持仓时长: 133.2小时
   成交价格: 2.367800
   盈亏比例: -10.29%
   盈亏金额: -1.325400

📊 状态对比:
   变动前:
     持仓数量: 6.000000
     建仓价格: 2.146900
     当前价格: 2.3678000
     未实现盈亏: 0
     持仓时长: 133.223286
   变动后:
     持仓数量: 0
     状态: 已平仓
     平仓价格: 2.367800
     盈亏金额: -1.325400
     盈亏比例: -0.102893

✅ 执行成功
================================================================================

================================================================================
✅ 🤖 自动平仓 - ARIAUSDT
================================================================================
时间: 2026-03-31 13:13:43 UTC
📋 操作详情:
   平仓原因: BTC昨日阳线(UTC日初一刀切)
   持仓时长: 170.9小时
   成交价格: 0.323000
   盈亏比例: -11.28%
   盈亏金额: -1.113500

📊 状态对比:
   变动前:
     持仓数量: 34.000000
     建仓价格: 0.290250
     当前价格: 0.3229000
     未实现盈亏: 0
     持仓时长: 170.863607
   变动后:
     持仓数量: 0
     状态: 已平仓
     平仓价格: 0.323000
     盈亏金额: -1.113500
     盈亏比例: -0.112834

✅ 执行成功
================================================================================

================================================================================
✅ 🔄 动态止盈调整 - ATUSDT
================================================================================
时间: 2026-04-02 05:04:44 UTC
📋 操作详情:
   触发类型: 2小时动态止盈
   判断结果: 中等币
   时长: 2.0小时

📊 状态对比:
   变动前:
     止盈百分比: 32.985850
     止盈价格: 0.104020
   变动后:
     止盈百分比: 21.000000
     止盈价格: 0.122625

✅ 执行成功
================================================================================

================================================================================
✅ 🔄 动态止盈调整 - AERGOUSDT
================================================================================
时间: 2026-04-02 05:04:48 UTC
📋 操作详情:
   触发类型: 2小时动态止盈
   判断结果: 中等币
   时长: 2.0小时

📊 状态对比:
   变动前:
     止盈百分比: 32.935606
     止盈价格: 0.035410
   变动后:
     止盈百分比: 21.000000
     止盈价格: 0.041712

✅ 执行成功
================================================================================

================================================================================
✅ 💰 手动平仓 - FUSDT
================================================================================
时间: 2026-04-02 05:41:59 UTC
📋 操作详情:
   平仓原因: 手动平仓
   持仓时长: 4.6小时
   成交价格: 0.005006
   盈亏比例: 5.54%
   盈亏金额: 3.182362

📊 状态对比:
   变动前:
     持仓数量: 10829.000000
     建仓价格: 0.005300
     当前价格: 0.0050040
     未实现盈亏: 0
     持仓时长: 4.583506
   变动后:
     持仓数量: 0
     状态: 已平仓
     平仓价格: 0.005006
     盈亏金额: 3.182362
     盈亏比例: 0.055449

✅ 执行成功
================================================================================

================================================================================
✅ 💰 手动平仓 - FUSDT
================================================================================
时间: 2026-04-02 05:42:00 UTC
📋 操作详情:
   操作人: Web界面用户
   请求IP: 127.0.0.1
   平仓原因: 手动平仓
   持仓ID: 未知

📊 状态对比:
   变动前:
     持仓数量: 10829.000000
     建仓价格: 0.005300
     当前价格: 0.0050040
     未实现盈亏: 0
   变动后:
     持仓数量: 0
     状态: 已平仓

✅ 执行成功
================================================================================

================================================================================
✅ 🔧 手动修改止盈止损 - BSVUSDT
================================================================================
时间: 2026-04-02 05:55:29 UTC
📋 操作详情:
   操作人: Web界面用户
   请求IP: 127.0.0.1
   持仓数量: 4.000000
   建仓价格: 14.210000
   新止盈价格: 13.000000
   新止损价格: 16.780000

📊 状态对比:
   变动前:
     止盈价格: 13.000000
     止损价格: 16.780000
   变动后:
     止盈价格: 13.000000
     止损价格: 16.780000

✅ 执行成功
================================================================================

================================================================================
✅ 🔄 动态止盈调整 - IRYSUSDT
================================================================================
时间: 2026-04-02 06:05:09 UTC
📋 操作详情:
   触发类型: 2小时动态止盈
   判断结果: 中等币
   时长: 2.0小时

📊 状态对比:
   变动前:
     止盈百分比: 32.979275
     止盈价格: 0.012290
   变动后:
     止盈百分比: 21.000000
     止盈价格: 0.014487

✅ 执行成功
================================================================================

================================================================================
✅ 🔧 手动修改止盈止损 - BSVUSDT
================================================================================
时间: 2026-04-02 06:23:07 UTC
📋 操作详情:
   操作人: Web界面用户
   请求IP: 127.0.0.1
   持仓数量: 4.000000
   建仓价格: 14.210000
   新止盈价格: 13.800000
   新止损价格: 16.780000

📊 状态对比:
   变动前:
     止盈价格: 13.800000
     止损价格: 16.780000
   变动后:
     止盈价格: 13.800000
     止损价格: 16.780000

✅ 执行成功
================================================================================

================================================================================
✅ 🔧 手动修改止盈止损 - BSVUSDT
================================================================================
时间: 2026-04-02 06:23:09 UTC
📋 操作详情:
   操作人: Web界面用户
   请求IP: 127.0.0.1
   持仓数量: 4.000000
   建仓价格: 14.210000
   新止盈价格: 13.800000
   新止损价格: 16.780000

📊 状态对比:
   变动前:
     止盈价格: 13.800000
     止损价格: 16.780000
   变动后:
     止盈价格: 13.800000
     止损价格: 16.780000

✅ 执行成功
================================================================================

================================================================================
✅ 💰 手动平仓 - VTHOUSDT
================================================================================
时间: 2026-04-02 06:54:27 UTC
📋 操作详情:
   平仓原因: 手动平仓
   持仓时长: 5.8小时
   成交价格: 0.000553
   盈亏比例: 2.43%
   盈亏金额: 1.398409

📊 状态对比:
   变动前:
     持仓数量: 101334.000000
     建仓价格: 0.000567
     当前价格: 0.0005530
     未实现盈亏: 0
     持仓时长: 5.792431
   变动后:
     持仓数量: 0
     状态: 已平仓
     平仓价格: 0.000553
     盈亏金额: 1.398409
     盈亏比例: 0.024343

✅ 执行成功
================================================================================

================================================================================
✅ 💰 手动平仓 - VTHOUSDT
================================================================================
时间: 2026-04-02 06:54:28 UTC
📋 操作详情:
   操作人: Web界面用户
   请求IP: 127.0.0.1
   平仓原因: 手动平仓
   持仓ID: 未知

📊 状态对比:
   变动前:
     持仓数量: 101334.000000
     建仓价格: 0.000567
     当前价格: 0.0005530
     未实现盈亏: 0
   变动后:
     持仓数量: 0
     状态: 已平仓

✅ 执行成功
================================================================================

================================================================================
✅ 🔄 动态止盈调整 - RONINUSDT
================================================================================
时间: 2026-04-02 07:04:32 UTC
📋 操作详情:
   触发类型: 2小时动态止盈
   判断结果: 中等币
   时长: 2.0小时

📊 状态对比:
   变动前:
     止盈百分比: 32.865497
     止盈价格: 0.057400
   变动后:
     止盈百分比: 21.000000
     止盈价格: 0.067545

✅ 执行成功
================================================================================

================================================================================
✅ 💰 手动平仓 - CTSIUSDT
================================================================================
时间: 2026-04-02 08:52:00 UTC
📋 操作详情:
   平仓原因: 手动平仓
   持仓时长: 1.8小时
   成交价格: 0.024600
   盈亏比例: 1.99%
   盈亏金额: 1.156415

📊 状态对比:
   变动前:
     持仓数量: 2312
     建仓价格: 0.025100
     当前价格: 0.0245
     未实现盈亏: 0
     持仓时长: 1.808339
   变动后:
     持仓数量: 0
     状态: 已平仓
     平仓价格: 0.024600
     盈亏金额: 1.156415
     盈亏比例: 0.019920

✅ 执行成功
================================================================================

================================================================================
✅ 💰 手动平仓 - CTSIUSDT
================================================================================
时间: 2026-04-02 08:52:01 UTC
📋 操作详情:
   操作人: Web界面用户
   请求IP: 127.0.0.1
   平仓原因: 手动平仓
   持仓ID: 47a5b44f

📊 状态对比:
   变动前:
     持仓数量: 2312
     建仓价格: 0.025100
     当前价格: 0.0245
     未实现盈亏: 0
   变动后:
     持仓数量: 0
     状态: 已平仓

✅ 执行成功
================================================================================

================================================================================
✅ 🔄 动态止盈调整 - CARVUSDT
================================================================================
时间: 2026-04-02 09:03:42 UTC
📋 操作详情:
   触发类型: 2小时动态止盈
   判断结果: 中等币
   时长: 2.0小时

📊 状态对比:
   变动前:
     止盈百分比: 33.003300
     止盈价格: 0.036540
   变动后:
     止盈百分比: 21.000000
     止盈价格: 0.043087

✅ 执行成功
================================================================================

================================================================================
✅ 🔄 动态止盈调整 - NXPCUSDT
================================================================================
时间: 2026-04-02 10:03:09 UTC
📋 操作详情:
   触发类型: 2小时动态止盈
   判断结果: 中等币
   时长: 2.0小时

📊 状态对比:
   变动前:
     止盈百分比: 32.999642
     止盈价格: 0.187400
   变动后:
     止盈百分比: 21.000000
     止盈价格: 0.220963

✅ 执行成功
================================================================================

================================================================================
✅ 💰 手动平仓 - RONINUSDT
================================================================================
时间: 2026-04-02 12:53:06 UTC
📋 操作详情:
   平仓原因: 手动平仓
   持仓时长: 7.8小时
   成交价格: 0.083400
   盈亏比例: 2.46%
   盈亏金额: 1.407630

📊 状态对比:
   变动前:
     持仓数量: 670.300000
     建仓价格: 0.085500
     当前价格: 0.083400
     未实现盈亏: 0
     持仓时长: 7.813394
   变动后:
     持仓数量: 0
     状态: 已平仓
     平仓价格: 0.083400
     盈亏金额: 1.407630
     盈亏比例: 0.024561

✅ 执行成功
================================================================================

================================================================================
✅ 💰 手动平仓 - RONINUSDT
================================================================================
时间: 2026-04-02 12:53:07 UTC
📋 操作详情:
   操作人: Web界面用户
   请求IP: 127.0.0.1
   平仓原因: 手动平仓
   持仓ID: 未知

📊 状态对比:
   变动前:
     持仓数量: 670.300000
     建仓价格: 0.085500
     当前价格: 0.083400
     未实现盈亏: 0
   变动后:
     持仓数量: 0
     状态: 已平仓

✅ 执行成功
================================================================================

================================================================================
✅ 💰 手动平仓 - CVCUSDT
================================================================================
时间: 2026-04-02 12:53:35 UTC
📋 操作详情:
   平仓原因: 手动平仓
   持仓时长: 11.8小时
   成交价格: 0.028600
   盈亏比例: 2.69%
   盈亏金额: 1.544450

📊 状态对比:
   变动前:
     持仓数量: 1955.000000
     建仓价格: 0.029390
     当前价格: 0.0286000
     未实现盈亏: 0
     持仓时长: 11.774790
   变动后:
     持仓数量: 0
     状态: 已平仓
     平仓价格: 0.028600
     盈亏金额: 1.544450
     盈亏比例: 0.026880

✅ 执行成功
================================================================================

================================================================================
✅ 💰 手动平仓 - CVCUSDT
================================================================================
时间: 2026-04-02 12:53:36 UTC
📋 操作详情:
   操作人: Web界面用户
   请求IP: 127.0.0.1
   平仓原因: 手动平仓
   持仓ID: 未知

📊 状态对比:
   变动前:
     持仓数量: 1955.000000
     建仓价格: 0.029390
     当前价格: 0.0286000
     未实现盈亏: 0
   变动后:
     持仓数量: 0
     状态: 已平仓

✅ 执行成功
================================================================================

================================================================================
✅ 🤖 自动平仓 - TAGUSDT
================================================================================
时间: 2026-04-02 13:07:13 UTC
📋 操作详情:
   平仓原因: 12h及早止损
   持仓时长: 12.0小时
   成交价格: 0.000726
   盈亏比例: -6.45%
   盈亏金额: -3.705169

📊 状态对比:
   变动前:
     持仓数量: 84150.000000
     建仓价格: 0.000682
     当前价格: 0.0007262
     未实现盈亏: 0
     持仓时长: 12.000630
   变动后:
     持仓数量: 0
     状态: 已平仓
     平仓价格: 0.000726
     盈亏金额: -3.705169
     盈亏比例: -0.064526

✅ 执行成功
================================================================================

================================================================================
✅ 🔄 动态止盈调整 - BSVUSDT
================================================================================
时间: 2026-04-02 13:07:17 UTC
📋 操作详情:
   触发类型: 12小时动态止盈
   判断结果: 中等币
   连续确认: True
   时长: 12.0小时

📊 状态对比:
   变动前:
     止盈百分比: 2.885292
     止盈价格: 13.800000
   变动后:
     止盈百分比: 21.000000
     止盈价格: 11.225900

✅ 执行成功
================================================================================

================================================================================
✅ 🔄 动态止盈调整 - CTSIUSDT
================================================================================
时间: 2026-04-02 14:03:40 UTC
📋 操作详情:
   触发类型: 2小时动态止盈
   判断结果: 中等币
   时长: 2.0小时

📊 状态对比:
   变动前:
     止盈百分比: 33.076923
     止盈价格: 0.017400
   变动后:
     止盈百分比: 21.000000
     止盈价格: 0.020540

✅ 执行成功
================================================================================

================================================================================
✅ 🔄 动态止盈调整 - ATUSDT
================================================================================
时间: 2026-04-02 15:04:50 UTC
📋 操作详情:
   触发类型: 12小时动态止盈
   判断结果: 弱势币
   连续确认: False
   时长: 12.0小时

📊 状态对比:
   变动前:
     止盈百分比: 21.002931
     止盈价格: 0.122620
   变动后:
     止盈百分比: 11.000000
     止盈价格: 0.138147

✅ 执行成功
================================================================================

================================================================================
✅ 🔄 动态止盈调整 - AERGOUSDT
================================================================================
时间: 2026-04-02 15:04:53 UTC
📋 操作详情:
   触发类型: 12小时动态止盈
   判断结果: 弱势币
   连续确认: False
   时长: 12.0小时

📊 状态对比:
   变动前:
     止盈百分比: 21.003788
     止盈价格: 0.041710
   变动后:
     止盈百分比: 11.000000
     止盈价格: 0.046992

✅ 执行成功
================================================================================

================================================================================
✅ 🤖 自动平仓 - IRYSUSDT
================================================================================
时间: 2026-04-02 16:04:50 UTC
📋 操作详情:
   平仓原因: 12h及早止损
   持仓时长: 12.0小时
   成交价格: 0.019330
   盈亏比例: -5.41%
   盈亏金额: -3.103200

📊 状态对比:
   变动前:
     持仓数量: 3127.000000
     建仓价格: 0.018338
     当前价格: 0.0193100
     未实现盈亏: 0
     持仓时长: 12.001363
   变动后:
     持仓数量: 0
     状态: 已平仓
     平仓价格: 0.019330
     盈亏金额: -3.103200
     盈亏比例: -0.054118

✅ 执行成功
================================================================================

================================================================================
✅ 🔄 动态止盈调整 - CARVUSDT
================================================================================
时间: 2026-04-02 19:03:40 UTC
📋 操作详情:
   触发类型: 12小时动态止盈
   判断结果: 弱势币
   连续确认: False
   时长: 12.0小时

📊 状态对比:
   变动前:
     止盈百分比: 20.834099
     止盈价格: 0.043090
   变动后:
     止盈百分比: 11.000000
     止盈价格: 0.048443

✅ 执行成功
================================================================================

================================================================================
✅ 🔄 动态止盈调整 - NXPCUSDT
================================================================================
时间: 2026-04-02 20:03:12 UTC
📋 操作详情:
   触发类型: 12小时动态止盈
   判断结果: 弱势币
   连续确认: False
   时长: 12.0小时

📊 状态对比:
   变动前:
     止盈百分比: 20.986772
     止盈价格: 0.221000
   变动后:
     止盈百分比: 11.000000
     止盈价格: 0.248933

✅ 执行成功
================================================================================

================================================================================
✅ 🔄 动态止盈调整 - SAPIENUSDT
================================================================================
时间: 2026-04-03 06:13:23 UTC
📋 操作详情:
   触发类型: 2小时动态止盈
   判断结果: 中等币
   时长: 2.2小时

📊 状态对比:
   变动前:
     止盈百分比: 33.119434
     止盈价格: 0.051070
   变动后:
     止盈百分比: 21.000000
     止盈价格: 0.060324

✅ 执行成功
================================================================================

================================================================================
✅ 🔄 动态止盈调整 - MASKUSDT
================================================================================
时间: 2026-04-03 06:13:35 UTC
📋 操作详情:
   触发类型: 2小时动态止盈
   判断结果: 中等币
   时长: 2.2小时

📊 状态对比:
   变动前:
     止盈百分比: 32.975756
     止盈价格: 0.312400
   变动后:
     止盈百分比: 21.000000
     止盈价格: 0.368219

✅ 执行成功
================================================================================
2026-04-03 21:03:34,268 - INFO - [仓位变动] type=动态止盈调整 symbol=METUSDT success=True utc=2026-04-03 13:03:34 UTC
2026-04-03 21:03:34,268 - INFO - [仓位变动] detail 触发类型=12小时动态止盈
2026-04-03 21:03:34,268 - INFO - [仓位变动] detail 判断结果=弱势币
2026-04-03 21:03:34,268 - INFO - [仓位变动] detail 连续确认=False
2026-04-03 21:03:34,268 - INFO - [仓位变动] detail 时长=12.0小时
2026-04-03 21:03:34,268 - INFO - [仓位变动] before 止盈百分比=32.951945
2026-04-03 21:03:34,268 - INFO - [仓位变动] before 止盈价格=0.087900
2026-04-03 21:03:34,268 - INFO - [仓位变动] after 止盈百分比=11.000000
2026-04-03 21:03:34,268 - INFO - [仓位变动] after 止盈价格=0.116679
2026-04-03 21:03:39,232 - INFO - [仓位变动] type=动态止盈调整 symbol=ZETAUSDT success=True utc=2026-04-03 13:03:39 UTC
2026-04-03 21:03:39,232 - INFO - [仓位变动] detail 触发类型=12小时动态止盈
2026-04-03 21:03:39,232 - INFO - [仓位变动] detail 判断结果=弱势币
2026-04-03 21:03:39,232 - INFO - [仓位变动] detail 连续确认=False
2026-04-03 21:03:39,232 - INFO - [仓位变动] detail 时长=12.0小时
2026-04-03 21:03:39,232 - INFO - [仓位变动] before 止盈百分比=32.960654
2026-04-03 21:03:39,232 - INFO - [仓位变动] before 止盈价格=0.031180
2026-04-03 21:03:39,232 - INFO - [仓位变动] after 止盈百分比=11.000000
2026-04-03 21:03:39,232 - INFO - [仓位变动] after 止盈价格=0.041394
2026-04-03 21:03:46,411 - INFO - [仓位变动] type=动态止盈调整 symbol=DOODUSDT success=True utc=2026-04-03 13:03:46 UTC
2026-04-03 21:03:46,411 - INFO - [仓位变动] detail 触发类型=12小时动态止盈
2026-04-03 21:03:46,411 - INFO - [仓位变动] detail 判断结果=弱势币
2026-04-03 21:03:46,411 - INFO - [仓位变动] detail 连续确认=False
2026-04-03 21:03:46,411 - INFO - [仓位变动] detail 时长=12.0小时
2026-04-03 21:03:46,411 - INFO - [仓位变动] before 止盈百分比=32.965468
2026-04-03 21:03:46,411 - INFO - [仓位变动] before 止盈价格=0.001883
2026-04-03 21:03:46,411 - INFO - [仓位变动] after 止盈百分比=11.000000
2026-04-03 21:03:46,411 - INFO - [仓位变动] after 止盈价格=0.002500
2026-04-03 21:32:53,742 - INFO - [仓位变动] type=手动平仓 symbol=SAPIENUSDT success=True utc=2026-04-03 13:32:53 UTC
2026-04-03 21:32:53,742 - INFO - [仓位变动] detail 平仓原因=手动平仓
2026-04-03 21:32:53,742 - INFO - [仓位变动] detail 持仓时长=9.5小时
2026-04-03 21:32:53,742 - INFO - [仓位变动] detail 成交价格=0.072870
2026-04-03 21:32:53,742 - INFO - [仓位变动] detail 盈亏比例=4.57%
2026-04-03 21:32:53,742 - INFO - [仓位变动] detail 盈亏金额=2.491860
2026-04-03 21:32:53,742 - INFO - [仓位变动] before 持仓数量=714.000000
2026-04-03 21:32:53,742 - INFO - [仓位变动] before 建仓价格=0.076360
2026-04-03 21:32:53,742 - INFO - [仓位变动] before 当前价格=0.0728800
2026-04-03 21:32:53,742 - INFO - [仓位变动] before 未实现盈亏=0
2026-04-03 21:32:53,742 - INFO - [仓位变动] before 持仓时长=9.492919
2026-04-03 21:32:53,742 - INFO - [仓位变动] after 持仓数量=0
2026-04-03 21:32:53,742 - INFO - [仓位变动] after 状态=已平仓
2026-04-03 21:32:53,742 - INFO - [仓位变动] after 平仓价格=0.072870
2026-04-03 21:32:53,742 - INFO - [仓位变动] after 盈亏金额=2.491860
2026-04-03 21:32:53,742 - INFO - [仓位变动] after 盈亏比例=0.045705
2026-04-03 21:32:54,423 - INFO - [仓位变动] type=手动平仓 symbol=SAPIENUSDT success=True utc=2026-04-03 13:32:54 UTC
2026-04-03 21:32:54,423 - INFO - [仓位变动] detail 操作人=Web界面用户
2026-04-03 21:32:54,423 - INFO - [仓位变动] detail 请求IP=127.0.0.1
2026-04-03 21:32:54,423 - INFO - [仓位变动] detail 平仓原因=手动平仓
2026-04-03 21:32:54,423 - INFO - [仓位变动] detail 持仓ID=未知
2026-04-03 21:32:54,423 - INFO - [仓位变动] before 持仓数量=714.000000
2026-04-03 21:32:54,423 - INFO - [仓位变动] before 建仓价格=0.076360
2026-04-03 21:32:54,423 - INFO - [仓位变动] before 当前价格=0.0728800
2026-04-03 21:32:54,423 - INFO - [仓位变动] before 未实现盈亏=0
2026-04-03 21:32:54,423 - INFO - [仓位变动] after 持仓数量=0
2026-04-03 21:32:54,423 - INFO - [仓位变动] after 状态=已平仓
2026-04-03 21:33:02,583 - INFO - [仓位变动] type=手动平仓 symbol=MASKUSDT success=True utc=2026-04-03 13:33:02 UTC
2026-04-03 21:33:02,583 - INFO - [仓位变动] detail 平仓原因=手动平仓
2026-04-03 21:33:02,583 - INFO - [仓位变动] detail 持仓时长=9.5小时
2026-04-03 21:33:02,583 - INFO - [仓位变动] detail 成交价格=0.436700
2026-04-03 21:33:02,583 - INFO - [仓位变动] detail 盈亏比例=6.31%
2026-04-03 21:33:02,583 - INFO - [仓位变动] detail 盈亏金额=3.410400
2026-04-03 21:33:02,583 - INFO - [仓位变动] before 持仓数量=116.000000
2026-04-03 21:33:02,583 - INFO - [仓位变动] before 建仓价格=0.466100
2026-04-03 21:33:02,583 - INFO - [仓位变动] before 当前价格=0.4362
2026-04-03 21:33:02,583 - INFO - [仓位变动] before 未实现盈亏=0
2026-04-03 21:33:02,583 - INFO - [仓位变动] before 持仓时长=9.496083
2026-04-03 21:33:02,583 - INFO - [仓位变动] after 持仓数量=0
2026-04-03 21:33:02,583 - INFO - [仓位变动] after 状态=已平仓
2026-04-03 21:33:02,583 - INFO - [仓位变动] after 平仓价格=0.436700
2026-04-03 21:33:02,583 - INFO - [仓位变动] after 盈亏金额=3.410400
2026-04-03 21:33:02,583 - INFO - [仓位变动] after 盈亏比例=0.063077
2026-04-03 21:33:03,249 - INFO - [仓位变动] type=手动平仓 symbol=MASKUSDT success=True utc=2026-04-03 13:33:03 UTC
2026-04-03 21:33:03,249 - INFO - [仓位变动] detail 操作人=Web界面用户
2026-04-03 21:33:03,249 - INFO - [仓位变动] detail 请求IP=127.0.0.1
2026-04-03 21:33:03,249 - INFO - [仓位变动] detail 平仓原因=手动平仓
2026-04-03 21:33:03,249 - INFO - [仓位变动] detail 持仓ID=未知
2026-04-03 21:33:03,249 - INFO - [仓位变动] before 持仓数量=116.000000
2026-04-03 21:33:03,249 - INFO - [仓位变动] before 建仓价格=0.466100
2026-04-03 21:33:03,249 - INFO - [仓位变动] before 当前价格=0.4362
2026-04-03 21:33:03,249 - INFO - [仓位变动] before 未实现盈亏=0
2026-04-03 21:33:03,249 - INFO - [仓位变动] after 持仓数量=0
2026-04-03 21:33:03,249 - INFO - [仓位变动] after 状态=已平仓
